

******** <class 'pyscf.df.df_jk.density_fit.<locals>.DensityFitting'> ********
method = DensityFitting-RHF
initial guess = minao
damping factor = 0
level_shift factor = 0
DIIS = <class 'pyscf.scf.diis.CDIIS'>
diis_start_cycle = 1
diis_space = 8
SCF conv_tol = 1e-09
SCF conv_tol_grad = None
SCF max_cycles = 50
direct_scf = True
direct_scf_tol = 1e-13
chkfile to save SCF result = /scratch/summit/joku8258/cbd/tmpleutyftl
max_memory 4000 MB (current use 71 MB)
Set gradient conv threshold to 3.16228e-05
******** <class 'pyscf.df.df.DF'> ********
auxbasis = None
max_memory = 4000
_cderi_to_save = /scratch/summit/joku8258/cbd/tmpqwxdgxox
Default auxbasis cc-pvdz-jkfit is used for H cc-pvdz
Default auxbasis cc-pvdz-jkfit is used for O cc-pvdz
init E= -151.748572442519
  HOMO = -0.477084982132794  LUMO = 0.0790848106374069
cycle= 1 E= -151.992406725414  delta_E= -0.244  |g|= 0.602  |ddm|= 1.84
  HOMO = -0.375259607279102  LUMO = 0.162231585691656
cycle= 2 E= -152.047011302178  delta_E= -0.0546  |g|= 0.297  |ddm|= 0.498
  HOMO = -0.467295468503355  LUMO = 0.158296548371244
cycle= 3 E= -152.062085600472  delta_E= -0.0151  |g|= 0.0377  |ddm|= 0.177
  HOMO = -0.460496487070284  LUMO = 0.163702889467542
cycle= 4 E= -152.062458994367  delta_E= -0.000373  |g|= 0.00824  |ddm|= 0.0277
  HOMO = -0.461922852179615  LUMO = 0.163908238114268
cycle= 5 E= -152.062489578684  delta_E= -3.06e-05  |g|= 0.00151  |ddm|= 0.0108
  HOMO = -0.462472139233179  LUMO = 0.163902398442801
cycle= 6 E= -152.062490525436  delta_E= -9.47e-07  |g|= 0.000679  |ddm|= 0.00198
  HOMO = -0.462365929066466  LUMO = 0.163873144450533
cycle= 7 E= -152.062490640663  delta_E= -1.15e-07  |g|= 0.000116  |ddm|= 0.000588
  HOMO = -0.462398758253762  LUMO = 0.163879991649433
cycle= 8 E= -152.062490646854  delta_E= -6.19e-09  |g|= 1.06e-05  |ddm|= 0.000191
  HOMO = -0.462398105193129  LUMO = 0.163879975798101
cycle= 9 E= -152.062490646921  delta_E= -6.75e-11  |g|= 3.39e-06  |ddm|= 1.79e-05
  HOMO = -0.46239791738309  LUMO = 0.163880104626947
Extra cycle  E= -152.062490646928  delta_E= -6.68e-12  |g|= 1.53e-06  |ddm|= 4.9e-06
converged SCF energy = -152.062490646928

******** <class 'pyscf.mp.dfmp2.DFMP2'> ********
nocc = 8, nmo = 46
frozen orbitals 2
max_memory 4000 MB (current use 92 MB)
E(DFMP2) = -152.468589630778  E_corr = -0.406098983849807

******** <class 'pyscf.cc.dfccsd.RCCSD'> ********
CC2 = 0
CCSD nocc = 8, nmo = 46
frozen orbitals 2
max_cycle = 50
direct = 0
conv_tol = 1e-07
conv_tol_normt = 1e-05
diis_space = 6
diis_start_cycle = 0
diis_start_energy_diff = 1e+09
max_memory 4000 MB (current use 103 MB)
Init t2, MP2 energy = -152.468589637594  E_corr(MP2) -0.406098990666062
    CPU time for init mp2      0.00 sec, wall time      0.00 sec
Init E_corr(CCSD) = -0.406098990667145
cycle = 1  E_corr(CCSD) = -0.415660240743878  dE = -0.00956125008  norm(t1,t2) = 0.0318377
    CPU time for CCSD iter      0.27 sec, wall time      0.27 sec
cycle = 2  E_corr(CCSD) = -0.422308202405191  dE = -0.00664796166  norm(t1,t2) = 0.0104712
    CPU time for CCSD iter      0.26 sec, wall time      0.26 sec
cycle = 3  E_corr(CCSD) = -0.424221803096713  dE = -0.00191360069  norm(t1,t2) = 0.00410778
    CPU time for CCSD iter      0.26 sec, wall time      0.26 sec
cycle = 4  E_corr(CCSD) = -0.424651132554169  dE = -0.000429329457  norm(t1,t2) = 0.000990323
    CPU time for CCSD iter      0.26 sec, wall time      0.26 sec
cycle = 5  E_corr(CCSD) = -0.424630569287512  dE = 2.05632667e-05  norm(t1,t2) = 0.000272472
    CPU time for CCSD iter      0.26 sec, wall time      0.26 sec
cycle = 6  E_corr(CCSD) = -0.424618589358144  dE = 1.19799294e-05  norm(t1,t2) = 8.56129e-05
    CPU time for CCSD iter      0.26 sec, wall time      0.26 sec
cycle = 7  E_corr(CCSD) = -0.424618594448202  dE = -5.09005782e-09  norm(t1,t2) = 3.72879e-05
    CPU time for CCSD iter      0.26 sec, wall time      0.26 sec
cycle = 8  E_corr(CCSD) = -0.424619919746233  dE = -1.32529803e-06  norm(t1,t2) = 1.29161e-05
    CPU time for CCSD iter      0.28 sec, wall time      0.28 sec
cycle = 9  E_corr(CCSD) = -0.424619434759315  dE = 4.84986918e-07  norm(t1,t2) = 4.44845e-06
    CPU time for CCSD iter      0.28 sec, wall time      0.28 sec
cycle = 10  E_corr(CCSD) = -0.424619403939307  dE = 3.08200079e-08  norm(t1,t2) = 1.47199e-06
    CPU time for CCSD iter      0.27 sec, wall time      0.28 sec
    CPU time for CCSD      2.66 sec, wall time      2.69 sec
RCCSD converged
E(RCCSD) = -152.4871100508675  E_corr = -0.4246194039393067
CCSD(T) correction = -0.00643879006916963

******** <class '__main__.LNOCCSD'> ********
nocc = 8, nmo = 46
frozen orbitals 2
max_memory 4000 MB (current use 130 MB)
thresh_occ = 1.000000e-03
thresh_vir = 1.000000e-04
force_outcore_ao2mo = True
no_type = ie
Constructing LOs
lo_type = iao
LOs span occupied space plus some virtual space.
Using single-LO fragment
nfrag = 14  nlo = 14
frag_atmlist = None
frag_lolist = [[0], [1], [2], [3], [4], [5], [6], [7], [8], [9], [10], [11], [12], [13]]
frag_wghtlist = [1. 1. 1. 1. 1. 1. 1. 1. 1. 1. 1. 1. 1. 1.]
frag_nonvlist = None
    CPU time for LO and fragment        0.15 sec, wall time      0.43 sec
ao2mo est mem= 1.08 MB  avail mem= 3862.96 MB
Lov is saved to /scratch/summit/joku8258/cbd/tmpo0t5p0hh
    CPU time for transforming DF-MP2 integrals      0.00 sec, wall time      0.00 sec
    CPU time for Integral xform         0.01 sec, wall time      0.01 sec
    CPU time for make pno               0.00 sec, wall time      0.00 sec
    impsol:  1 LOs  15/48 MOs  4 occ  11 vir
    CPU time for imp sol                0.12 sec, wall time      0.18 sec
    CPU time for Fragment 1             0.12 sec, wall time      0.18 sec
Fragment 1  E_corr(MP2) = -1.56421712050911e-05  E_corr(CCSD) = -1.69046626780138e-05  E_corr(CCSD(T)) = -9.79730379460182e-08
    CPU time for make pno               0.00 sec, wall time      0.00 sec
    impsol:  1 LOs  14/48 MOs  4 occ  10 vir
    CPU time for imp sol                0.11 sec, wall time      0.14 sec
    CPU time for Fragment 2             0.11 sec, wall time      0.15 sec
Fragment 2  E_corr(MP2) = -0.0239723644145001  E_corr(CCSD) = -0.0258963164998672  E_corr(CCSD(T)) = -0.000172008400639299
    CPU time for make pno               0.00 sec, wall time      0.00 sec
    impsol:  1 LOs  17/48 MOs  4 occ  13 vir
    CPU time for imp sol                0.13 sec, wall time      0.16 sec
    CPU time for Fragment 3             0.13 sec, wall time      0.16 sec
Fragment 3  E_corr(MP2) = -0.0413716432741228  E_corr(CCSD) = -0.043286356375202  E_corr(CCSD(T)) = -0.000516508949118216
    CPU time for make pno               0.00 sec, wall time      0.00 sec
    impsol:  1 LOs  16/48 MOs  4 occ  12 vir
    CPU time for imp sol                0.14 sec, wall time      0.18 sec
    CPU time for Fragment 4             0.14 sec, wall time      0.18 sec
Fragment 4  E_corr(MP2) = -0.044759766078696  E_corr(CCSD) = -0.0468793629465533  E_corr(CCSD(T)) = -0.000440674225264303
    CPU time for make pno               0.00 sec, wall time      0.00 sec
    impsol:  1 LOs  14/48 MOs  4 occ  10 vir
    CPU time for imp sol                0.12 sec, wall time      0.16 sec
    CPU time for Fragment 5             0.13 sec, wall time      0.16 sec
Fragment 5  E_corr(MP2) = -0.05173288098044  E_corr(CCSD) = -0.0531401441485735  E_corr(CCSD(T)) = -8.73547864619511e-05
    CPU time for make pno               0.00 sec, wall time      0.00 sec
    impsol:  1 LOs  15/48 MOs  4 occ  11 vir
    CPU time for imp sol                0.14 sec, wall time      0.17 sec
    CPU time for Fragment 6             0.14 sec, wall time      0.18 sec
Fragment 6  E_corr(MP2) = -0.015882254086672  E_corr(CCSD) = -0.0170509093611211  E_corr(CCSD(T)) = -0.00016494851420392
    CPU time for make pno               0.00 sec, wall time      0.00 sec
    impsol:  1 LOs  16/48 MOs  4 occ  12 vir
    CPU time for imp sol                0.14 sec, wall time      0.17 sec
    CPU time for Fragment 7             0.14 sec, wall time      0.17 sec
Fragment 7  E_corr(MP2) = -0.01381903158433  E_corr(CCSD) = -0.0148161580067526  E_corr(CCSD(T)) = -0.000139793900178225
    CPU time for make pno               0.00 sec, wall time      0.00 sec
    impsol:  1 LOs  14/48 MOs  4 occ  10 vir
    CPU time for imp sol                0.11 sec, wall time      0.14 sec
    CPU time for Fragment 8             0.11 sec, wall time      0.14 sec
Fragment 8  E_corr(MP2) = -1.57726779715977e-05  E_corr(CCSD) = -1.69828282624935e-05  E_corr(CCSD(T)) = -7.65532689277069e-08
    CPU time for make pno               0.00 sec, wall time      0.00 sec
    impsol:  1 LOs  14/48 MOs  4 occ  10 vir
    CPU time for imp sol                0.13 sec, wall time      0.17 sec
    CPU time for Fragment 9             0.14 sec, wall time      0.17 sec
Fragment 9  E_corr(MP2) = -0.0241628296934943  E_corr(CCSD) = -0.0260488859786181  E_corr(CCSD(T)) = -0.00018772958031122
    CPU time for make pno               0.00 sec, wall time      0.00 sec
    impsol:  1 LOs  15/48 MOs  4 occ  11 vir
    CPU time for imp sol                0.14 sec, wall time      0.18 sec
    CPU time for Fragment 10            0.14 sec, wall time      0.18 sec
Fragment 10  E_corr(MP2) = -0.0497523898509328  E_corr(CCSD) = -0.0512506420132061  E_corr(CCSD(T)) = -0.000201734626091299
    CPU time for make pno               0.00 sec, wall time      0.00 sec
    impsol:  1 LOs  15/48 MOs  4 occ  11 vir
    CPU time for imp sol                0.14 sec, wall time      0.18 sec
    CPU time for Fragment 11            0.14 sec, wall time      0.18 sec
Fragment 11  E_corr(MP2) = -0.0480973938500181  E_corr(CCSD) = -0.0499708853319918  E_corr(CCSD(T)) = -0.000194734377733691
    CPU time for make pno               0.00 sec, wall time      0.00 sec
    impsol:  1 LOs  18/48 MOs  4 occ  14 vir
    CPU time for imp sol                0.14 sec, wall time      0.17 sec
    CPU time for Fragment 12            0.14 sec, wall time      0.18 sec
Fragment 12  E_corr(MP2) = -0.0391810549323424  E_corr(CCSD) = -0.0412629146674854  E_corr(CCSD(T)) = -0.000550123366207384
    CPU time for make pno               0.00 sec, wall time      0.00 sec
    impsol:  1 LOs  15/48 MOs  4 occ  11 vir
    CPU time for imp sol                0.14 sec, wall time      0.18 sec
    CPU time for Fragment 13            0.14 sec, wall time      0.18 sec
Fragment 13  E_corr(MP2) = -0.0153736624375222  E_corr(CCSD) = -0.0164611662982001  E_corr(CCSD(T)) = -0.000157363474044282
    CPU time for make pno               0.00 sec, wall time      0.00 sec
    impsol:  1 LOs  15/48 MOs  4 occ  11 vir
    CPU time for imp sol                0.14 sec, wall time      0.18 sec
    CPU time for Fragment 14            0.14 sec, wall time      0.18 sec
Fragment 14  E_corr(MP2) = -0.0153736624369677  E_corr(CCSD) = -0.016461166297791  E_corr(CCSD(T)) = -0.000157363474072642
    CPU time for LNOCCSD                1.90 sec, wall time      2.40 sec
E(LNOMP2) = -152.446000995397  E_corr = -0.383510348469215
E(LNOCCSD) = -152.465049442344  E_corr = -0.402558795416303
E(LNOCCSD_T) = -152.065461159129  E_corr = -0.0029705122006333
thresh = 1e-04  E_corr(CCSD)     = -0.4025587954  rel =  94.80%  diff =  0.0220606085
                E_corr(CCSD+PT2) = -0.4251474308  rel = 100.12%  diff = -0.0005280269
                E_corr(CCSD_T)   = -0.0029705122  rel =  46.13%  diff =  0.0034682779
