

******** <class 'pyscf.df.df_jk.density_fit.<locals>.DensityFitting'> ********
method = DensityFitting-RHF
initial guess = minao
damping factor = 0
level_shift factor = 0
DIIS = <class 'pyscf.scf.diis.CDIIS'>
diis_start_cycle = 1
diis_space = 8
SCF conv_tol = 1e-09
SCF conv_tol_grad = None
SCF max_cycles = 50
direct_scf = True
direct_scf_tol = 1e-13
chkfile to save SCF result = /scratch/summit/joku8258/cbd/tmpctwzd7qp
max_memory 4000 MB (current use 73 MB)
Set gradient conv threshold to 3.16228e-05
******** <class 'pyscf.df.df.DF'> ********
auxbasis = None
max_memory = 4000
_cderi_to_save = /scratch/summit/joku8258/cbd/tmpu542njp_
Default auxbasis cc-pvdz-jkfit is used for O cc-pvdz
Default auxbasis cc-pvdz-jkfit is used for H cc-pvdz
init E= -151.748572442519
  HOMO = -0.477084982132794  LUMO = 0.0790848106374069
cycle= 1 E= -151.992406725414  delta_E= -0.244  |g|= 0.602  |ddm|= 1.84
  HOMO = -0.375259607279102  LUMO = 0.162231585691656
cycle= 2 E= -152.047011302178  delta_E= -0.0546  |g|= 0.297  |ddm|= 0.498
  HOMO = -0.467295468503355  LUMO = 0.158296548371244
cycle= 3 E= -152.062085600472  delta_E= -0.0151  |g|= 0.0377  |ddm|= 0.177
  HOMO = -0.460496487070284  LUMO = 0.163702889467542
cycle= 4 E= -152.062458994367  delta_E= -0.000373  |g|= 0.00824  |ddm|= 0.0277
  HOMO = -0.461922852179615  LUMO = 0.163908238114268
cycle= 5 E= -152.062489578684  delta_E= -3.06e-05  |g|= 0.00151  |ddm|= 0.0108
  HOMO = -0.462472139233179  LUMO = 0.163902398442801
cycle= 6 E= -152.062490525436  delta_E= -9.47e-07  |g|= 0.000679  |ddm|= 0.00198
  HOMO = -0.462365929066466  LUMO = 0.163873144450533
cycle= 7 E= -152.062490640663  delta_E= -1.15e-07  |g|= 0.000116  |ddm|= 0.000588
  HOMO = -0.462398758253762  LUMO = 0.163879991649433
cycle= 8 E= -152.062490646854  delta_E= -6.19e-09  |g|= 1.06e-05  |ddm|= 0.000191
  HOMO = -0.462398105193129  LUMO = 0.163879975798101
cycle= 9 E= -152.062490646921  delta_E= -6.75e-11  |g|= 3.39e-06  |ddm|= 1.79e-05
  HOMO = -0.46239791738309  LUMO = 0.163880104626947
Extra cycle  E= -152.062490646928  delta_E= -6.68e-12  |g|= 1.53e-06  |ddm|= 4.9e-06
converged SCF energy = -152.062490646928

******** <class 'pyscf.mp.dfmp2.DFMP2'> ********
nocc = 8, nmo = 46
frozen orbitals 2
max_memory 4000 MB (current use 96 MB)
E(DFMP2) = -152.468589630778  E_corr = -0.406098983849807

******** <class 'pyscf.cc.dfccsd.RCCSD'> ********
CC2 = 0
CCSD nocc = 8, nmo = 46
frozen orbitals 2
max_cycle = 50
direct = 0
conv_tol = 1e-07
conv_tol_normt = 1e-05
diis_space = 6
diis_start_cycle = 0
diis_start_energy_diff = 1e+09
max_memory 4000 MB (current use 109 MB)
Init t2, MP2 energy = -152.468589637594  E_corr(MP2) -0.406098990666062
    CPU time for init mp2      0.00 sec, wall time      0.00 sec
Init E_corr(CCSD) = -0.406098990667145
cycle = 1  E_corr(CCSD) = -0.415660240743878  dE = -0.00956125008  norm(t1,t2) = 0.0318377
    CPU time for CCSD iter      0.33 sec, wall time      0.33 sec
cycle = 2  E_corr(CCSD) = -0.422308202405191  dE = -0.00664796166  norm(t1,t2) = 0.0104712
    CPU time for CCSD iter      0.33 sec, wall time      0.33 sec
cycle = 3  E_corr(CCSD) = -0.424221803096713  dE = -0.00191360069  norm(t1,t2) = 0.00410778
    CPU time for CCSD iter      0.33 sec, wall time      0.33 sec
cycle = 4  E_corr(CCSD) = -0.424651132554169  dE = -0.000429329457  norm(t1,t2) = 0.000990323
    CPU time for CCSD iter      0.33 sec, wall time      0.33 sec
cycle = 5  E_corr(CCSD) = -0.424630569287512  dE = 2.05632667e-05  norm(t1,t2) = 0.000272472
    CPU time for CCSD iter      0.33 sec, wall time      0.33 sec
cycle = 6  E_corr(CCSD) = -0.424618589358144  dE = 1.19799294e-05  norm(t1,t2) = 8.56129e-05
    CPU time for CCSD iter      0.33 sec, wall time      0.34 sec
cycle = 7  E_corr(CCSD) = -0.424618594448202  dE = -5.09005782e-09  norm(t1,t2) = 3.72879e-05
    CPU time for CCSD iter      0.33 sec, wall time      0.34 sec
cycle = 8  E_corr(CCSD) = -0.424619919746233  dE = -1.32529803e-06  norm(t1,t2) = 1.29161e-05
    CPU time for CCSD iter      0.32 sec, wall time      0.33 sec
cycle = 9  E_corr(CCSD) = -0.424619434759315  dE = 4.84986918e-07  norm(t1,t2) = 4.44845e-06
    CPU time for CCSD iter      0.33 sec, wall time      0.33 sec
cycle = 10  E_corr(CCSD) = -0.424619403939307  dE = 3.08200079e-08  norm(t1,t2) = 1.47199e-06
    CPU time for CCSD iter      0.33 sec, wall time      0.33 sec
    CPU time for CCSD      3.27 sec, wall time      3.31 sec
RCCSD converged
E(RCCSD) = -152.4871100508675  E_corr = -0.4246194039393067
CCSD(T) correction = -0.00643879006916963

******** <class '__main__.LNOCCSD'> ********
nocc = 8, nmo = 46
frozen orbitals 2
max_memory 4000 MB (current use 134 MB)
thresh_occ = 1.000000e-03
thresh_vir = 1.000000e-04
force_outcore_ao2mo = True
no_type = ie
Constructing LOs
lo_type = ibo
 Iterative localization: IB/P4/2x2, 7 iter; Final gradient 7.19e-10
LOs span occupied space plus some virtual space.
Using single-LO fragment
nfrag = 10  nlo = 10
frag_atmlist = None
frag_lolist = [[0], [1], [2], [3], [4], [5], [6], [7], [8], [9]]
frag_wghtlist = [1. 1. 1. 1. 1. 1. 1. 1. 1. 1.]
frag_nonvlist = None
    CPU time for LO and fragment        0.28 sec, wall time      0.62 sec
ao2mo est mem= 1.08 MB  avail mem= 3858.64 MB
Lov is saved to /scratch/summit/joku8258/cbd/tmpof3oia0m
    CPU time for transforming DF-MP2 integrals      0.00 sec, wall time      0.01 sec
    CPU time for Integral xform         0.01 sec, wall time      0.02 sec
    CPU time for make pno               0.00 sec, wall time      0.00 sec
    impsol:  1 LOs  13/48 MOs  4 occ  9 vir
    CPU time for imp sol                0.15 sec, wall time      0.18 sec
    CPU time for Fragment 1             0.16 sec, wall time      0.19 sec
Fragment 1  E_corr(MP2) = -0.00123611856362591  E_corr(CCSD) = -0.001305530620282  E_corr(CCSD(T)) = -3.31748974384527e-06
    CPU time for make pno               0.00 sec, wall time      0.00 sec
    impsol:  1 LOs  13/48 MOs  4 occ  9 vir
    CPU time for imp sol                0.14 sec, wall time      0.16 sec
    CPU time for Fragment 2             0.15 sec, wall time      0.17 sec
Fragment 2  E_corr(MP2) = -0.000712196349622456  E_corr(CCSD) = -0.000763523420122639  E_corr(CCSD(T)) = -2.64857474528236e-06
    CPU time for make pno               0.00 sec, wall time      0.00 sec
    impsol:  1 LOs  15/48 MOs  4 occ  11 vir
    CPU time for imp sol                0.20 sec, wall time      0.22 sec
    CPU time for Fragment 3             0.20 sec, wall time      0.22 sec
Fragment 3  E_corr(MP2) = -0.0487920596994337  E_corr(CCSD) = -0.0521547485970822  E_corr(CCSD(T)) = -0.000584768451251233
    CPU time for make pno               0.00 sec, wall time      0.00 sec
    impsol:  1 LOs  13/48 MOs  4 occ  9 vir
    CPU time for imp sol                0.14 sec, wall time      0.16 sec
    CPU time for Fragment 4             0.15 sec, wall time      0.17 sec
Fragment 4  E_corr(MP2) = -0.0429775655767545  E_corr(CCSD) = -0.0449673727377647  E_corr(CCSD(T)) = -0.000133072066018113
    CPU time for make pno               0.00 sec, wall time      0.00 sec
    impsol:  1 LOs  15/48 MOs  4 occ  11 vir
    CPU time for imp sol                0.19 sec, wall time      0.22 sec
    CPU time for Fragment 5             0.20 sec, wall time      0.22 sec
Fragment 5  E_corr(MP2) = -0.0487920597004342  E_corr(CCSD) = -0.0521547485977702  E_corr(CCSD(T)) = -0.000584768451111031
    CPU time for make pno               0.00 sec, wall time      0.00 sec
    impsol:  1 LOs  15/48 MOs  4 occ  11 vir
    CPU time for imp sol                0.19 sec, wall time      0.22 sec
    CPU time for Fragment 6             0.20 sec, wall time      0.22 sec
Fragment 6  E_corr(MP2) = -0.0486003891808663  E_corr(CCSD) = -0.052097298744214  E_corr(CCSD(T)) = -0.000596919742334974
    CPU time for make pno               0.00 sec, wall time      0.00 sec
    impsol:  1 LOs  13/48 MOs  4 occ  9 vir
    CPU time for imp sol                0.16 sec, wall time      0.18 sec
    CPU time for Fragment 7             0.16 sec, wall time      0.18 sec
Fragment 7  E_corr(MP2) = -0.0467697465679885  E_corr(CCSD) = -0.048365012195538  E_corr(CCSD(T)) = -0.000104710950528208
    CPU time for make pno               0.00 sec, wall time      0.00 sec
    impsol:  1 LOs  14/48 MOs  4 occ  10 vir
    CPU time for imp sol                0.17 sec, wall time      0.19 sec
    CPU time for Fragment 8             0.17 sec, wall time      0.20 sec
Fragment 8  E_corr(MP2) = -0.0467438875437883  E_corr(CCSD) = -0.0501116362601662  E_corr(CCSD(T)) = -0.00045598927471389
    CPU time for make pno               0.00 sec, wall time      0.00 sec
    impsol:  1 LOs  13/48 MOs  4 occ  9 vir
    CPU time for imp sol                0.14 sec, wall time      0.16 sec
    CPU time for Fragment 9             0.14 sec, wall time      0.16 sec
Fragment 9  E_corr(MP2) = -0.0477742946273571  E_corr(CCSD) = -0.0493102122559549  E_corr(CCSD(T)) = -0.000134908867935432
    CPU time for make pno               0.00 sec, wall time      0.00 sec
    impsol:  1 LOs  13/48 MOs  4 occ  9 vir
    CPU time for imp sol                0.14 sec, wall time      0.16 sec
    CPU time for Fragment 10            0.15 sec, wall time      0.17 sec
Fragment 10  E_corr(MP2) = -0.0517338217553709  E_corr(CCSD) = -0.0531410055981027  E_corr(CCSD(T)) = -8.7224477129029e-05
    CPU time for LNOCCSD                1.68 sec, wall time      1.91 sec
E(LNOMP2) = -152.446622786493  E_corr = -0.384132139565242
E(LNOCCSD) = -152.466861735955  E_corr = -0.404371089026998
E(LNOCCSD_T) = -152.065178975274  E_corr = -0.00268832834551104
thresh = 1e-04  E_corr(CCSD)     = -0.4043710890  rel =  95.23%  diff =  0.0202483149
                E_corr(CCSD+PT2) = -0.4263379333  rel = 100.40%  diff = -0.0017185294
                E_corr(CCSD_T)   = -0.0026883283  rel =  41.75%  diff =  0.0037504617

******** <class '__main__.LNOCCSD'> ********
nocc = 8, nmo = 46
frozen orbitals 2
max_memory 4000 MB (current use 142 MB)
thresh_occ = 1.000000e-03
thresh_vir = 1.000000e-05
force_outcore_ao2mo = True
no_type = ie
Constructing LOs
lo_type = ibo
 Iterative localization: IB/P4/2x2, 7 iter; Final gradient 7.19e-10
LOs span occupied space plus some virtual space.
Using single-LO fragment
nfrag = 10  nlo = 10
frag_atmlist = None
frag_lolist = [[0], [1], [2], [3], [4], [5], [6], [7], [8], [9]]
frag_wghtlist = [1. 1. 1. 1. 1. 1. 1. 1. 1. 1.]
frag_nonvlist = None
    CPU time for LO and fragment        0.08 sec, wall time      0.08 sec
ao2mo est mem= 1.08 MB  avail mem= 3857.80 MB
Lov is saved to /scratch/summit/joku8258/cbd/tmperdufudc
    CPU time for transforming DF-MP2 integrals      0.00 sec, wall time      0.01 sec
    CPU time for Integral xform         0.01 sec, wall time      0.02 sec
    CPU time for make pno               0.00 sec, wall time      0.00 sec
    impsol:  1 LOs  21/48 MOs  4 occ  17 vir
    CPU time for imp sol                0.21 sec, wall time      0.23 sec
    CPU time for Fragment 1             0.22 sec, wall time      0.24 sec
Fragment 1  E_corr(MP2) = -0.00129787239914754  E_corr(CCSD) = -0.00136956958889364  E_corr(CCSD(T)) = -1.64905360069458e-05
    CPU time for make pno               0.00 sec, wall time      0.00 sec
    impsol:  1 LOs  21/48 MOs  4 occ  17 vir
    CPU time for imp sol                0.21 sec, wall time      0.24 sec
    CPU time for Fragment 2             0.22 sec, wall time      0.24 sec
Fragment 2  E_corr(MP2) = -0.000753132295857051  E_corr(CCSD) = -0.000809955274392132  E_corr(CCSD(T)) = -1.19201826345629e-05
    CPU time for make pno               0.00 sec, wall time      0.00 sec
    impsol:  1 LOs  21/48 MOs  4 occ  17 vir
    CPU time for imp sol                0.21 sec, wall time      0.24 sec
    CPU time for Fragment 3             0.22 sec, wall time      0.25 sec
Fragment 3  E_corr(MP2) = -0.0510625326972066  E_corr(CCSD) = -0.0540238144801486  E_corr(CCSD(T)) = -0.000905768622845826
    CPU time for make pno               0.00 sec, wall time      0.00 sec
    impsol:  1 LOs  21/48 MOs  4 occ  17 vir
    CPU time for imp sol                0.22 sec, wall time      0.24 sec
    CPU time for Fragment 4             0.22 sec, wall time      0.25 sec
Fragment 4  E_corr(MP2) = -0.045395578546301  E_corr(CCSD) = -0.047429161697161  E_corr(CCSD(T)) = -0.000668646654056762
    CPU time for make pno               0.00 sec, wall time      0.00 sec
    impsol:  1 LOs  21/48 MOs  4 occ  17 vir
    CPU time for imp sol                0.21 sec, wall time      0.24 sec
    CPU time for Fragment 5             0.22 sec, wall time      0.24 sec
Fragment 5  E_corr(MP2) = -0.0510625326974669  E_corr(CCSD) = -0.054023814480572  E_corr(CCSD(T)) = -0.000905768623562861
    CPU time for make pno               0.00 sec, wall time      0.00 sec
    impsol:  1 LOs  20/48 MOs  4 occ  16 vir
    CPU time for imp sol                0.21 sec, wall time      0.23 sec
    CPU time for Fragment 6             0.21 sec, wall time      0.23 sec
Fragment 6  E_corr(MP2) = -0.0508209381589036  E_corr(CCSD) = -0.0539050423353442  E_corr(CCSD(T)) = -0.000919491617080872
    CPU time for make pno               0.00 sec, wall time      0.00 sec
    impsol:  1 LOs  20/48 MOs  4 occ  16 vir
    CPU time for imp sol                0.21 sec, wall time      0.23 sec
    CPU time for Fragment 7             0.21 sec, wall time      0.23 sec
Fragment 7  E_corr(MP2) = -0.0489229992197834  E_corr(CCSD) = -0.0505425682504368  E_corr(CCSD(T)) = -0.000465267937274393
    CPU time for make pno               0.00 sec, wall time      0.00 sec
    impsol:  1 LOs  22/48 MOs  4 occ  18 vir
    CPU time for imp sol                0.22 sec, wall time      0.25 sec
    CPU time for Fragment 8             0.23 sec, wall time      0.25 sec
Fragment 8  E_corr(MP2) = -0.0497058105369126  E_corr(CCSD) = -0.0526234825517103  E_corr(CCSD(T)) = -0.000820584655472206
    CPU time for make pno               0.00 sec, wall time      0.00 sec
    impsol:  1 LOs  25/48 MOs  4 occ  21 vir
    CPU time for imp sol                0.26 sec, wall time      0.29 sec
    CPU time for Fragment 9             0.27 sec, wall time      0.30 sec
Fragment 9  E_corr(MP2) = -0.0501121331284356  E_corr(CCSD) = -0.0517182581411594  E_corr(CCSD(T)) = -0.000621770819669457
    CPU time for make pno               0.00 sec, wall time      0.00 sec
    impsol:  1 LOs  19/48 MOs  4 occ  15 vir
    CPU time for imp sol                0.20 sec, wall time      0.23 sec
    CPU time for Fragment 10            0.21 sec, wall time      0.24 sec
Fragment 10  E_corr(MP2) = -0.0536242703141897  E_corr(CCSD) = -0.0550280048279461  E_corr(CCSD(T)) = -0.000337301953759615
    CPU time for LNOCCSD                2.23 sec, wall time      2.48 sec
E(LNOMP2) = -152.465248446922  E_corr = -0.402757799994204
E(LNOCCSD) = -152.483964318556  E_corr = -0.421473671627764
E(LNOCCSD_T) = -152.068163658531  E_corr = -0.0056730116023635
thresh = 1e-05  E_corr(CCSD)     = -0.4214736716  rel =  99.26%  diff =  0.0031457323
                E_corr(CCSD+PT2) = -0.4248148555  rel = 100.05%  diff = -0.0001954515
                E_corr(CCSD_T)   = -0.0056730116  rel =  88.11%  diff =  0.0007657785

******** <class '__main__.LNOCCSD'> ********
nocc = 8, nmo = 46
frozen orbitals 2
max_memory 4000 MB (current use 142 MB)
thresh_occ = 1.000000e-03
thresh_vir = 1.000000e-06
force_outcore_ao2mo = True
no_type = ie
Constructing LOs
lo_type = ibo
 Iterative localization: IB/P4/2x2, 7 iter; Final gradient 7.19e-10
LOs span occupied space plus some virtual space.
Using single-LO fragment
nfrag = 10  nlo = 10
frag_atmlist = None
frag_lolist = [[0], [1], [2], [3], [4], [5], [6], [7], [8], [9]]
frag_wghtlist = [1. 1. 1. 1. 1. 1. 1. 1. 1. 1.]
frag_nonvlist = None
    CPU time for LO and fragment        0.08 sec, wall time      0.08 sec
ao2mo est mem= 1.08 MB  avail mem= 3857.52 MB
Lov is saved to /scratch/summit/joku8258/cbd/tmpi87c6pau
    CPU time for transforming DF-MP2 integrals      0.00 sec, wall time      0.01 sec
    CPU time for Integral xform         0.01 sec, wall time      0.02 sec
    CPU time for make pno               0.00 sec, wall time      0.00 sec
    impsol:  1 LOs  26/48 MOs  4 occ  22 vir
    CPU time for imp sol                0.25 sec, wall time      0.28 sec
    CPU time for Fragment 1             0.26 sec, wall time      0.29 sec
Fragment 1  E_corr(MP2) = -0.00129984038898078  E_corr(CCSD) = -0.00137179607461318  E_corr(CCSD(T)) = -1.8042618866089e-05
    CPU time for make pno               0.00 sec, wall time      0.00 sec
    impsol:  1 LOs  23/48 MOs  4 occ  19 vir
    CPU time for imp sol                0.23 sec, wall time      0.26 sec
    CPU time for Fragment 2             0.24 sec, wall time      0.26 sec
Fragment 2  E_corr(MP2) = -0.000753987923128641  E_corr(CCSD) = -0.000811169627214642  E_corr(CCSD(T)) = -1.29935634807484e-05
    CPU time for make pno               0.00 sec, wall time      0.00 sec
    impsol:  1 LOs  27/48 MOs  4 occ  23 vir
    CPU time for imp sol                0.27 sec, wall time      0.29 sec
    CPU time for Fragment 3             0.27 sec, wall time      0.30 sec
Fragment 3  E_corr(MP2) = -0.051216799932376  E_corr(CCSD) = -0.0541696560893482  E_corr(CCSD(T)) = -0.000969675718375533
    CPU time for make pno               0.00 sec, wall time      0.00 sec
    impsol:  1 LOs  27/48 MOs  4 occ  23 vir
    CPU time for imp sol                0.29 sec, wall time      0.32 sec
    CPU time for Fragment 4             0.29 sec, wall time      0.32 sec
Fragment 4  E_corr(MP2) = -0.0454537880762662  E_corr(CCSD) = -0.0474906532573997  E_corr(CCSD(T)) = -0.000746685021682076
    CPU time for make pno               0.00 sec, wall time      0.00 sec
    impsol:  1 LOs  27/48 MOs  4 occ  23 vir
    CPU time for imp sol                0.27 sec, wall time      0.29 sec
    CPU time for Fragment 5             0.27 sec, wall time      0.29 sec
Fragment 5  E_corr(MP2) = -0.0512167999323892  E_corr(CCSD) = -0.0541696560893718  E_corr(CCSD(T)) = -0.000969675718504359
    CPU time for make pno               0.00 sec, wall time      0.00 sec
    impsol:  1 LOs  26/48 MOs  4 occ  22 vir
    CPU time for imp sol                0.25 sec, wall time      0.28 sec
    CPU time for Fragment 6             0.26 sec, wall time      0.28 sec
Fragment 6  E_corr(MP2) = -0.0509700120451987  E_corr(CCSD) = -0.0540471136919291  E_corr(CCSD(T)) = -0.000952727156515929
    CPU time for make pno               0.00 sec, wall time      0.00 sec
    impsol:  1 LOs  28/48 MOs  4 occ  24 vir
    CPU time for imp sol                0.25 sec, wall time      0.27 sec
    CPU time for Fragment 7             0.25 sec, wall time      0.28 sec
Fragment 7  E_corr(MP2) = -0.0491003219177564  E_corr(CCSD) = -0.0507206094969416  E_corr(CCSD(T)) = -0.00056548488520082
    CPU time for make pno               0.00 sec, wall time      0.00 sec
    impsol:  1 LOs  32/48 MOs  4 occ  28 vir
    CPU time for imp sol                0.28 sec, wall time      0.31 sec
    CPU time for Fragment 8             0.29 sec, wall time      0.31 sec
Fragment 8  E_corr(MP2) = -0.0498590910494027  E_corr(CCSD) = -0.0527682842405315  E_corr(CCSD(T)) = -0.000856786305930211
    CPU time for make pno               0.00 sec, wall time      0.00 sec
    impsol:  1 LOs  36/48 MOs  4 occ  32 vir
    CPU time for imp sol                0.40 sec, wall time      0.43 sec
    CPU time for Fragment 9             0.40 sec, wall time      0.43 sec
Fragment 9  E_corr(MP2) = -0.0502816690129147  E_corr(CCSD) = -0.0518741610550228  E_corr(CCSD(T)) = -0.000638680181641722
    CPU time for make pno               0.00 sec, wall time      0.00 sec
    impsol:  1 LOs  26/48 MOs  4 occ  22 vir
    CPU time for imp sol                0.27 sec, wall time      0.30 sec
    CPU time for Fragment 10            0.27 sec, wall time      0.30 sec
Fragment 10  E_corr(MP2) = -0.0537653127653018  E_corr(CCSD) = -0.0551382039581403  E_corr(CCSD(T)) = -0.000371545716626853
    CPU time for LNOCCSD                2.82 sec, wall time      3.09 sec
E(LNOMP2) = -152.466408269972  E_corr = -0.403917623043715
E(LNOCCSD) = -152.485051950509  E_corr = -0.422561303580513
E(LNOCCSD_T) = -152.068592943815  E_corr = -0.00610229688682434
thresh = 1e-06  E_corr(CCSD)     = -0.4225613036  rel =  99.52%  diff =  0.0020581004
                E_corr(CCSD+PT2) = -0.4247426644  rel = 100.03%  diff = -0.0001232604
                E_corr(CCSD_T)   = -0.0061022969  rel =  94.77%  diff =  0.0003364932
