

******** <class 'pyscf.df.df_jk.density_fit.<locals>.DensityFitting'> ********
method = DensityFitting-RHF
initial guess = minao
damping factor = 0
level_shift factor = 0
DIIS = <class 'pyscf.scf.diis.CDIIS'>
diis_start_cycle = 1
diis_space = 8
SCF conv_tol = 1e-09
SCF conv_tol_grad = None
SCF max_cycles = 50
direct_scf = True
direct_scf_tol = 1e-13
chkfile to save SCF result = /scratch/summit/joku8258/cbd/tmpk8z4op3p
max_memory 4000 MB (current use 71 MB)
Set gradient conv threshold to 3.16228e-05
******** <class 'pyscf.df.df.DF'> ********
auxbasis = None
max_memory = 4000
_cderi_to_save = /scratch/summit/joku8258/cbd/tmpn2i6mguh
Default auxbasis cc-pvdz-jkfit is used for O cc-pvdz
Default auxbasis cc-pvdz-jkfit is used for H cc-pvdz
init E= -151.748572442519
  HOMO = -0.477084982132794  LUMO = 0.0790848106374069
cycle= 1 E= -151.992406725414  delta_E= -0.244  |g|= 0.602  |ddm|= 1.84
  HOMO = -0.375259607279102  LUMO = 0.162231585691656
cycle= 2 E= -152.047011302178  delta_E= -0.0546  |g|= 0.297  |ddm|= 0.498
  HOMO = -0.467295468503355  LUMO = 0.158296548371244
cycle= 3 E= -152.062085600472  delta_E= -0.0151  |g|= 0.0377  |ddm|= 0.177
  HOMO = -0.460496487070284  LUMO = 0.163702889467542
cycle= 4 E= -152.062458994367  delta_E= -0.000373  |g|= 0.00824  |ddm|= 0.0277
  HOMO = -0.461922852179615  LUMO = 0.163908238114268
cycle= 5 E= -152.062489578684  delta_E= -3.06e-05  |g|= 0.00151  |ddm|= 0.0108
  HOMO = -0.462472139233179  LUMO = 0.163902398442801
cycle= 6 E= -152.062490525436  delta_E= -9.47e-07  |g|= 0.000679  |ddm|= 0.00198
  HOMO = -0.462365929066466  LUMO = 0.163873144450533
cycle= 7 E= -152.062490640663  delta_E= -1.15e-07  |g|= 0.000116  |ddm|= 0.000588
  HOMO = -0.462398758253762  LUMO = 0.163879991649433
cycle= 8 E= -152.062490646854  delta_E= -6.19e-09  |g|= 1.06e-05  |ddm|= 0.000191
  HOMO = -0.462398105193129  LUMO = 0.163879975798101
cycle= 9 E= -152.062490646921  delta_E= -6.75e-11  |g|= 3.39e-06  |ddm|= 1.79e-05
  HOMO = -0.46239791738309  LUMO = 0.163880104626947
Extra cycle  E= -152.062490646928  delta_E= -6.68e-12  |g|= 1.53e-06  |ddm|= 4.9e-06
converged SCF energy = -152.062490646928

******** <class 'pyscf.mp.dfmp2.DFMP2'> ********
nocc = 10, nmo = 48
frozen orbitals 0
max_memory 4000 MB (current use 94 MB)
E(DFMP2) = -152.473309110179  E_corr = -0.410818463250663

******** <class 'pyscf.cc.dfccsd.RCCSD'> ********
CC2 = 0
CCSD nocc = 10, nmo = 48
frozen orbitals 0
max_cycle = 50
direct = 0
conv_tol = 1e-07
conv_tol_normt = 1e-05
diis_space = 6
diis_start_cycle = 0
diis_start_energy_diff = 1e+09
max_memory 4000 MB (current use 110 MB)
Init t2, MP2 energy = -152.473309117019  E_corr(MP2) -0.410818470090701
    CPU time for init mp2      0.00 sec, wall time      0.00 sec
Init E_corr(CCSD) = -0.410818470091785
cycle = 1  E_corr(CCSD) = -0.419896644788239  dE = -0.0090781747  norm(t1,t2) = 0.0317681
    CPU time for CCSD iter      0.30 sec, wall time      0.30 sec
cycle = 2  E_corr(CCSD) = -0.426557465249307  dE = -0.00666082046  norm(t1,t2) = 0.0104627
    CPU time for CCSD iter      0.29 sec, wall time      0.29 sec
cycle = 3  E_corr(CCSD) = -0.428443076775755  dE = -0.00188561153  norm(t1,t2) = 0.00409815
    CPU time for CCSD iter      0.29 sec, wall time      0.30 sec
cycle = 4  E_corr(CCSD) = -0.42888050214281  dE = -0.000437425367  norm(t1,t2) = 0.000996797
    CPU time for CCSD iter      0.30 sec, wall time      0.32 sec
cycle = 5  E_corr(CCSD) = -0.428861633232352  dE = 1.88689105e-05  norm(t1,t2) = 0.000270147
    CPU time for CCSD iter      0.31 sec, wall time      0.31 sec
cycle = 6  E_corr(CCSD) = -0.428849286833885  dE = 1.23463985e-05  norm(t1,t2) = 8.49004e-05
    CPU time for CCSD iter      0.31 sec, wall time      0.31 sec
cycle = 7  E_corr(CCSD) = -0.42884915296352  dE = 1.33870364e-07  norm(t1,t2) = 3.69632e-05
    CPU time for CCSD iter      0.30 sec, wall time      0.31 sec
cycle = 8  E_corr(CCSD) = -0.428850525091005  dE = -1.37212748e-06  norm(t1,t2) = 1.29566e-05
    CPU time for CCSD iter      0.29 sec, wall time      0.30 sec
cycle = 9  E_corr(CCSD) = -0.428850034676622  dE = 4.90414383e-07  norm(t1,t2) = 4.47659e-06
    CPU time for CCSD iter      0.29 sec, wall time      0.30 sec
cycle = 10  E_corr(CCSD) = -0.428850006368201  dE = 2.83084216e-08  norm(t1,t2) = 1.47351e-06
    CPU time for CCSD iter      0.30 sec, wall time      0.30 sec
    CPU time for CCSD      2.99 sec, wall time      3.03 sec
RCCSD converged
E(RCCSD) = -152.4913406532964  E_corr = -0.4288500063682008
CCSD(T) correction = -0.00648380219616668

******** <class '__main__.LNOCCSD'> ********
nocc = 10, nmo = 48
frozen orbitals 0
max_memory 4000 MB (current use 136 MB)
thresh_occ = 1.000000e-03
thresh_vir = 1.000000e-04
force_outcore_ao2mo = True
no_type = ie
Constructing LOs
lo_type = iao
LOs span occupied space plus some virtual space.
Using single-LO fragment
nfrag = 14  nlo = 14
frag_atmlist = None
frag_lolist = [[0], [1], [2], [3], [4], [5], [6], [7], [8], [9], [10], [11], [12], [13]]
frag_wghtlist = [1. 1. 1. 1. 1. 1. 1. 1. 1. 1. 1. 1. 1. 1.]
frag_nonvlist = None
    CPU time for LO and fragment        0.12 sec, wall time      0.41 sec
ao2mo est mem= 1.35 MB  avail mem= 3856.16 MB
Lov is saved to /scratch/summit/joku8258/cbd/tmp9mtrkp7a
    CPU time for transforming DF-MP2 integrals      0.00 sec, wall time      0.00 sec
    CPU time for Integral xform         0.01 sec, wall time      0.01 sec
    CPU time for make pno               0.00 sec, wall time      0.00 sec
    impsol:  1 LOs  2/48 MOs  1 occ  1 vir
    CPU time for imp sol                0.05 sec, wall time      0.07 sec
    CPU time for Fragment 1             0.05 sec, wall time      0.07 sec
Fragment 1  E_corr(MP2) = -3.09273695001879e-05  E_corr(CCSD) = -2.92724412091533e-05  E_corr(CCSD(T)) = 0
    CPU time for make pno               0.00 sec, wall time      0.00 sec
    impsol:  1 LOs  14/48 MOs  4 occ  10 vir
    CPU time for imp sol                0.11 sec, wall time      0.14 sec
    CPU time for Fragment 2             0.11 sec, wall time      0.14 sec
Fragment 2  E_corr(MP2) = -0.0239325406098106  E_corr(CCSD) = -0.025833677522276  E_corr(CCSD(T)) = -0.000171579241214214
    CPU time for make pno               0.00 sec, wall time      0.00 sec
    impsol:  1 LOs  17/48 MOs  4 occ  13 vir
    CPU time for imp sol                0.13 sec, wall time      0.16 sec
    CPU time for Fragment 3             0.13 sec, wall time      0.16 sec
Fragment 3  E_corr(MP2) = -0.0413757888124796  E_corr(CCSD) = -0.0432904072152568  E_corr(CCSD(T)) = -0.000516790196257595
    CPU time for make pno               0.00 sec, wall time      0.00 sec
    impsol:  1 LOs  16/48 MOs  4 occ  12 vir
    CPU time for imp sol                0.14 sec, wall time      0.17 sec
    CPU time for Fragment 4             0.14 sec, wall time      0.17 sec
Fragment 4  E_corr(MP2) = -0.0447693321643414  E_corr(CCSD) = -0.0468889386033249  E_corr(CCSD(T)) = -0.000440974227721017
    CPU time for make pno               0.00 sec, wall time      0.00 sec
    impsol:  1 LOs  14/48 MOs  4 occ  10 vir
    CPU time for imp sol                0.12 sec, wall time      0.15 sec
    CPU time for Fragment 5             0.12 sec, wall time      0.15 sec
Fragment 5  E_corr(MP2) = -0.0517387123117847  E_corr(CCSD) = -0.0531481962513732  E_corr(CCSD(T)) = -8.71574592864533e-05
    CPU time for make pno               0.00 sec, wall time      0.00 sec
    impsol:  1 LOs  15/48 MOs  4 occ  11 vir
    CPU time for imp sol                0.14 sec, wall time      0.17 sec
    CPU time for Fragment 6             0.14 sec, wall time      0.17 sec
Fragment 6  E_corr(MP2) = -0.0156035234687931  E_corr(CCSD) = -0.0167300035173484  E_corr(CCSD(T)) = -0.000157763994502877
    CPU time for make pno               0.00 sec, wall time      0.00 sec
    impsol:  1 LOs  15/48 MOs  4 occ  11 vir
    CPU time for imp sol                0.11 sec, wall time      0.14 sec
    CPU time for Fragment 7             0.12 sec, wall time      0.14 sec
Fragment 7  E_corr(MP2) = -0.0134886663667845  E_corr(CCSD) = -0.0144596826743787  E_corr(CCSD(T)) = -0.000124789617956759
    CPU time for make pno               0.00 sec, wall time      0.00 sec
    impsol:  1 LOs  2/48 MOs  1 occ  1 vir
    CPU time for imp sol                0.04 sec, wall time      0.05 sec
    CPU time for Fragment 8             0.05 sec, wall time      0.05 sec
Fragment 8  E_corr(MP2) = -2.97522099983307e-05  E_corr(CCSD) = -2.81452886083211e-05  E_corr(CCSD(T)) = -5.99112079254064e-24
    CPU time for make pno               0.00 sec, wall time      0.00 sec
    impsol:  1 LOs  14/48 MOs  4 occ  10 vir
    CPU time for imp sol                0.13 sec, wall time      0.16 sec
    CPU time for Fragment 9             0.13 sec, wall time      0.16 sec
Fragment 9  E_corr(MP2) = -0.0241222994281831  E_corr(CCSD) = -0.0259851678381379  E_corr(CCSD(T)) = -0.000187148708243984
    CPU time for make pno               0.00 sec, wall time      0.00 sec
    impsol:  1 LOs  15/48 MOs  4 occ  11 vir
    CPU time for imp sol                0.14 sec, wall time      0.17 sec
    CPU time for Fragment 10            0.14 sec, wall time      0.17 sec
Fragment 10  E_corr(MP2) = -0.049759045992078  E_corr(CCSD) = -0.0512579121431026  E_corr(CCSD(T)) = -0.00020164572292662
    CPU time for make pno               0.00 sec, wall time      0.00 sec
    impsol:  1 LOs  15/48 MOs  4 occ  11 vir
    CPU time for imp sol                0.14 sec, wall time      0.17 sec
    CPU time for Fragment 11            0.14 sec, wall time      0.17 sec
Fragment 11  E_corr(MP2) = -0.0481070321501063  E_corr(CCSD) = -0.0499809100887334  E_corr(CCSD(T)) = -0.000194973695460457
    CPU time for make pno               0.00 sec, wall time      0.00 sec
    impsol:  1 LOs  18/48 MOs  4 occ  14 vir
    CPU time for imp sol                0.14 sec, wall time      0.17 sec
    CPU time for Fragment 12            0.14 sec, wall time      0.18 sec
Fragment 12  E_corr(MP2) = -0.039182992966274  E_corr(CCSD) = -0.04126393858475  E_corr(CCSD(T)) = -0.000550515265546913
    CPU time for make pno               0.00 sec, wall time      0.00 sec
    impsol:  1 LOs  15/48 MOs  4 occ  11 vir
    CPU time for imp sol                0.14 sec, wall time      0.17 sec
    CPU time for Fragment 13            0.14 sec, wall time      0.17 sec
Fragment 13  E_corr(MP2) = -0.0150992501963065  E_corr(CCSD) = -0.0161463859119347  E_corr(CCSD(T)) = -0.000149983515357606
    CPU time for make pno               0.00 sec, wall time      0.00 sec
    impsol:  1 LOs  15/48 MOs  4 occ  11 vir
    CPU time for imp sol                0.14 sec, wall time      0.17 sec
    CPU time for Fragment 14            0.14 sec, wall time      0.17 sec
Fragment 14  E_corr(MP2) = -0.0150992501956954  E_corr(CCSD) = -0.01614638591144  E_corr(CCSD(T)) = -0.000149983515386503
    CPU time for LNOCCSD                1.71 sec, wall time      2.10 sec
E(LNOMP2) = -152.44482976117  E_corr = -0.382339114242136
E(LNOCCSD) = -152.46367967092  E_corr = -0.401189023991874
E(LNOCCSD_T) = -152.065423952088  E_corr = -0.002933305159861
thresh = 1e-04  E_corr(CCSD)     = -0.4011890240  rel =  93.55%  diff =  0.0276609824
                E_corr(CCSD+PT2) = -0.4296683730  rel = 100.19%  diff = -0.0008183666
                E_corr(CCSD_T)   = -0.0029333052  rel =  45.24%  diff =  0.0035504970
