

******** <class 'pyscf.df.df_jk.density_fit.<locals>.DensityFitting'> ********
method = DensityFitting-RHF
initial guess = minao
damping factor = 0
level_shift factor = 0
DIIS = <class 'pyscf.scf.diis.CDIIS'>
diis_start_cycle = 1
diis_space = 8
SCF conv_tol = 1e-09
SCF conv_tol_grad = None
SCF max_cycles = 50
direct_scf = True
direct_scf_tol = 1e-13
chkfile to save SCF result = /projects/joku8258/software/lno_forwork/lno/cc/tmp8a7mlrlt
max_memory 4000 MB (current use 69 MB)
Set gradient conv threshold to 3.16228e-05
******** <class 'pyscf.df.df.DF'> ********
auxbasis = None
max_memory = 4000
_cderi_to_save = /projects/joku8258/software/lno_forwork/lno/cc/tmppsms9xv1
Default auxbasis cc-pvdz-jkfit is used for O cc-pvdz
Default auxbasis cc-pvdz-jkfit is used for H cc-pvdz
init E= -151.748572442519
  HOMO = -0.477084982132795  LUMO = 0.0790848106374038
cycle= 1 E= -151.992406725414  delta_E= -0.244  |g|= 0.602  |ddm|= 1.84
  HOMO = -0.3752596072791  LUMO = 0.162231585691654
cycle= 2 E= -152.047011302178  delta_E= -0.0546  |g|= 0.297  |ddm|= 0.498
  HOMO = -0.467295468503349  LUMO = 0.158296548371242
cycle= 3 E= -152.062085600472  delta_E= -0.0151  |g|= 0.0377  |ddm|= 0.177
  HOMO = -0.460496487070289  LUMO = 0.163702889467542
cycle= 4 E= -152.062458994367  delta_E= -0.000373  |g|= 0.00824  |ddm|= 0.0277
  HOMO = -0.461922852179602  LUMO = 0.16390823811427
cycle= 5 E= -152.062489578684  delta_E= -3.06e-05  |g|= 0.00151  |ddm|= 0.0108
  HOMO = -0.462472139233182  LUMO = 0.163902398442805
cycle= 6 E= -152.062490525436  delta_E= -9.47e-07  |g|= 0.000679  |ddm|= 0.00198
  HOMO = -0.46236592906646  LUMO = 0.163873144450534
cycle= 7 E= -152.062490640663  delta_E= -1.15e-07  |g|= 0.000116  |ddm|= 0.000588
  HOMO = -0.462398758253761  LUMO = 0.163879991649431
cycle= 8 E= -152.062490646854  delta_E= -6.19e-09  |g|= 1.06e-05  |ddm|= 0.000191
  HOMO = -0.462398105193122  LUMO = 0.163879975798103
cycle= 9 E= -152.062490646921  delta_E= -6.75e-11  |g|= 3.39e-06  |ddm|= 1.79e-05
  HOMO = -0.462397917383091  LUMO = 0.163880104626943
Extra cycle  E= -152.062490646928  delta_E= -6.82e-12  |g|= 1.53e-06  |ddm|= 4.9e-06
converged SCF energy = -152.062490646928

******** <class 'pyscf.mp.dfmp2.DFMP2'> ********
nocc = 10, nmo = 48
frozen orbitals 0
max_memory 4000 MB (current use 86 MB)
E(DFMP2) = -152.473309110179  E_corr = -0.410818463250663

******** <class 'pyscf.cc.dfccsd.RCCSD'> ********
CC2 = 0
CCSD nocc = 10, nmo = 48
frozen orbitals 0
max_cycle = 50
direct = 0
conv_tol = 1e-07
conv_tol_normt = 1e-05
diis_space = 6
diis_start_cycle = 0
diis_start_energy_diff = 1e+09
max_memory 4000 MB (current use 92 MB)
Init t2, MP2 energy = -152.473309117019  E_corr(MP2) -0.410818470090701
    CPU time for init mp2      0.05 sec, wall time      0.01 sec
Init E_corr(CCSD) = -0.410818470091787
cycle = 1  E_corr(CCSD) = -0.419896644788241  dE = -0.0090781747  norm(t1,t2) = 0.0317681
    CPU time for CCSD iter      5.60 sec, wall time      0.72 sec
cycle = 2  E_corr(CCSD) = -0.426557465249306  dE = -0.00666082046  norm(t1,t2) = 0.0104627
    CPU time for CCSD iter      3.85 sec, wall time      0.49 sec
cycle = 3  E_corr(CCSD) = -0.428443076775754  dE = -0.00188561153  norm(t1,t2) = 0.00409815
    CPU time for CCSD iter      4.24 sec, wall time      0.54 sec
cycle = 4  E_corr(CCSD) = -0.428880502142809  dE = -0.000437425367  norm(t1,t2) = 0.000996797
    CPU time for CCSD iter      4.06 sec, wall time      0.51 sec
cycle = 5  E_corr(CCSD) = -0.428861633232351  dE = 1.88689105e-05  norm(t1,t2) = 0.000270147
    CPU time for CCSD iter      4.13 sec, wall time      0.56 sec
cycle = 6  E_corr(CCSD) = -0.428849286833885  dE = 1.23463985e-05  norm(t1,t2) = 8.49004e-05
    CPU time for CCSD iter      5.54 sec, wall time      0.87 sec
cycle = 7  E_corr(CCSD) = -0.428849152963518  dE = 1.33870367e-07  norm(t1,t2) = 3.69632e-05
    CPU time for CCSD iter      3.70 sec, wall time      0.58 sec
cycle = 8  E_corr(CCSD) = -0.428850525091003  dE = -1.37212748e-06  norm(t1,t2) = 1.29566e-05
    CPU time for CCSD iter      3.71 sec, wall time      0.58 sec
cycle = 9  E_corr(CCSD) = -0.428850034676624  dE = 4.90414379e-07  norm(t1,t2) = 4.47659e-06
    CPU time for CCSD iter      3.75 sec, wall time      0.57 sec
cycle = 10  E_corr(CCSD) = -0.428850006368201  dE = 2.83084223e-08  norm(t1,t2) = 1.47351e-06
    CPU time for CCSD iter      3.96 sec, wall time      0.63 sec
    CPU time for CCSD     42.54 sec, wall time      6.05 sec
RCCSD converged
E(RCCSD) = -152.4913406532964  E_corr = -0.4288500063682014
CCSD(T) correction = -0.00648380219616667

******** <class '__main__.LNOCCSD'> ********
nocc = 10, nmo = 48
frozen orbitals 0
max_memory 4000 MB (current use 112 MB)
thresh_occ = 1.000000e-03
thresh_vir = 1.000000e-04
force_outcore_ao2mo = True
no_type = ie
Constructing LOs
lo_type = iao
LOs span occupied space plus some virtual space.
Using single-LO fragment
nfrag = 14  nlo = 14
frag_atmlist = None
frag_lolist = [[0], [1], [2], [3], [4], [5], [6], [7], [8], [9], [10], [11], [12], [13]]
frag_wghtlist = [1. 1. 1. 1. 1. 1. 1. 1. 1. 1. 1. 1. 1. 1.]
frag_nonvlist = None
    CPU time for LO and fragment        1.69 sec, wall time      4.80 sec
ao2mo est mem= 1.35 MB  avail mem= 3879.89 MB
Lov is saved to /projects/joku8258/software/lno_forwork/lno/cc/tmposrkdmfx
    CPU time for transforming DF-MP2 integrals      0.03 sec, wall time      0.00 sec
    CPU time for Integral xform         0.15 sec, wall time      0.02 sec
    CPU time for make pno               0.14 sec, wall time      0.02 sec
    impsol:  1 LOs  2/48 MOs  1 occ  1 vir
    CPU time for imp sol                1.77 sec, wall time      0.27 sec
    CPU time for Fragment 1             1.92 sec, wall time      0.29 sec
Fragment 1  E_corr(MP2) = -3.09273695001882e-05  E_corr(CCSD) = -2.92724412091536e-05  E_corr(CCSD(T)) = 0
    CPU time for make pno               0.08 sec, wall time      0.01 sec
    impsol:  1 LOs  14/48 MOs  4 occ  10 vir
    CPU time for imp sol                3.51 sec, wall time      0.54 sec
    CPU time for Fragment 2             3.59 sec, wall time      0.55 sec
Fragment 2  E_corr(MP2) = -0.0239325406098105  E_corr(CCSD) = -0.0258336775222759  E_corr(CCSD(T)) = -0.000171579241214212
    CPU time for make pno               0.07 sec, wall time      0.01 sec
    impsol:  1 LOs  17/48 MOs  4 occ  13 vir
    CPU time for imp sol                4.76 sec, wall time      0.74 sec
    CPU time for Fragment 3             4.84 sec, wall time      0.75 sec
Fragment 3  E_corr(MP2) = -0.0413757888124795  E_corr(CCSD) = -0.0432904072152567  E_corr(CCSD(T)) = -0.000516790196257586
    CPU time for make pno               0.24 sec, wall time      0.03 sec
    impsol:  1 LOs  16/48 MOs  4 occ  12 vir
    CPU time for imp sol                4.02 sec, wall time      0.62 sec
    CPU time for Fragment 4             4.26 sec, wall time      0.65 sec
Fragment 4  E_corr(MP2) = -0.0447693321643412  E_corr(CCSD) = -0.0468889386033247  E_corr(CCSD(T)) = -0.000440974227721004
    CPU time for make pno               0.04 sec, wall time      0.01 sec
    impsol:  1 LOs  14/48 MOs  4 occ  10 vir
    CPU time for imp sol                4.02 sec, wall time      0.64 sec
    CPU time for Fragment 5             4.06 sec, wall time      0.65 sec
Fragment 5  E_corr(MP2) = -0.0517387123117843  E_corr(CCSD) = -0.0531481962513728  E_corr(CCSD(T)) = -8.71574592864513e-05
    CPU time for make pno               0.04 sec, wall time      0.01 sec
    impsol:  1 LOs  15/48 MOs  4 occ  11 vir
    CPU time for imp sol                4.34 sec, wall time      0.68 sec
    CPU time for Fragment 6             4.38 sec, wall time      0.69 sec
Fragment 6  E_corr(MP2) = -0.015603523468793  E_corr(CCSD) = -0.0167300035173483  E_corr(CCSD(T)) = -0.000157763994502877
    CPU time for make pno               0.05 sec, wall time      0.01 sec
    impsol:  1 LOs  15/48 MOs  4 occ  11 vir
    CPU time for imp sol                3.44 sec, wall time      0.53 sec
    CPU time for Fragment 7             3.49 sec, wall time      0.54 sec
Fragment 7  E_corr(MP2) = -0.0134886663667846  E_corr(CCSD) = -0.0144596826743788  E_corr(CCSD(T)) = -0.000124789617956768
    CPU time for make pno               0.06 sec, wall time      0.01 sec
    impsol:  1 LOs  2/48 MOs  1 occ  1 vir
    CPU time for imp sol                1.61 sec, wall time      0.26 sec
    CPU time for Fragment 8             1.67 sec, wall time      0.27 sec
Fragment 8  E_corr(MP2) = -2.97522099983298e-05  E_corr(CCSD) = -2.81452886083202e-05  E_corr(CCSD(T)) = 5.99112079254045e-24
    CPU time for make pno               0.05 sec, wall time      0.01 sec
    impsol:  1 LOs  14/48 MOs  4 occ  10 vir
    CPU time for imp sol                4.42 sec, wall time      0.69 sec
    CPU time for Fragment 9             4.47 sec, wall time      0.70 sec
Fragment 9  E_corr(MP2) = -0.0241222994281831  E_corr(CCSD) = -0.0259851678381379  E_corr(CCSD(T)) = -0.000187148708243975
    CPU time for make pno               0.04 sec, wall time      0.01 sec
    impsol:  1 LOs  15/48 MOs  4 occ  11 vir
    CPU time for imp sol                3.90 sec, wall time      0.61 sec
    CPU time for Fragment 10            3.94 sec, wall time      0.61 sec
Fragment 10  E_corr(MP2) = -0.0497590459920779  E_corr(CCSD) = -0.0512579121431024  E_corr(CCSD(T)) = -0.000201645722926613
    CPU time for make pno               0.06 sec, wall time      0.01 sec
    impsol:  1 LOs  15/48 MOs  4 occ  11 vir
    CPU time for imp sol                4.85 sec, wall time      0.75 sec
    CPU time for Fragment 11            4.92 sec, wall time      0.76 sec
Fragment 11  E_corr(MP2) = -0.0481070321501059  E_corr(CCSD) = -0.049980910088733  E_corr(CCSD(T)) = -0.000194973695460453
    CPU time for make pno               0.04 sec, wall time      0.01 sec
    impsol:  1 LOs  18/48 MOs  4 occ  14 vir
    CPU time for imp sol                4.13 sec, wall time      0.63 sec
    CPU time for Fragment 12            4.17 sec, wall time      0.64 sec
Fragment 12  E_corr(MP2) = -0.039182992966274  E_corr(CCSD) = -0.0412639385847501  E_corr(CCSD(T)) = -0.000550515265546896
    CPU time for make pno               0.04 sec, wall time      0.01 sec
    impsol:  1 LOs  15/48 MOs  4 occ  11 vir
    CPU time for imp sol                3.62 sec, wall time      0.56 sec
    CPU time for Fragment 13            3.66 sec, wall time      0.56 sec
Fragment 13  E_corr(MP2) = -0.0150992501963065  E_corr(CCSD) = -0.0161463859119347  E_corr(CCSD(T)) = -0.000149983515357602
    CPU time for make pno               0.10 sec, wall time      0.03 sec
    impsol:  1 LOs  15/48 MOs  4 occ  11 vir
    CPU time for imp sol                5.40 sec, wall time      0.83 sec
    CPU time for Fragment 14            5.50 sec, wall time      0.86 sec
Fragment 14  E_corr(MP2) = -0.0150992501956954  E_corr(CCSD) = -0.01614638591144  E_corr(CCSD(T)) = -0.000149983515386494
    CPU time for LNOCCSD               55.02 sec, wall time      8.54 sec
E(LNOMP2) = -152.44482976117  E_corr = -0.382339114242134
E(LNOCCSD) = -152.46367967092  E_corr = -0.401189023991873
E(LNOCCSD_T) = -152.065423952088  E_corr = -0.00293330515986093
thresh = 1e-04  E_corr(CCSD)     = -0.4011890240  rel =  93.55%  diff =  0.0276609824
                E_corr(CCSD+PT2) = -0.4296683730  rel = 100.19%  diff = -0.0008183666
                E_corr(CCSD_T)   = -0.0029333052  rel =  45.24%  diff =  0.0035504970
