# Hostname: yichi-thinkpad
# System Type: Linux
# Machine Type: x86_64
# Processor: x86_64
# Number of MPI ranks: 4
#
# Using Local Natural Orbital Approximation
# norb: 4
# nelec: (2, 2)
#
# n_eql: 1
# n_ene_blocks: 1
# n_sr_blocks: 10
# n_blocks: 10
# n_walkers: 10
# seed: 98
# walker_type: rhf
# trial: rhf
# dt: 0.005
# orbE: 1
# prjlo: [[ 4.85829471e-17 -1.00000000e+00]]
# maxError: 0.00035355339059327376
# LNO: True
# n_exp_terms: 6
# n_prop_steps: 50
# orbital_rotation: True
# do_sr: True
# symmetry: False
# save_walkers: False
# ene0: 0.0
# free_projection: False
# n_batch: 1
#
# Equilibration sweeps:
#   Iter        Block energy      Walltime
#     0      -1.513649014e+02     2.62e+00 
#     1      -1.514029694e+02     5.60e+00 
#
# Sampling sweeps:
#  Iter        Mean energy          Stochastic error          OrbitalEnergy          OrbEStochError          Walltime
     0      -1.514104004e+02                -              -2.221339196e-02        -       8.00e+00 
     1      -1.514201568e+02                -              -3.153389345e-02        -       8.04e+00 
     2      -1.514149959e+02                -              -2.813484392e-02        -       8.08e+00 
     3      -1.514109636e+02                -              -2.576355640e-02        -       8.13e+00 
     4      -1.514081490e+02                -              -2.430832399e-02        -       8.17e+00 
     5      -1.514087451e+02                -              -2.496154657e-02        -       8.21e+00 
     6      -1.514096198e+02                -              -2.498431125e-02        -       8.25e+00 
     7      -1.514104514e+02                -              -2.477113492e-02        -       8.30e+00 
     8      -1.514095434e+02                -              -2.448608607e-02        -       8.34e+00 
     9      -1.514071080e+02                -              -2.318085858e-02        -       8.39e+00 
#
# Number of large deviations: 0
#
# Mean: -2.31808586e-02
# Block size    # of blocks         Mean                Error
      1               40       -2.31808586e-02       1.179460e-03
      2               20       -2.31808586e-02       1.711903e-03
      5                8       -2.31808586e-02       2.270775e-03
     10                4       -2.31808586e-02       3.164565e-03
# Number of outliers in post: 0 
#
# Mean: -1.51407108e+02
# Block size    # of blocks         Mean                Error
      1               40       -1.51407108e+02       1.906607e-03
      2               20       -1.51407108e+02       2.767307e-03
      5                8       -1.51407108e+02       4.006249e-03
     10                4       -1.51407108e+02       5.638411e-03
AFQMC energy: -151.40710797664804

orbE energy: -0.023180858578274576 +/- None

ph_afqmc walltime: 8.452158212661743
