# Hostname: yichi-thinkpad
# System Type: Linux
# Machine Type: x86_64
# Processor: x86_64
# Number of MPI ranks: 4
#
# Using Local Natural Orbital Approximation
# norb: 4
# nelec: (2, 2)
#
# n_eql: 1
# n_ene_blocks: 1
# n_sr_blocks: 10
# n_blocks: 10
# n_walkers: 10
# seed: 98
# walker_type: rhf
# trial: rhf
# dt: 0.005
# orbE: 1
# prjlo: [[ 5.33394769e-17 -1.00000000e+00]]
# maxError: 0.00035355339059327376
# LNO: True
# n_exp_terms: 6
# n_prop_steps: 50
# orbital_rotation: True
# do_sr: True
# symmetry: False
# save_walkers: False
# ene0: 0.0
# free_projection: False
# n_batch: 1
#
# Equilibration sweeps:
#   Iter        Block energy      Walltime
#     0      -1.513647481e+02     2.24e+00 
#     1      -1.514001770e+02     5.30e+00 
#
# Sampling sweeps:
#  Iter        Mean energy          Stochastic error          OrbitalEnergy          OrbEStochError          Walltime
     0      -1.514060974e+02                -              -2.268377319e-02        -       7.85e+00 
     1      -1.514126778e+02                -              -2.177688754e-02        -       7.89e+00 
     2      -1.514088721e+02                -              -1.933407372e-02        -       7.93e+00 
     3      -1.514079379e+02                -              -1.923857563e-02        -       7.97e+00 
     4      -1.514058890e+02                -              -1.825531747e-02        -       8.01e+00 
     5      -1.514064391e+02                -              -1.829771237e-02        -       8.05e+00 
     6      -1.514051498e+02                -              -1.766183183e-02        -       8.09e+00 
     7      -1.514052491e+02                -              -1.825996660e-02        -       8.14e+00 
     8      -1.514051111e+02                -              -1.788202984e-02        -       8.18e+00 
     9      -1.514031962e+02                -              -1.694827292e-02        -       8.22e+00 
#
# Number of large deviations: 0
#
# Mean: -1.69482729e-02
# Block size    # of blocks         Mean                Error
      1               40       -1.69482729e-02       6.937591e-04
      2               20       -1.69482729e-02       1.006943e-03
      5                8       -1.69482729e-02       1.326625e-03
     10                4       -1.69482729e-02       1.553737e-03
# Number of outliers in post: 0 
#
# Mean: -1.51403196e+02
# Block size    # of blocks         Mean                Error
      1               40       -1.51403196e+02       1.337309e-03
      2               20       -1.51403196e+02       1.941010e-03
      5                8       -1.51403196e+02       2.607510e-03
     10                4       -1.51403196e+02       3.194601e-03
AFQMC energy: -151.40319616223744

orbE energy: -0.016948272917091056 +/- None

ph_afqmc walltime: 8.258920192718506
