# Hostname: yichi-thinkpad
# System Type: Linux
# Machine Type: x86_64
# Processor: x86_64
# Hostname: yichi-thinkpad
# System Type: Linux
# Machine Type: x86_64
# Processor: x86_64
# Number of MPI ranks: 8
#
# norb: 2
# nelec: (1, 1)
#
# n_eql: 3
# n_prop_steps: 50
# n_ene_blocks: 5
# n_sr_blocks: 5
# n_blocks: 20
# n_walkers: 20
# seed: 2
# walker_type: rhf
# trial: ccsd_hf
# dt: 0.005
# free_projection: False
# use_gpu: False
# n_exp_terms: 6
# orbital_rotation: True
# do_sr: True
# symmetry: False
# save_walkers: False
# ene0: 0.0
# n_batch: 1
# LNO: False
# orbE: 0
# maxError: 0.001
#
# 

# Propagating with 160 walkers
# Equilibration sweeps:
#   Iter 	 energy 	 Walltime
      0 	 -1.096072 	 7.00
      1 	 -1.096072 	 13.95 
      2 	 -1.096072 	 17.51 
      3 	 -1.096072 	 17.65 
#
# Sampling sweeps:
#  Iter 	 energy 	 error 	 	 Walltime
     2 	 	 -1.096072 	 0.000000 	  28.06
     4 	 	 -1.096072 	 0.000000 	  28.22
     6 	 	 -1.096072 	 0.000000 	  28.39
     8 	 	 -1.096072 	 0.000000 	  28.55
    10 	 	 -1.096072 	 0.000000 	  28.72
    12 	 	 -1.096072 	 0.000000 	  28.90
    14 	 	 -1.096072 	 0.000000 	  29.07
    16 	 	 -1.096072 	 0.000000 	  29.22
    18 	 	 -1.096072 	 0.000000 	  29.40
# Number of outliers in post: 0 
Final Results1:
AFQMC/CCSD_PT energy: -1.096072 +/- 0.000000
# remove outliers:  0
Final Results2:
AFQMC/CCSD_PT energy: -1.096072 +/- 0.000000
total run time: 29.49
