# Hostname: yichi-thinkpad
# System Type: Linux
# Machine Type: x86_64
# Processor: x86_64
# Hostname: yichi-thinkpad
# System Type: Linux
# Machine Type: x86_64
# Processor: x86_64
# Number of MPI ranks: 8
#
# norb: 3
# nelec: (2, 1)
#
# n_eql: 3
# n_prop_steps: 50
# n_ene_blocks: 5
# n_sr_blocks: 5
# n_blocks: 10
# n_walkers: 10
# seed: 2
# walker_type: uhf
# trial: ucisd
# dt: 0.005
# free_projection: False
# use_gpu: False
# n_exp_terms: 6
# orbital_rotation: True
# do_sr: True
# symmetry: False
# save_walkers: False
# ene0: 0.0
# n_batch: 1
# LNO: False
# orbE: 0
# maxError: 0.001
#
# Equilibration sweeps:
#   Iter 	 energy 	 Walltime
      0 	 -1.573023 	 22.88
      1 	 -1.573498 	 38.87 
      2 	 -1.573400 	 50.65 
      3 	 -1.573319 	 50.91 
#
# Sampling sweeps:
#  Iter 	 energy 	 error 	 	 Walltime
     1 	 	 -1.573311 	 0.000063 	  61.01
     2 	 	 -1.573249 	 0.000049 	  71.09
     3 	 	 -1.573370 	 0.000037 	  71.41
     4 	 	 -1.573386 	 0.000032 	  71.72
     5 	 	 -1.573343 	 0.000027 	  72.04
     6 	 	 -1.573340 	 0.000024 	  72.36
     7 	 	 -1.573322 	 0.000022 	  72.64
     8 	 	 -1.573085 	 0.000023 	  72.92
     9 	 	 -1.573293 	 0.000022 	  73.16
# Number of outliers in post: 0 
Final Results1:
AFQMC/CCSD_PT energy: -1.573304 +/- 0.000022
total run time: 73.17
# remove outliers:  0
Final Results2:
AFQMC/CCSD_PT energy: -1.573299 +/- 0.000027
total run time: 73.17
