# Hostname: yichi-thinkpad
# System Type: Linux
# Machine Type: x86_64
# Processor: x86_64
# Number of MPI ranks: 5
#
# norb: 12
# nelec: (6, 6)
#
# n_eql: 4
# n_prop_steps: 50
# n_ene_blocks: 5
# n_sr_blocks: 10
# n_blocks: 10
# n_walkers: 10
# seed: 2
# walker_type: rhf
# trial: cisd
# dt: 0.005
# free_projection: False
# use_gpu: False
# n_exp_terms: 6
# orbital_rotation: True
# do_sr: True
# symmetry: False
# save_walkers: False
# n_batch: 1
# ene0: 0
# LNO: False
# orbE: 0
# maxError: 0.001
#
# Hostname: yichi-thinkpad
# System Type: Linux
# Machine Type: x86_64
# Processor: x86_64
# Equilibration sweeps:
#   Iter 	 energy_pt 	 energy_og 	 Walltime
#     0 	 -6.5428774 	 -6.5428774 	 10.32
#     1 	 -6.6022205 	 -6.5403271 	 30.68 
#     2 	 -6.5571790 	 -6.5407324 	 48.88 
#     3 	 -6.5590730 	 -6.5415678 	 53.60 
#     4 	 -6.6415782 	 -6.5418940 	 58.82 
#
# Sampling sweeps:
#  Iter 	 energy_pt 	 error 		 energy_og 	 error 	 Walltime
     0 	 	 -6.575343 	 0.031534 	 -6.541706 	   None    63.54
     1 	 	 -6.578272 	 0.015620 	 -6.541665 	 0.001045  81.34
     2 	 	 -6.589832 	 0.011997 	 -6.541810 	 0.000707  99.03
     3 	 	 -6.587366 	 0.009139 	 -6.541965 	 0.000771  103.74
     4 	 	 -6.590539 	 0.010456 	 -6.542413 	 0.000684  108.46
     5 	 	 -6.600455 	 0.011090 	 -6.542599 	 0.000638  113.14
     6 	 	 -6.596148 	 0.010580 	 -6.542495 	 0.000564  117.84
     7 	 	 -6.595538 	 0.010125 	 -6.542133 	 0.000516  122.52
     8 	 	 -6.600749 	 0.009631 	 -6.542085 	 0.000471  127.23
     9 	 	 -6.601673 	 0.008651 	 -6.542164 	 0.000461  131.92
# Number of outliers in post: 0 
#
# Mean: -6.60167324e+00
# Block size    # of blocks         Mean                Error
      1               50       -6.60167324e+00       8.639559e-03
      2               25       -6.60167324e+00       8.650686e-03
      3               16       -6.60017582e+00       8.287106e-03
      5               10       -6.60167324e+00       9.214930e-03
     10                5       -6.60167324e+00       1.182475e-02
     15                3       -6.60074884e+00       7.521690e-03
     20                2       -6.59553843e+00       1.155936e-02
# Stocahstic error estimate: 8.650686e-03
#
#
# Mean: -6.54216395e+00
# Block size    # of blocks         Mean                Error
      1               50       -6.54216395e+00       4.082879e-04
      2               25       -6.54216395e+00       4.614468e-04
      3               16       -6.54218959e+00       3.616291e-04
      5               10       -6.54216395e+00       4.159155e-04
     10                5       -6.54216395e+00       5.712928e-04
     15                3       -6.54208465e+00       8.415961e-04
     20                2       -6.54213263e+00       2.371327e-04
# Stocahstic error estimate: 4.614468e-04
#
Final Results:
AFQMC/CISD_PT energy: -6.601673 +/- 0.008651
AFQMC/CISD_OG energy: -6.542164 +/- 0.000461
total run time: 131.92
