# Number of MPI ranks: 1
#
# norb: 4
# nelec: (2, 2)
#
# n_eql: 3
# n_ene_blocks: 25
# n_sr_blocks: 10
# n_blocks: 20
# n_walkers: 10
# seed: 98
# walker_type: rhf
# trial: rhf
# dt: 0.005
# orbE: 1
# prjlo: [[0. 1.]]
# maxError: 0.0005
# n_prop_steps: 50
# orbital_rotation: True
# do_sr: True
# symmetry: False
# save_walkers: False
# ene0: 0.0
# free_projection: False
#
# Equilibration sweeps:
#   Iter        Block energy      Walltime
#     0      -7.567805126e+01     9.64e-01 
#     1      -7.571037292e+01     2.40e+00 
#     2      -7.573291779e+01     3.68e+00 
#     3      -7.571531677e+01     3.76e+00 
#
# Sampling sweeps:
#  Iter        Mean energy          Stochastic error          OrbitalEnergy          OrbE Stoch Error                        Walltime
     0      -7.572343445e+01                -              -2.112095430e-02        -       5.34e+00 
     2      -7.571942009e+01                -              -1.956589678e-02        -       6.13e+00 
     4      -7.572085792e+01                -              -2.092566414e-02        -       6.93e+00 
     6      -7.572122081e+01        1.105088505e-03        -2.101094980e-02        8.266006095e-04        7.74e+00 
     8      -7.572113379e+01        8.342821581e-04        -2.099309999e-02        6.264966104e-04        8.54e+00 
    10      -7.572130622e+01        6.782615994e-04        -2.124195441e-02        5.339948871e-04        9.33e+00 
    12      -7.572162500e+01        6.086375716e-04        -2.145897846e-02        5.011878256e-04        1.01e+01 
    14      -7.572141150e+01        5.585468060e-04        -2.132541046e-02        4.496732585e-04        1.09e+01 
    16      -7.572145206e+01        5.552378140e-04        -2.121412536e-02        3.991730951e-04        1.17e+01 
    18      -7.572149201e+01        5.583271352e-04        -2.138041373e-02        4.224934411e-04        1.26e+01 
#
# Number of large deviations: 0
#
# Mean: -2.14563060e-02
# Block size    # of blocks         Mean                Error
      1               20       -2.14563060e-02       4.076829e-04
      2               10       -2.14563060e-02       3.473697e-04
      5                4       -2.14563060e-02       2.572750e-04
# Stocahstic error estimate: 4.076829e-04
#
# Number of outliers in post: 0 
#
# Mean: -7.57218826e+01
# Block size    # of blocks         Mean                Error
      1               20       -7.57218826e+01       6.630235e-04
      2               10       -7.57218826e+01       3.617227e-04
      5                4       -7.57218826e+01       5.910519e-04
# Stocahstic error estimate: 6.630235e-04
#
AFQMC energy: -75.7219 +/- 0.0007

orbE energy: -0.0215 +/- 0.0004

ph_afqmc walltime: 12.961800336837769
