# Number of MPI ranks: 1
#
# norb: 4
# nelec: (2, 2)
#
# n_eql: 3
# n_ene_blocks: 25
# n_sr_blocks: 10
# n_blocks: 20
# n_walkers: 10
# seed: 98
# walker_type: rhf
# trial: rhf
# dt: 0.005
# orbE: 1
# prjlo: [[-1.87350135e-16  1.00000000e+00]]
# maxError: 0.0005
# n_prop_steps: 50
# orbital_rotation: True
# do_sr: True
# symmetry: False
# save_walkers: False
# ene0: 0.0
# free_projection: False
#
# Equilibration sweeps:
#   Iter        Block energy      Walltime
#     0      -7.567805137e+01     1.06e+00 
#     1      -7.571496582e+01     2.52e+00 
#     2      -7.573990631e+01     3.76e+00 
#     3      -7.570911407e+01     3.84e+00 
#
# Sampling sweeps:
#  Iter        Mean energy          Stochastic error          OrbitalEnergy          OrbE Stoch Error                        Walltime
     0      -7.572510529e+01                -              -2.476100810e-02        -       5.40e+00 
     2      -7.572081461e+01                -              -2.159652193e-02        -       6.19e+00 
     4      -7.572065003e+01                -              -2.075359342e-02        -       6.97e+00 
     6      -7.572231867e+01        1.631975524e-03        -2.177656586e-02        1.142796140e-03        7.77e+00 
     8      -7.572207617e+01        1.247858823e-03        -2.168306499e-02        8.635846540e-04        8.56e+00 
    10      -7.572177487e+01        1.040701991e-03        -2.150260994e-02        7.028555245e-04        9.38e+00 
    12      -7.572187560e+01        8.714004527e-04        -2.135991230e-02        6.054308551e-04        1.02e+01 
    14      -7.572186039e+01        7.748119927e-04        -2.130459009e-02        5.813981198e-04        1.10e+01 
    16      -7.572224170e+01        7.319203071e-04        -2.173557268e-02        6.312017407e-04        1.17e+01 
    18      -7.572231245e+01        6.982146431e-04        -2.168982810e-02        5.624659943e-04        1.26e+01 
#
# Number of large deviations: 0
#
# Mean: -2.17813582e-02
# Block size    # of blocks         Mean                Error
      1               20       -2.17813582e-02       5.410426e-04
      2               10       -2.17813582e-02       3.363476e-04
      5                4       -2.17813582e-02       7.039648e-04
# Stocahstic error estimate: 5.410426e-04
#
# Number of outliers in post: 0 
#
# Mean: -7.57225333e+01
# Block size    # of blocks         Mean                Error
      1               20       -7.57225333e+01       6.991130e-04
      2               10       -7.57225333e+01       4.434250e-04
      5                4       -7.57225333e+01       9.415121e-04
# Stocahstic error estimate: 6.991130e-04
#
AFQMC energy: -75.7225 +/- 0.0007

orbE energy: -0.0218 +/- 0.0005

ph_afqmc walltime: 12.966001033782959
