Number of cores: 28

Number of cores: 28

INPUT FILE:
{
  "system": {
    "integrals": "FCIDUMP_chol"
  },
  "wavefunction": {
    "left": "rhf",
    "right": "rhf"
  },
  "sampling": {
    "seed": 645208,
    "phaseless": true,
    "dt": 0.005,
    "nsteps": 50,
    "nwalk": 10,
    "stochasticIter": 250,
    "choleskyThreshold": 0.0005,
    "orthoSteps": 20,
    "orbitalE": 3,
    "maxError": 0.00035355339059327376,
    "burnIter": 50
  },
  "print": {}
}
INPUT FILE:
{
  "system": {
    "integrals": "FCIDUMP_chol"
  },
  "wavefunction": {
    "left": "rhf",
    "right": "rhf"
  },
  "sampling": {
    "seed": 645208,
    "phaseless": true,
    "dt": 0.005,
    "nsteps": 50,
    "nwalk": 10,
    "stochasticIter": 250,
    "choleskyThreshold": 0.0005,
    "orthoSteps": 20,
    "orbitalE": 3,
    "maxError": 0.00035355339059327376,
    "burnIter": 50
  },
  "print": {}
}
INPUT FILE:
{
  "system": {
    "integrals": "FCIDUMP_chol"
  },
  "wavefunction": {
    "left": "rhf",
    "right": "rhf"
  },
  "sampling": {
    "seed": 645208,
    "phaseless": true,
    "dt": 0.005,
    "nsteps": 50,
    "nwalk": 10,
    "stochasticIter": 250,
    "choleskyThreshold": 0.0005,
    "orthoSteps": 20,
    "orbitalE": 3,
    "maxError": 0.00035355339059327376,
    "burnIter": 50
  },
  "print": {}
}
INPUT FILE:
{
  "system": {
    "integrals": "FCIDUMP_chol"
  },
  "wavefunction": {
    "left": "rhf",
    "right": "rhf"
  },
  "sampling": {
    "seed": 645208,
    "phaseless": true,
    "dt": 0.005,
    "nsteps": 50,
    "nwalk": 10,
    "stochasticIter": 250,
    "choleskyThreshold": 0.0005,
    "orthoSteps": 20,
    "orbitalE": 3,
    "maxError": 0.00035355339059327376,
    "burnIter": 50
  },
  "print": {}
}
INPUT FILE:
{
  "system": {
    "integrals": "FCIDUMP_chol"
  },
  "wavefunction": {
    "left": "rhf",
    "right": "rhf"
  },
  "sampling": {
    "seed": 645208,
    "phaseless": true,
    "dt": 0.005,
    "nsteps": 50,
    "nwalk": 10,
    "stochasticIter": 250,
    "choleskyThreshold": 0.0005,
    "orthoSteps": 20,
    "orbitalE": 3,
    "maxError": 0.00035355339059327376,
    "burnIter": 50
  },
  "print": {}
}
INPUT FILE:
{
  "system": {
    "integrals": "FCIDUMP_chol"
  },
  "wavefunction": {
    "left": "rhf",
    "right": "rhf"
  },
  "sampling": {
    "seed": 645208,
    "phaseless": true,
    "dt": 0.005,
    "nsteps": 50,
    "nwalk": 10,
    "stochasticIter": 250,
    "choleskyThreshold": 0.0005,
    "orthoSteps": 20,
    "orbitalE": 3,
    "maxError": 0.00035355339059327376,
    "burnIter": 50
  },
  "print": {}
}
INPUT FILE:
{
  "system": {
    "integrals": "FCIDUMP_chol"
  },
  "wavefunction": {
    "left": "rhf",
    "right": "rhf"
  },
  "sampling": {
    "seed": 645208,
    "phaseless": true,
    "dt": 0.005,
    "nsteps": 50,
    "nwalk": 10,
    "stochasticIter": 250,
    "choleskyThreshold": 0.0005,
    "orthoSteps": 20,
    "orbitalE": 3,
    "maxError": 0.00035355339059327376,
    "burnIter": 50
  },
  "print": {}
}
INPUT FILE:
{
  "system": {
    "integrals": "FCIDUMP_chol"
  },
  "wavefunction": {
    "left": "rhf",
    "right": "rhf"
  },
  "sampling": {
    "seed": 645208,
    "phaseless": true,
    "dt": 0.005,
    "nsteps": 50,
    "nwalk": 10,
    "stochasticIter": 250,
    "choleskyThreshold": 0.0005,
    "orthoSteps": 20,
    "orbitalE": 3,
    "maxError": 0.00035355339059327376,
    "burnIter": 50
  },
  "print": {}
}
INPUT FILE:
{
  "system": {
    "integrals": "FCIDUMP_chol"
  },
  "wavefunction": {
    "left": "rhf",
    "right": "rhf"
  },
  "sampling": {
    "seed": 645208,
    "phaseless": true,
    "dt": 0.005,
    "nsteps": 50,
    "nwalk": 10,
    "stochasticIter": 250,
    "choleskyThreshold": 0.0005,
    "orthoSteps": 20,
    "orbitalE": 3,
    "maxError": 0.00035355339059327376,
    "burnIter": 50
  },
  "print": {}
}
INPUT FILE:
{
  "system": {
    "integrals": "FCIDUMP_chol"
  },
  "wavefunction": {
    "left": "rhf",
    "right": "rhf"
  },
  "sampling": {
    "seed": 645208,
    "phaseless": true,
    "dt": 0.005,
    "nsteps": 50,
    "nwalk": 10,
    "stochasticIter": 250,
    "choleskyThreshold": 0.0005,
    "orthoSteps": 20,
    "orbitalE": 3,
    "maxError": 0.00035355339059327376,
    "burnIter": 50
  },
  "print": {}
}
INPUT FILE:
{
  "system": {
    "integrals": "FCIDUMP_chol"
  },
  "wavefunction": {
    "left": "rhf",
    "right": "rhf"
  },
  "sampling": {
    "seed": 645208,
    "phaseless": true,
    "dt": 0.005,
    "nsteps": 50,
    "nwalk": 10,
    "stochasticIter": 250,
    "choleskyThreshold": 0.0005,
    "orthoSteps": 20,
    "orbitalE": 3,
    "maxError": 0.00035355339059327376,
    "burnIter": 50
  },
  "print": {}
}
INPUT FILE:
{
  "system": {
    "integrals": "FCIDUMP_chol"
  },
  "wavefunction": {
    "left": "rhf",
    "right": "rhf"
  },
  "sampling": {
    "seed": 645208,
    "phaseless": true,
    "dt": 0.005,
    "nsteps": 50,
    "nwalk": 10,
    "stochasticIter": 250,
    "choleskyThreshold": 0.0005,
    "orthoSteps": 20,
    "orbitalE": 3,
    "maxError": 0.00035355339059327376,
    "burnIter": 50
  },
  "print": {}
}
INPUT FILE:
{
  "system": {
    "integrals": "FCIDUMP_chol"
  },
  "wavefunction": {
    "left": "rhf",
    "right": "rhf"
  },
  "sampling": {
    "seed": 645208,
    "phaseless": true,
    "dt": 0.005,
    "nsteps": 50,
    "nwalk": 10,
    "stochasticIter": 250,
    "choleskyThreshold": 0.0005,
    "orthoSteps": 20,
    "orbitalE": 3,
    "maxError": 0.00035355339059327376,
    "burnIter": 50
  },
  "print": {}
}
INPUT FILE:
{
  "system": {
    "integrals": "FCIDUMP_chol"
  },
  "wavefunction": {
    "left": "rhf",
    "right": "rhf"
  },
  "sampling": {
    "seed": 645208,
    "phaseless": true,
    "dt": 0.005,
    "nsteps": 50,
    "nwalk": 10,
    "stochasticIter": 250,
    "choleskyThreshold": 0.0005,
    "orthoSteps": 20,
    "orbitalE": 3,
    "maxError": 0.00035355339059327376,
    "burnIter": 50
  },
  "print": {}
}
INPUT FILE:
{
  "system": {
    "integrals": "FCIDUMP_chol"
  },
  "wavefunction": {
    "left": "rhf",
    "right": "rhf"
  },
  "sampling": {
    "seed": 645208,
    "phaseless": true,
    "dt": 0.005,
    "nsteps": 50,
    "nwalk": 10,
    "stochasticIter": 250,
    "choleskyThreshold": 0.0005,
    "orthoSteps": 20,
    "orbitalE": 3,
    "maxError": 0.00035355339059327376,
    "burnIter": 50
  },
  "print": {}
}
INPUT FILE:
{
  "system": {
    "integrals": "FCIDUMP_chol"
  },
  "wavefunction": {
    "left": "rhf",
    "right": "rhf"
  },
  "sampling": {
    "seed": 645208,
    "phaseless": true,
    "dt": 0.005,
    "nsteps": 50,
    "nwalk": 10,
    "stochasticIter": 250,
    "choleskyThreshold": 0.0005,
    "orthoSteps": 20,
    "orbitalE": 3,
    "maxError": 0.00035355339059327376,
    "burnIter": 50
  },
  "print": {}
}
INPUT FILE:
{
  "system": {
    "integrals": "FCIDUMP_chol"
  },
  "wavefunction": {
    "left": "rhf",
    "right": "rhf"
  },
  "sampling": {
    "seed": 645208,
    "phaseless": true,
    "dt": 0.005,
    "nsteps": 50,
    "nwalk": 10,
    "stochasticIter": 250,
    "choleskyThreshold": 0.0005,
    "orthoSteps": 20,
    "orbitalE": 3,
    "maxError": 0.00035355339059327376,
    "burnIter": 50
  },
  "print": {}
}
INPUT FILE:
{
  "system": {
    "integrals": "FCIDUMP_chol"
  },
  "wavefunction": {
    "left": "rhf",
    "right": "rhf"
  },
  "sampling": {
    "seed": 645208,
    "phaseless": true,
    "dt": 0.005,
    "nsteps": 50,
    "nwalk": 10,
    "stochasticIter": 250,
    "choleskyThreshold": 0.0005,
    "orthoSteps": 20,
    "orbitalE": 3,
    "maxError": 0.00035355339059327376,
    "burnIter": 50
  },
  "print": {}
}
INPUT FILE:
{
  "system": {
    "integrals": "FCIDUMP_chol"
  },
  "wavefunction": {
    "left": "rhf",
    "right": "rhf"
  },
  "sampling": {
    "seed": 645208,
    "phaseless": true,
    "dt": 0.005,
    "nsteps": 50,
    "nwalk": 10,
    "stochasticIter": 250,
    "choleskyThreshold": 0.0005,
    "orthoSteps": 20,
    "orbitalE": 3,
    "maxError": 0.00035355339059327376,
    "burnIter": 50
  },
  "print": {}
}
INPUT FILE:
{
  "system": {
    "integrals": "FCIDUMP_chol"
  },
  "wavefunction": {
    "left": "rhf",
    "right": "rhf"
  },
  "sampling": {
    "seed": 645208,
    "phaseless": true,
    "dt": 0.005,
    "nsteps": 50,
    "nwalk": 10,
    "stochasticIter": 250,
    "choleskyThreshold": 0.0005,
    "orthoSteps": 20,
    "orbitalE": 3,
    "maxError": 0.00035355339059327376,
    "burnIter": 50
  },
  "print": {}
}
INPUT FILE:
{
  "system": {
    "integrals": "FCIDUMP_chol"
  },
  "wavefunction": {
    "left": "rhf",
    "right": "rhf"
  },
  "sampling": {
    "seed": 645208,
    "phaseless": true,
    "dt": 0.005,
    "nsteps": 50,
    "nwalk": 10,
    "stochasticIter": 250,
    "choleskyThreshold": 0.0005,
    "orthoSteps": 20,
    "orbitalE": 3,
    "maxError": 0.00035355339059327376,
    "burnIter": 50
  },
  "print": {}
}
INPUT FILE:
{
  "system": {
    "integrals": "FCIDUMP_chol"
  },
  "wavefunction": {
    "left": "rhf",
    "right": "rhf"
  },
  "sampling": {
    "seed": 645208,
    "phaseless": true,
    "dt": 0.005,
    "nsteps": 50,
    "nwalk": 10,
    "stochasticIter": 250,
    "choleskyThreshold": 0.0005,
    "orthoSteps": 20,
    "orbitalE": 3,
    "maxError": 0.00035355339059327376,
    "burnIter": 50
  },
  "print": {}
}
INPUT FILE:
{
  "system": {
    "integrals": "FCIDUMP_chol"
  },
  "wavefunction": {
    "left": "rhf",
    "right": "rhf"
  },
  "sampling": {
    "seed": 645208,
    "phaseless": true,
    "dt": 0.005,
    "nsteps": 50,
    "nwalk": 10,
    "stochasticIter": 250,
    "choleskyThreshold": 0.0005,
    "orthoSteps": 20,
    "orbitalE": 3,
    "maxError": 0.00035355339059327376,
    "burnIter": 50
  },
  "print": {}
}
INPUT FILE:
{
  "system": {
    "integrals": "FCIDUMP_chol"
  },
  "wavefunction": {
    "left": "rhf",
    "right": "rhf"
  },
  "sampling": {
    "seed": 645208,
    "phaseless": true,
    "dt": 0.005,
    "nsteps": 50,
    "nwalk": 10,
    "stochasticIter": 250,
    "choleskyThreshold": 0.0005,
    "orthoSteps": 20,
    "orbitalE": 3,
    "maxError": 0.00035355339059327376,
    "burnIter": 50
  },
  "print": {}
}
INPUT FILE:
{
  "system": {
    "integrals": "FCIDUMP_chol"
  },
  "wavefunction": {
    "left": "rhf",
    "right": "rhf"
  },
  "sampling": {
    "seed": 645208,
    "phaseless": true,
    "dt": 0.005,
    "nsteps": 50,
    "nwalk": 10,
    "stochasticIter": 250,
    "choleskyThreshold": 0.0005,
    "orthoSteps": 20,
    "orbitalE": 3,
    "maxError": 0.00035355339059327376,
    "burnIter": 50
  },
  "print": {}
}
INPUT FILE:
{
  "system": {
    "integrals": "FCIDUMP_chol"
  },
  "wavefunction": {
    "left": "rhf",
    "right": "rhf"
  },
  "sampling": {
    "seed": 645208,
    "phaseless": true,
    "dt": 0.005,
    "nsteps": 50,
    "nwalk": 10,
    "stochasticIter": 250,
    "choleskyThreshold": 0.0005,
    "orthoSteps": 20,
    "orbitalE": 3,
    "maxError": 0.00035355339059327376,
    "burnIter": 50
  },
  "print": {}
}
INPUT FILE:
{
  "system": {
    "integrals": "FCIDUMP_chol"
  },
  "wavefunction": {
    "left": "rhf",
    "right": "rhf"
  },
  "sampling": {
    "seed": 645208,
    "phaseless": true,
    "dt": 0.005,
    "nsteps": 50,
    "nwalk": 10,
    "stochasticIter": 250,
    "choleskyThreshold": 0.0005,
    "orthoSteps": 20,
    "orbitalE": 3,
    "maxError": 0.00035355339059327376,
    "burnIter": 50
  },
  "print": {}
}
INPUT FILE:
{
  "system": {
    "integrals": "FCIDUMP_chol"
  },
  "wavefunction": {
    "left": "rhf",
    "right": "rhf"
  },
  "sampling": {
    "seed": 645208,
    "phaseless": true,
    "dt": 0.005,
    "nsteps": 50,
    "nwalk": 10,
    "stochasticIter": 250,
    "choleskyThreshold": 0.0005,
    "orthoSteps": 20,
    "orbitalE": 3,
    "maxError": 0.00035355339059327376,
    "burnIter": 50
  },
  "print": {}
}
   Iter        Mean energy          Stochastic error       Walltime
     0      -1.520625081e+02                -              8.45e-01 
75
    75      -1.522485366e+02                -              -5.287075160e-02              -              3.62e+01 
100
   100      -1.522489846e+02        6.205354470e-04        -5.313366543e-02        2.220111128e-04        4.70e+01 
125
   125      -1.522492410e+02        4.789777554e-04        -5.311856202e-02        1.717624550e-04        5.78e+01 
150
   150      -1.522494307e+02        3.944761374e-04        -5.318207203e-02        1.387491819e-04        6.88e+01 
175
   175      -1.522495479e+02        3.641680943e-04        -5.321715680e-02        1.246354552e-04        7.97e+01 
200
   200      -1.522494179e+02        3.156274403e-04        -5.321004888e-02        1.110849720e-04        9.06e+01 
225
   225      -1.522494642e+02        3.131687059e-04        -5.322937291e-02        1.093013978e-04        1.02e+02 

Mean energy: -1.52249529e+02
Block size    # of blocks        Mean                Error
     1            200       -1.52249529e+02       2.652084e-04
     2            100       -1.52249529e+02       2.776558e-04
     5             40       -1.52249529e+02       2.536124e-04
    10             20       -1.52249529e+02       2.260228e-04
    20             10       -1.52249529e+02       1.910165e-04
    50              4       -1.52249529e+02       2.468144e-04
    70              2       -1.52249538e+02       3.291312e-04
Stocahstic error estimate: 2.776558e-04


Mean energy: -5.32520935e-02
Block size    # of blocks        Mean                Error
     1            200       -5.32520935e-02       9.945466e-05
     2            100       -5.32520935e-02       9.908902e-05
     5             40       -5.32520935e-02       9.482431e-05
    10             20       -5.32520935e-02       8.660254e-05
    20             10       -5.32520935e-02       6.469084e-05
    50              4       -5.32520935e-02       5.830840e-05
    70              2       -5.32337496e-02       1.819631e-04
Stocahstic error estimate: 9.945466e-05

AFQMC energy: -152.2495 +/- 0.0003

orbE energy: -0.05325 +/- 0.00010

ph_afqmc_jax walltime: 112.01143145561218
