Number of cores: 28

Number of cores: 28

INPUT FILE:
{
  "system": {
    "integrals": "FCIDUMP_chol"
  },
  "wavefunction": {
    "left": "rhf",
    "right": "rhf"
  },
  "sampling": {
    "seed": 210728,
    "phaseless": true,
    "dt": 0.005,
    "nsteps": 50,
    "nwalk": 10,
    "stochasticIter": 250,
    "choleskyThreshold": 0.0005,
    "orthoSteps": 20,
    "orbitalE": 3,
    "maxError": 0.00035355339059327376,
    "burnIter": 50
  },
  "print": {}
}
INPUT FILE:
{
  "system": {
    "integrals": "FCIDUMP_chol"
  },
  "wavefunction": {
    "left": "rhf",
    "right": "rhf"
  },
  "sampling": {
    "seed": 210728,
    "phaseless": true,
    "dt": 0.005,
    "nsteps": 50,
    "nwalk": 10,
    "stochasticIter": 250,
    "choleskyThreshold": 0.0005,
    "orthoSteps": 20,
    "orbitalE": 3,
    "maxError": 0.00035355339059327376,
    "burnIter": 50
  },
  "print": {}
}
INPUT FILE:
INPUT FILE:
INPUT FILE:
{
  "system": {
    "integrals": "FCIDUMP_chol"
  },
  "wavefunction": {
    "left": "rhf",
    "right": "rhf"
  },
  "sampling": {
    "seed": 210728,
    "phaseless": true,
    "dt": 0.005,
    "nsteps": 50,
    "nwalk": 10,
    "stochasticIter": 250,
    "choleskyThreshold": 0.0005,
    "orthoSteps": 20,
    "orbitalE": 3,
    "maxError": 0.00035355339059327376,
    "burnIter": 50
  },
  "print": {}
}
{
  "system": {
    "integrals": "FCIDUMP_chol"
  },
  "wavefunction": {
    "left": "rhf",
    "right": "rhf"
  },
  "sampling": {
    "seed": 210728,
    "phaseless": true,
    "dt": 0.005,
    "nsteps": 50,
    "nwalk": 10,
    "stochasticIter": 250,
    "choleskyThreshold": 0.0005,
    "orthoSteps": 20,
    "orbitalE": 3,
    "maxError": 0.00035355339059327376,
    "burnIter": 50
  },
  "print": {}
}
{
  "system": {
    "integrals": "FCIDUMP_chol"
  },
  "wavefunction": {
    "left": "rhf",
    "right": "rhf"
  },
  "sampling": {
    "seed": 210728,
    "phaseless": true,
    "dt": 0.005,
    "nsteps": 50,
    "nwalk": 10,
    "stochasticIter": 250,
    "choleskyThreshold": 0.0005,
    "orthoSteps": 20,
    "orbitalE": 3,
    "maxError": 0.00035355339059327376,
    "burnIter": 50
  },
  "print": {}
}
INPUT FILE:
{
  "system": {
    "integrals": "FCIDUMP_chol"
  },
  "wavefunction": {
    "left": "rhf",
    "right": "rhf"
  },
  "sampling": {
    "seed": 210728,
    "phaseless": true,
    "dt": 0.005,
    "nsteps": 50,
    "nwalk": 10,
    "stochasticIter": 250,
    "choleskyThreshold": 0.0005,
    "orthoSteps": 20,
    "orbitalE": 3,
    "maxError": 0.00035355339059327376,
    "burnIter": 50
  },
  "print": {}
}
INPUT FILE:
{
  "system": {
    "integrals": "FCIDUMP_chol"
  },
  "wavefunction": {
    "left": "rhf",
    "right": "rhf"
  },
  "sampling": {
    "seed": 210728,
    "phaseless": true,
    "dt": 0.005,
    "nsteps": 50,
    "nwalk": 10,
    "stochasticIter": 250,
    "choleskyThreshold": 0.0005,
    "orthoSteps": 20,
    "orbitalE": 3,
    "maxError": 0.00035355339059327376,
    "burnIter": 50
  },
  "print": {}
}
INPUT FILE:
{
  "system": {
    "integrals": "FCIDUMP_chol"
  },
  "wavefunction": {
    "left": "rhf",
    "right": "rhf"
  },
  "sampling": {
    "seed": 210728,
    "phaseless": true,
    "dt": 0.005,
    "nsteps": 50,
    "nwalk": 10,
    "stochasticIter": 250,
    "choleskyThreshold": 0.0005,
    "orthoSteps": 20,
    "orbitalE": 3,
    "maxError": 0.00035355339059327376,
    "burnIter": 50
  },
  "print": {}
}
INPUT FILE:
{
  "system": {
    "integrals": "FCIDUMP_chol"
  },
  "wavefunction": {
    "left": "rhf",
    "right": "rhf"
  },
  "sampling": {
    "seed": 210728,
    "phaseless": true,
    "dt": 0.005,
    "nsteps": 50,
    "nwalk": 10,
    "stochasticIter": 250,
    "choleskyThreshold": 0.0005,
    "orthoSteps": 20,
    "orbitalE": 3,
    "maxError": 0.00035355339059327376,
    "burnIter": 50
  },
  "print": {}
}
INPUT FILE:
{
  "system": {
    "integrals": "FCIDUMP_chol"
  },
  "wavefunction": {
    "left": "rhf",
    "right": "rhf"
  },
  "sampling": {
    "seed": 210728,
    "phaseless": true,
    "dt": 0.005,
    "nsteps": 50,
    "nwalk": 10,
    "stochasticIter": 250,
    "choleskyThreshold": 0.0005,
    "orthoSteps": 20,
    "orbitalE": 3,
    "maxError": 0.00035355339059327376,
    "burnIter": 50
  },
  "print": {}
}
INPUT FILE:
{
  "system": {
    "integrals": "FCIDUMP_chol"
  },
  "wavefunction": {
    "left": "rhf",
    "right": "rhf"
  },
  "sampling": {
    "seed": 210728,
    "phaseless": true,
    "dt": 0.005,
    "nsteps": 50,
    "nwalk": 10,
    "stochasticIter": 250,
    "choleskyThreshold": 0.0005,
    "orthoSteps": 20,
    "orbitalE": 3,
    "maxError": 0.00035355339059327376,
    "burnIter": 50
  },
  "print": {}
}
INPUT FILE:
{
  "system": {
    "integrals": "FCIDUMP_chol"
  },
  "wavefunction": {
    "left": "rhf",
    "right": "rhf"
  },
  "sampling": {
    "seed": 210728,
    "phaseless": true,
    "dt": 0.005,
    "nsteps": 50,
    "nwalk": 10,
    "stochasticIter": 250,
    "choleskyThreshold": 0.0005,
    "orthoSteps": 20,
    "orbitalE": 3,
    "maxError": 0.00035355339059327376,
    "burnIter": 50
  },
  "print": {}
}
INPUT FILE:
{
  "system": {
    "integrals": "FCIDUMP_chol"
  },
  "wavefunction": {
    "left": "rhf",
    "right": "rhf"
  },
  "sampling": {
    "seed": 210728,
    "phaseless": true,
    "dt": 0.005,
    "nsteps": 50,
    "nwalk": 10,
    "stochasticIter": 250,
    "choleskyThreshold": 0.0005,
    "orthoSteps": 20,
    "orbitalE": 3,
    "maxError": 0.00035355339059327376,
    "burnIter": 50
  },
  "print": {}
}
INPUT FILE:
{
  "system": {
    "integrals": "FCIDUMP_chol"
  },
  "wavefunction": {
    "left": "rhf",
    "right": "rhf"
  },
  "sampling": {
    "seed": 210728,
    "phaseless": true,
    "dt": 0.005,
    "nsteps": 50,
    "nwalk": 10,
    "stochasticIter": 250,
    "choleskyThreshold": 0.0005,
    "orthoSteps": 20,
    "orbitalE": 3,
    "maxError": 0.00035355339059327376,
    "burnIter": 50
  },
  "print": {}
}
INPUT FILE:
{
  "system": {
    "integrals": "FCIDUMP_chol"
  },
  "wavefunction": {
    "left": "rhf",
    "right": "rhf"
  },
  "sampling": {
    "seed": 210728,
    "phaseless": true,
    "dt": 0.005,
    "nsteps": 50,
    "nwalk": 10,
    "stochasticIter": 250,
    "choleskyThreshold": 0.0005,
    "orthoSteps": 20,
    "orbitalE": 3,
    "maxError": 0.00035355339059327376,
    "burnIter": 50
  },
  "print": {}
}
INPUT FILE:
{
  "system": {
    "integrals": "FCIDUMP_chol"
  },
  "wavefunction": {
    "left": "rhf",
    "right": "rhf"
  },
  "sampling": {
    "seed": 210728,
    "phaseless": true,
    "dt": 0.005,
    "nsteps": 50,
    "nwalk": 10,
    "stochasticIter": 250,
    "choleskyThreshold": 0.0005,
    "orthoSteps": 20,
    "orbitalE": 3,
    "maxError": 0.00035355339059327376,
    "burnIter": 50
  },
  "print": {}
}
INPUT FILE:
{
  "system": {
    "integrals": "FCIDUMP_chol"
  },
  "wavefunction": {
    "left": "rhf",
    "right": "rhf"
  },
  "sampling": {
    "seed": 210728,
    "phaseless": true,
    "dt": 0.005,
    "nsteps": 50,
    "nwalk": 10,
    "stochasticIter": 250,
    "choleskyThreshold": 0.0005,
    "orthoSteps": 20,
    "orbitalE": 3,
    "maxError": 0.00035355339059327376,
    "burnIter": 50
  },
  "print": {}
}
INPUT FILE:
{
  "system": {
    "integrals": "FCIDUMP_chol"
  },
  "wavefunction": {
    "left": "rhf",
    "right": "rhf"
  },
  "sampling": {
    "seed": 210728,
    "phaseless": true,
    "dt": 0.005,
    "nsteps": 50,
    "nwalk": 10,
    "stochasticIter": 250,
    "choleskyThreshold": 0.0005,
    "orthoSteps": 20,
    "orbitalE": 3,
    "maxError": 0.00035355339059327376,
    "burnIter": 50
  },
  "print": {}
}
INPUT FILE:
{
  "system": {
    "integrals": "FCIDUMP_chol"
  },
  "wavefunction": {
    "left": "rhf",
    "right": "rhf"
  },
  "sampling": {
    "seed": 210728,
    "phaseless": true,
    "dt": 0.005,
    "nsteps": 50,
    "nwalk": 10,
    "stochasticIter": 250,
    "choleskyThreshold": 0.0005,
    "orthoSteps": 20,
    "orbitalE": 3,
    "maxError": 0.00035355339059327376,
    "burnIter": 50
  },
  "print": {}
}
INPUT FILE:
{
  "system": {
    "integrals": "FCIDUMP_chol"
  },
  "wavefunction": {
    "left": "rhf",
    "right": "rhf"
  },
  "sampling": {
    "seed": 210728,
    "phaseless": true,
    "dt": 0.005,
    "nsteps": 50,
    "nwalk": 10,
    "stochasticIter": 250,
    "choleskyThreshold": 0.0005,
    "orthoSteps": 20,
    "orbitalE": 3,
    "maxError": 0.00035355339059327376,
    "burnIter": 50
  },
  "print": {}
}
INPUT FILE:
{
  "system": {
    "integrals": "FCIDUMP_chol"
  },
  "wavefunction": {
    "left": "rhf",
    "right": "rhf"
  },
  "sampling": {
    "seed": 210728,
    "phaseless": true,
    "dt": 0.005,
    "nsteps": 50,
    "nwalk": 10,
    "stochasticIter": 250,
    "choleskyThreshold": 0.0005,
    "orthoSteps": 20,
    "orbitalE": 3,
    "maxError": 0.00035355339059327376,
    "burnIter": 50
  },
  "print": {}
}
INPUT FILE:
{
  "system": {
    "integrals": "FCIDUMP_chol"
  },
  "wavefunction": {
    "left": "rhf",
    "right": "rhf"
  },
  "sampling": {
    "seed": 210728,
    "phaseless": true,
    "dt": 0.005,
    "nsteps": 50,
    "nwalk": 10,
    "stochasticIter": 250,
    "choleskyThreshold": 0.0005,
    "orthoSteps": 20,
    "orbitalE": 3,
    "maxError": 0.00035355339059327376,
    "burnIter": 50
  },
  "print": {}
}
INPUT FILE:
{
  "system": {
    "integrals": "FCIDUMP_chol"
  },
  "wavefunction": {
    "left": "rhf",
    "right": "rhf"
  },
  "sampling": {
    "seed": 210728,
    "phaseless": true,
    "dt": 0.005,
    "nsteps": 50,
    "nwalk": 10,
    "stochasticIter": 250,
    "choleskyThreshold": 0.0005,
    "orthoSteps": 20,
    "orbitalE": 3,
    "maxError": 0.00035355339059327376,
    "burnIter": 50
  },
  "print": {}
}
INPUT FILE:
{
  "system": {
    "integrals": "FCIDUMP_chol"
  },
  "wavefunction": {
    "left": "rhf",
    "right": "rhf"
  },
  "sampling": {
    "seed": 210728,
    "phaseless": true,
    "dt": 0.005,
    "nsteps": 50,
    "nwalk": 10,
    "stochasticIter": 250,
    "choleskyThreshold": 0.0005,
    "orthoSteps": 20,
    "orbitalE": 3,
    "maxError": 0.00035355339059327376,
    "burnIter": 50
  },
  "print": {}
}
INPUT FILE:
{
  "system": {
    "integrals": "FCIDUMP_chol"
  },
  "wavefunction": {
    "left": "rhf",
    "right": "rhf"
  },
  "sampling": {
    "seed": 210728,
    "phaseless": true,
    "dt": 0.005,
    "nsteps": 50,
    "nwalk": 10,
    "stochasticIter": 250,
    "choleskyThreshold": 0.0005,
    "orthoSteps": 20,
    "orbitalE": 3,
    "maxError": 0.00035355339059327376,
    "burnIter": 50
  },
  "print": {}
}
INPUT FILE:
{
  "system": {
    "integrals": "FCIDUMP_chol"
  },
  "wavefunction": {
    "left": "rhf",
    "right": "rhf"
  },
  "sampling": {
    "seed": 210728,
    "phaseless": true,
    "dt": 0.005,
    "nsteps": 50,
    "nwalk": 10,
    "stochasticIter": 250,
    "choleskyThreshold": 0.0005,
    "orthoSteps": 20,
    "orbitalE": 3,
    "maxError": 0.00035355339059327376,
    "burnIter": 50
  },
  "print": {}
}
INPUT FILE:
{
  "system": {
    "integrals": "FCIDUMP_chol"
  },
  "wavefunction": {
    "left": "rhf",
    "right": "rhf"
  },
  "sampling": {
    "seed": 210728,
    "phaseless": true,
    "dt": 0.005,
    "nsteps": 50,
    "nwalk": 10,
    "stochasticIter": 250,
    "choleskyThreshold": 0.0005,
    "orthoSteps": 20,
    "orbitalE": 3,
    "maxError": 0.00035355339059327376,
    "burnIter": 50
  },
  "print": {}
}
INPUT FILE:
{
  "system": {
    "integrals": "FCIDUMP_chol"
  },
  "wavefunction": {
    "left": "rhf",
    "right": "rhf"
  },
  "sampling": {
    "seed": 210728,
    "phaseless": true,
    "dt": 0.005,
    "nsteps": 50,
    "nwalk": 10,
    "stochasticIter": 250,
    "choleskyThreshold": 0.0005,
    "orthoSteps": 20,
    "orbitalE": 3,
    "maxError": 0.00035355339059327376,
    "burnIter": 50
  },
  "print": {}
}
   Iter        Mean energy          Stochastic error       Walltime
     0      -1.520625105e+02                -              5.26e+00 
75
    75      -1.522355406e+02        8.414520899e-04        -4.232006361e-02        2.191640463e-04        2.95e+01 
100
   100      -1.522354080e+02        5.428531587e-04        -4.218544227e-02        1.563790203e-04        3.67e+01 
125
   125      -1.522362348e+02        4.767045677e-04        -4.237846742e-02        1.447958641e-04        4.39e+01 
150
   150      -1.522360069e+02        4.168456426e-04        -4.227859798e-02        1.336861691e-04        5.10e+01 
175
   175      -1.522361072e+02        3.687066894e-04        -4.226672862e-02        1.134664805e-04        5.84e+01 
200
   200      -1.522360582e+02        3.404599903e-04        -4.227047596e-02        1.026925027e-04        6.56e+01 
225
   225      -1.522360742e+02        3.075839772e-04        -4.229471775e-02        9.283597772e-05        7.28e+01 

Mean energy: -1.52236217e+02
Block size    # of blocks        Mean                Error
     1            200       -1.52236217e+02       2.875246e-04
     2            100       -1.52236217e+02       2.995884e-04
     5             40       -1.52236217e+02       2.889575e-04
    10             20       -1.52236217e+02       3.160307e-04
    20             10       -1.52236217e+02       3.607338e-04
    50              4       -1.52236217e+02       3.391062e-04
    70              2       -1.52236166e+02       4.483161e-05
Stocahstic error estimate: 2.995884e-04


Mean energy: -4.23383262e-02
Block size    # of blocks        Mean                Error
     1            200       -4.23383262e-02       8.363167e-05
     2            100       -4.23383262e-02       8.935495e-05
     5             40       -4.23383262e-02       8.416703e-05
    10             20       -4.23383262e-02       8.872891e-05
    20             10       -4.23383262e-02       9.855305e-05
    50              4       -4.23383262e-02       9.006324e-05
    70              2       -4.22898957e-02       1.003885e-04
Stocahstic error estimate: 8.935495e-05

AFQMC energy: -152.2362 +/- 0.0003

orbE energy: -0.04234 +/- 0.00009

ph_afqmc_jax walltime: 79.87651991844177
