Number of cores: 28

Number of cores: 28

INPUT FILE:
{
  "system": {
    "integrals": "FCIDUMP_chol"
  },
  "wavefunction": {
    "left": "rhf",
    "right": "rhf"
  },
  "sampling": {
    "seed": 966205,
    "phaseless": true,
    "dt": 0.005,
    "nsteps": 50,
    "nwalk": 10,
    "stochasticIter": 250,
    "choleskyThreshold": 0.0005,
    "orthoSteps": 20,
    "orbitalE": 3,
    "maxError": 0.00035355339059327376,
    "burnIter": 50
  },
  "print": {}
}
INPUT FILE:
{
  "system": {
    "integrals": "FCIDUMP_chol"
  },
  "wavefunction": {
    "left": "rhf",
    "right": "rhf"
  },
  "sampling": {
    "seed": 966205,
    "phaseless": true,
    "dt": 0.005,
    "nsteps": 50,
    "nwalk": 10,
    "stochasticIter": 250,
    "choleskyThreshold": 0.0005,
    "orthoSteps": 20,
    "orbitalE": 3,
    "maxError": 0.00035355339059327376,
    "burnIter": 50
  },
  "print": {}
}
INPUT FILE:
INPUT FILE:
{
  "system": {
    "integrals": "FCIDUMP_chol"
  },
  "wavefunction": {
    "left": "rhf",
    "right": "rhf"
  },
  "sampling": {
    "seed": 966205,
    "phaseless": true,
    "dt": 0.005,
    "nsteps": 50,
    "nwalk": 10,
    "stochasticIter": 250,
    "choleskyThreshold": 0.0005,
    "orthoSteps": 20,
    "orbitalE": 3,
    "maxError": 0.00035355339059327376,
    "burnIter": 50
  },
  "print": {}
}
{
  "system": {
    "integrals": "FCIDUMP_chol"
  },
  "wavefunction": {
    "left": "rhf",
    "right": "rhf"
  },
  "sampling": {
    "seed": 966205,
    "phaseless": true,
    "dt": 0.005,
    "nsteps": 50,
    "nwalk": 10,
    "stochasticIter": 250,
    "choleskyThreshold": 0.0005,
    "orthoSteps": 20,
    "orbitalE": 3,
    "maxError": 0.00035355339059327376,
    "burnIter": 50
  },
  "print": {}
}
INPUT FILE:
{
  "system": {
    "integrals": "FCIDUMP_chol"
  },
  "wavefunction": {
    "left": "rhf",
    "right": "rhf"
  },
  "sampling": {
    "seed": 966205,
    "phaseless": true,
    "dt": 0.005,
    "nsteps": 50,
    "nwalk": 10,
    "stochasticIter": 250,
    "choleskyThreshold": 0.0005,
    "orthoSteps": 20,
    "orbitalE": 3,
    "maxError": 0.00035355339059327376,
    "burnIter": 50
  },
  "print": {}
}
INPUT FILE:
{
  "system": {
    "integrals": "FCIDUMP_chol"
  },
  "wavefunction": {
    "left": "rhf",
    "right": "rhf"
  },
  "sampling": {
    "seed": 966205,
    "phaseless": true,
    "dt": 0.005,
    "nsteps": 50,
    "nwalk": 10,
    "stochasticIter": 250,
    "choleskyThreshold": 0.0005,
    "orthoSteps": 20,
    "orbitalE": 3,
    "maxError": 0.00035355339059327376,
    "burnIter": 50
  },
  "print": {}
}
INPUT FILE:
{
  "system": {
    "integrals": "FCIDUMP_chol"
  },
  "wavefunction": {
    "left": "rhf",
    "right": "rhf"
  },
  "sampling": {
    "seed": 966205,
    "phaseless": true,
    "dt": 0.005,
    "nsteps": 50,
    "nwalk": 10,
    "stochasticIter": 250,
    "choleskyThreshold": 0.0005,
    "orthoSteps": 20,
    "orbitalE": 3,
    "maxError": 0.00035355339059327376,
    "burnIter": 50
  },
  "print": {}
}
INPUT FILE:
{
  "system": {
    "integrals": "FCIDUMP_chol"
  },
  "wavefunction": {
    "left": "rhf",
    "right": "rhf"
  },
  "sampling": {
    "seed": 966205,
    "phaseless": true,
    "dt": 0.005,
    "nsteps": 50,
    "nwalk": 10,
    "stochasticIter": 250,
    "choleskyThreshold": 0.0005,
    "orthoSteps": 20,
    "orbitalE": 3,
    "maxError": 0.00035355339059327376,
    "burnIter": 50
  },
  "print": {}
}
INPUT FILE:
{
  "system": {
    "integrals": "FCIDUMP_chol"
  },
  "wavefunction": {
    "left": "rhf",
    "right": "rhf"
  },
  "sampling": {
    "seed": 966205,
    "phaseless": true,
    "dt": 0.005,
    "nsteps": 50,
    "nwalk": 10,
    "stochasticIter": 250,
    "choleskyThreshold": 0.0005,
    "orthoSteps": 20,
    "orbitalE": 3,
    "maxError": 0.00035355339059327376,
    "burnIter": 50
  },
  "print": {}
}
INPUT FILE:
{
  "system": {
    "integrals": "FCIDUMP_chol"
  },
  "wavefunction": {
    "left": "rhf",
    "right": "rhf"
  },
  "sampling": {
    "seed": 966205,
    "phaseless": true,
    "dt": 0.005,
    "nsteps": 50,
    "nwalk": 10,
    "stochasticIter": 250,
    "choleskyThreshold": 0.0005,
    "orthoSteps": 20,
    "orbitalE": 3,
    "maxError": 0.00035355339059327376,
    "burnIter": 50
  },
  "print": {}
}
INPUT FILE:
{
  "system": {
    "integrals": "FCIDUMP_chol"
  },
  "wavefunction": {
    "left": "rhf",
    "right": "rhf"
  },
  "sampling": {
    "seed": 966205,
    "phaseless": true,
    "dt": 0.005,
    "nsteps": 50,
    "nwalk": 10,
    "stochasticIter": 250,
    "choleskyThreshold": 0.0005,
    "orthoSteps": 20,
    "orbitalE": 3,
    "maxError": 0.00035355339059327376,
    "burnIter": 50
  },
  "print": {}
}
INPUT FILE:
{
  "system": {
    "integrals": "FCIDUMP_chol"
  },
  "wavefunction": {
    "left": "rhf",
    "right": "rhf"
  },
  "sampling": {
    "seed": 966205,
    "phaseless": true,
    "dt": 0.005,
    "nsteps": 50,
    "nwalk": 10,
    "stochasticIter": 250,
    "choleskyThreshold": 0.0005,
    "orthoSteps": 20,
    "orbitalE": 3,
    "maxError": 0.00035355339059327376,
    "burnIter": 50
  },
  "print": {}
}
INPUT FILE:
{
  "system": {
    "integrals": "FCIDUMP_chol"
  },
  "wavefunction": {
    "left": "rhf",
    "right": "rhf"
  },
  "sampling": {
    "seed": 966205,
    "phaseless": true,
    "dt": 0.005,
    "nsteps": 50,
    "nwalk": 10,
    "stochasticIter": 250,
    "choleskyThreshold": 0.0005,
    "orthoSteps": 20,
    "orbitalE": 3,
    "maxError": 0.00035355339059327376,
    "burnIter": 50
  },
  "print": {}
}
INPUT FILE:
INPUT FILE:
INPUT FILE:
{
  "system": {
    "integrals": "FCIDUMP_chol"
  },
  "wavefunction": {
    "left": "rhf",
    "right": "rhf"
  },
  "sampling": {
    "seed": 966205,
    "phaseless": true,
    "dt": 0.005,
    "nsteps": 50,
    "nwalk": 10,
    "stochasticIter": 250,
    "choleskyThreshold": 0.0005,
    "orthoSteps": 20,
    "orbitalE": 3,
    "maxError": 0.00035355339059327376,
    "burnIter": 50
  },
  "print": {}
}
{
  "system": {
    "integrals": "FCIDUMP_chol"
  },
  "wavefunction": {
    "left": "rhf",
    "right": "rhf"
  },
  "sampling": {
    "seed": 966205,
    "phaseless": true,
    "dt": 0.005,
    "nsteps": 50,
    "nwalk": 10,
    "stochasticIter": 250,
    "choleskyThreshold": 0.0005,
    "orthoSteps": 20,
    "orbitalE": 3,
    "maxError": 0.00035355339059327376,
    "burnIter": 50
  },
  "print": {}
}
INPUT FILE:
{
  "system": {
    "integrals": "FCIDUMP_chol"
  },
  "wavefunction": {
    "left": "rhf",
    "right": "rhf"
  },
  "sampling": {
    "seed": 966205,
    "phaseless": true,
    "dt": 0.005,
    "nsteps": 50,
    "nwalk": 10,
    "stochasticIter": 250,
    "choleskyThreshold": 0.0005,
    "orthoSteps": 20,
    "orbitalE": 3,
    "maxError": 0.00035355339059327376,
    "burnIter": 50
  },
  "print": {}
}
{
  "system": {
    "integrals": "FCIDUMP_chol"
  },
  "wavefunction": {
    "left": "rhf",
    "right": "rhf"
  },
  "sampling": {
    "seed": 966205,
    "phaseless": true,
    "dt": 0.005,
    "nsteps": 50,
    "nwalk": 10,
    "stochasticIter": 250,
    "choleskyThreshold": 0.0005,
    "orthoSteps": 20,
    "orbitalE": 3,
    "maxError": 0.00035355339059327376,
    "burnIter": 50
  },
  "print": {}
}
INPUT FILE:
INPUT FILE:
INPUT FILE:
{
  "system": {
    "integrals": "FCIDUMP_chol"
  },
  "wavefunction": {
    "left": "rhf",
    "right": "rhf"
  },
  "sampling": {
    "seed": 966205,
    "phaseless": true,
    "dt": 0.005,
    "nsteps": 50,
    "nwalk": 10,
    "stochasticIter": 250,
    "choleskyThreshold": 0.0005,
    "orthoSteps": 20,
    "orbitalE": 3,
    "maxError": 0.00035355339059327376,
    "burnIter": 50
  },
  "print": {}
}
{
  "system": {
    "integrals": "FCIDUMP_chol"
  },
  "wavefunction": {
    "left": "rhf",
    "right": "rhf"
  },
  "sampling": {
    "seed": 966205,
    "phaseless": true,
    "dt": 0.005,
    "nsteps": 50,
    "nwalk": 10,
    "stochasticIter": 250,
    "choleskyThreshold": 0.0005,
    "orthoSteps": 20,
    "orbitalE": 3,
    "maxError": 0.00035355339059327376,
    "burnIter": 50
  },
  "print": {}
}
{
  "system": {
    "integrals": "FCIDUMP_chol"
  },
  "wavefunction": {
    "left": "rhf",
    "right": "rhf"
  },
  "sampling": {
    "seed": 966205,
    "phaseless": true,
    "dt": 0.005,
    "nsteps": 50,
    "nwalk": 10,
    "stochasticIter": 250,
    "choleskyThreshold": 0.0005,
    "orthoSteps": 20,
    "orbitalE": 3,
    "maxError": 0.00035355339059327376,
    "burnIter": 50
  },
  "print": {}
}
INPUT FILE:
INPUT FILE:
{
  "system": {
    "integrals": "FCIDUMP_chol"
  },
  "wavefunction": {
    "left": "rhf",
    "right": "rhf"
  },
  "sampling": {
    "seed": 966205,
    "phaseless": true,
    "dt": 0.005,
    "nsteps": 50,
    "nwalk": 10,
    "stochasticIter": 250,
    "choleskyThreshold": 0.0005,
    "orthoSteps": 20,
    "orbitalE": 3,
    "maxError": 0.00035355339059327376,
    "burnIter": 50
  },
  "print": {}
}
{
  "system": {
    "integrals": "FCIDUMP_chol"
  },
  "wavefunction": {
    "left": "rhf",
    "right": "rhf"
  },
  "sampling": {
    "seed": 966205,
    "phaseless": true,
    "dt": 0.005,
    "nsteps": 50,
    "nwalk": 10,
    "stochasticIter": 250,
    "choleskyThreshold": 0.0005,
    "orthoSteps": 20,
    "orbitalE": 3,
    "maxError": 0.00035355339059327376,
    "burnIter": 50
  },
  "print": {}
}
INPUT FILE:
{
  "system": {
    "integrals": "FCIDUMP_chol"
  },
  "wavefunction": {
    "left": "rhf",
    "right": "rhf"
  },
  "sampling": {
    "seed": 966205,
    "phaseless": true,
    "dt": 0.005,
    "nsteps": 50,
    "nwalk": 10,
    "stochasticIter": 250,
    "choleskyThreshold": 0.0005,
    "orthoSteps": 20,
    "orbitalE": 3,
    "maxError": 0.00035355339059327376,
    "burnIter": 50
  },
  "print": {}
}
INPUT FILE:
INPUT FILE:
{
  "system": {
    "integrals": "FCIDUMP_chol"
  },
  "wavefunction": {
    "left": "rhf",
    "right": "rhf"
  },
  "sampling": {
    "seed": 966205,
    "phaseless": true,
    "dt": 0.005,
    "nsteps": 50,
    "nwalk": 10,
    "stochasticIter": 250,
    "choleskyThreshold": 0.0005,
    "orthoSteps": 20,
    "orbitalE": 3,
    "maxError": 0.00035355339059327376,
    "burnIter": 50
  },
  "print": {}
}
INPUT FILE:
{
  "system": {
    "integrals": "FCIDUMP_chol"
  },
  "wavefunction": {
    "left": "rhf",
    "right": "rhf"
  },
  "sampling": {
    "seed": 966205,
    "phaseless": true,
    "dt": 0.005,
    "nsteps": 50,
    "nwalk": 10,
    "stochasticIter": 250,
    "choleskyThreshold": 0.0005,
    "orthoSteps": 20,
    "orbitalE": 3,
    "maxError": 0.00035355339059327376,
    "burnIter": 50
  },
  "print": {}
}
INPUT FILE:
{
  "system": {
    "integrals": "FCIDUMP_chol"
  },
  "wavefunction": {
    "left": "rhf",
    "right": "rhf"
  },
  "sampling": {
    "seed": 966205,
    "phaseless": true,
    "dt": 0.005,
    "nsteps": 50,
    "nwalk": 10,
    "stochasticIter": 250,
    "choleskyThreshold": 0.0005,
    "orthoSteps": 20,
    "orbitalE": 3,
    "maxError": 0.00035355339059327376,
    "burnIter": 50
  },
  "print": {}
}
INPUT FILE:
{
  "system": {
    "integrals": "FCIDUMP_chol"
  },
  "wavefunction": {
    "left": "rhf",
    "right": "rhf"
  },
  "sampling": {
    "seed": 966205,
    "phaseless": true,
    "dt": 0.005,
    "nsteps": 50,
    "nwalk": 10,
    "stochasticIter": 250,
    "choleskyThreshold": 0.0005,
    "orthoSteps": 20,
    "orbitalE": 3,
    "maxError": 0.00035355339059327376,
    "burnIter": 50
  },
  "print": {}
}
{
  "system": {
    "integrals": "FCIDUMP_chol"
  },
  "wavefunction": {
    "left": "rhf",
    "right": "rhf"
  },
  "sampling": {
    "seed": 966205,
    "phaseless": true,
    "dt": 0.005,
    "nsteps": 50,
    "nwalk": 10,
    "stochasticIter": 250,
    "choleskyThreshold": 0.0005,
    "orthoSteps": 20,
    "orbitalE": 3,
    "maxError": 0.00035355339059327376,
    "burnIter": 50
  },
  "print": {}
}
   Iter        Mean energy          Stochastic error       Walltime
     0      -1.520625104e+02                -              8.49e-01 
75
    75      -1.522484238e+02        1.047971700e-03        -4.880460879e-02        2.962506894e-04        2.53e+01 
100
   100      -1.522489471e+02        6.910463299e-04        -4.896674222e-02        1.887436876e-04        3.27e+01 
125
   125      -1.522491034e+02        5.236555836e-04        -4.895487867e-02        1.442688272e-04        4.00e+01 
150
   150      -1.522490684e+02        4.657693707e-04        -4.900256193e-02        1.219228667e-04        4.73e+01 
175
   175      -1.522494411e+02        3.999381567e-04        -4.908053604e-02        1.079189274e-04        5.46e+01 
200
   200      -1.522495539e+02        3.672413700e-04        -4.913198546e-02        9.916907276e-05        6.21e+01 
225
   225      -1.522496738e+02        3.405065960e-04        -4.913024587e-02        9.381860291e-05        6.94e+01 

Mean energy: -1.52249646e+02
Block size    # of blocks        Mean                Error
     1            200       -1.52249646e+02       3.181767e-04
     2            100       -1.52249646e+02       3.195362e-04
     5             40       -1.52249646e+02       3.194173e-04
    10             20       -1.52249646e+02       3.013954e-04
    20             10       -1.52249646e+02       2.751781e-04
    50              4       -1.52249646e+02       4.144151e-04
    70              2       -1.52249565e+02       8.718843e-04
Stocahstic error estimate: 3.195362e-04


Mean energy: -4.91060134e-02
Block size    # of blocks        Mean                Error
     1            200       -4.91060134e-02       8.849930e-05
     2            100       -4.91060134e-02       8.811022e-05
     5             40       -4.91060134e-02       8.731018e-05
    10             20       -4.91060134e-02       8.001780e-05
    20             10       -4.91060134e-02       6.922229e-05
    50              4       -4.91060134e-02       1.111421e-04
    70              2       -4.91160649e-02       2.786621e-04
Stocahstic error estimate: 8.849930e-05

AFQMC energy: -152.2496 +/- 0.0003

orbE energy: -0.04911 +/- 0.00009

ph_afqmc_jax walltime: 76.45909261703491
