ERROR: ld.so: object '/projects/joku8258/anaconda3/lib/libmkl_def.so' from LD_PRELOAD cannot be preloaded (cannot open shared object file): ignored.
ERROR: ld.so: object '/projects/joku8258/anaconda3/lib/libmkl_avx2.so' from LD_PRELOAD cannot be preloaded (cannot open shared object file): ignored.
ERROR: ld.so: object '/projects/joku8258/anaconda3/lib/libmkl_def.so' from LD_PRELOAD cannot be preloaded (cannot open shared object file): ignored.
ERROR: ld.so: object '/projects/joku8258/anaconda3/lib/libmkl_avx2.so' from LD_PRELOAD cannot be preloaded (cannot open shared object file): ignored.
ERROR: ld.so: object '/projects/joku8258/anaconda3/lib/libmkl_def.so' from LD_PRELOAD cannot be preloaded (cannot open shared object file): ignored.
ERROR: ld.so: object '/projects/joku8258/anaconda3/lib/libmkl_avx2.so' from LD_PRELOAD cannot be preloaded (cannot open shared object file): ignored.
ERROR: ld.so: object '/projects/joku8258/anaconda3/lib/libmkl_def.so' from LD_PRELOAD cannot be preloaded (cannot open shared object file): ignored.
ERROR: ld.so: object '/projects/joku8258/anaconda3/lib/libmkl_avx2.so' from LD_PRELOAD cannot be preloaded (cannot open shared object file): ignored.
ERROR: ld.so: object '/projects/joku8258/anaconda3/lib/libmkl_def.so' from LD_PRELOAD cannot be preloaded (cannot open shared object file): ignored.
ERROR: ld.so: object '/projects/joku8258/anaconda3/lib/libmkl_avx2.so' from LD_PRELOAD cannot be preloaded (cannot open shared object file): ignored.
ERROR: ld.so: object '/projects/joku8258/anaconda3/lib/libmkl_def.so' from LD_PRELOAD cannot be preloaded (cannot open shared object file): ignored.
ERROR: ld.so: object '/projects/joku8258/anaconda3/lib/libmkl_avx2.so' from LD_PRELOAD cannot be preloaded (cannot open shared object file): ignored.
ERROR: ld.so: object '/projects/joku8258/anaconda3/lib/libmkl_def.so' from LD_PRELOAD cannot be preloaded (cannot open shared object file): ignored.
ERROR: ld.so: object '/projects/joku8258/anaconda3/lib/libmkl_avx2.so' from LD_PRELOAD cannot be preloaded (cannot open shared object file): ignored.
ERROR: ld.so: object '/projects/joku8258/anaconda3/lib/libmkl_def.so' from LD_PRELOAD cannot be preloaded (cannot open shared object file): ignored.
ERROR: ld.so: object '/projects/joku8258/anaconda3/lib/libmkl_avx2.so' from LD_PRELOAD cannot be preloaded (cannot open shared object file): ignored.
ERROR: ld.so: object '/projects/joku8258/anaconda3/lib/libmkl_def.so' from LD_PRELOAD cannot be preloaded (cannot open shared object file): ignored.
ERROR: ld.so: object '/projects/joku8258/anaconda3/lib/libmkl_avx2.so' from LD_PRELOAD cannot be preloaded (cannot open shared object file): ignored.
ERROR: ld.so: object '/projects/joku8258/anaconda3/lib/libmkl_def.so' from LD_PRELOAD cannot be preloaded (cannot open shared object file): ignored.
ERROR: ld.so: object '/projects/joku8258/anaconda3/lib/libmkl_avx2.so' from LD_PRELOAD cannot be preloaded (cannot open shared object file): ignored.
ERROR: ld.so: object '/projects/joku8258/anaconda3/lib/libmkl_def.so' from LD_PRELOAD cannot be preloaded (cannot open shared object file): ignored.
ERROR: ld.so: object '/projects/joku8258/anaconda3/lib/libmkl_avx2.so' from LD_PRELOAD cannot be preloaded (cannot open shared object file): ignored.
ERROR: ld.so: object '/projects/joku8258/anaconda3/lib/libmkl_def.so' from LD_PRELOAD cannot be preloaded (cannot open shared object file): ignored.
ERROR: ld.so: object '/projects/joku8258/anaconda3/lib/libmkl_avx2.so' from LD_PRELOAD cannot be preloaded (cannot open shared object file): ignored.
ERROR: ld.so: object '/projects/joku8258/anaconda3/lib/libmkl_def.so' from LD_PRELOAD cannot be preloaded (cannot open shared object file): ignored.
ERROR: ld.so: object '/projects/joku8258/anaconda3/lib/libmkl_avx2.so' from LD_PRELOAD cannot be preloaded (cannot open shared object file): ignored.
ERROR: ld.so: object '/projects/joku8258/anaconda3/lib/libmkl_def.so' from LD_PRELOAD cannot be preloaded (cannot open shared object file): ignored.
ERROR: ld.so: object '/projects/joku8258/anaconda3/lib/libmkl_avx2.so' from LD_PRELOAD cannot be preloaded (cannot open shared object file): ignored.
ERROR: ld.so: object '/projects/joku8258/anaconda3/lib/libmkl_def.so' from LD_PRELOAD cannot be preloaded (cannot open shared object file): ignored.
ERROR: ld.so: object '/projects/joku8258/anaconda3/lib/libmkl_avx2.so' from LD_PRELOAD cannot be preloaded (cannot open shared object file): ignored.
ERROR: ld.so: object '/projects/joku8258/anaconda3/lib/libmkl_def.so' from LD_PRELOAD cannot be preloaded (cannot open shared object file): ignored.
ERROR: ld.so: object '/projects/joku8258/anaconda3/lib/libmkl_avx2.so' from LD_PRELOAD cannot be preloaded (cannot open shared object file): ignored.
ERROR: ld.so: object '/projects/joku8258/anaconda3/lib/libmkl_def.so' from LD_PRELOAD cannot be preloaded (cannot open shared object file): ignored.
ERROR: ld.so: object '/projects/joku8258/anaconda3/lib/libmkl_avx2.so' from LD_PRELOAD cannot be preloaded (cannot open shared object file): ignored.
ERROR: ld.so: object '/projects/joku8258/anaconda3/lib/libmkl_def.so' from LD_PRELOAD cannot be preloaded (cannot open shared object file): ignored.
ERROR: ld.so: object '/projects/joku8258/anaconda3/lib/libmkl_avx2.so' from LD_PRELOAD cannot be preloaded (cannot open shared object file): ignored.
ERROR: ld.so: object '/projects/joku8258/anaconda3/lib/libmkl_def.so' from LD_PRELOAD cannot be preloaded (cannot open shared object file): ignored.
ERROR: ld.so: object '/projects/joku8258/anaconda3/lib/libmkl_avx2.so' from LD_PRELOAD cannot be preloaded (cannot open shared object file): ignored.
ERROR: ld.so: object '/projects/joku8258/anaconda3/lib/libmkl_def.so' from LD_PRELOAD cannot be preloaded (cannot open shared object file): ignored.
ERROR: ld.so: object '/projects/joku8258/anaconda3/lib/libmkl_avx2.so' from LD_PRELOAD cannot be preloaded (cannot open shared object file): ignored.
ERROR: ld.so: object '/projects/joku8258/anaconda3/lib/libmkl_def.so' from LD_PRELOAD cannot be preloaded (cannot open shared object file): ignored.
ERROR: ld.so: object '/projects/joku8258/anaconda3/lib/libmkl_avx2.so' from LD_PRELOAD cannot be preloaded (cannot open shared object file): ignored.
ERROR: ld.so: object '/projects/joku8258/anaconda3/lib/libmkl_def.so' from LD_PRELOAD cannot be preloaded (cannot open shared object file): ignored.
ERROR: ld.so: object '/projects/joku8258/anaconda3/lib/libmkl_avx2.so' from LD_PRELOAD cannot be preloaded (cannot open shared object file): ignored.
ERROR: ld.so: object '/projects/joku8258/anaconda3/lib/libmkl_def.so' from LD_PRELOAD cannot be preloaded (cannot open shared object file): ignored.
ERROR: ld.so: object '/projects/joku8258/anaconda3/lib/libmkl_avx2.so' from LD_PRELOAD cannot be preloaded (cannot open shared object file): ignored.
ERROR: ld.so: object '/projects/joku8258/anaconda3/lib/libmkl_def.so' from LD_PRELOAD cannot be preloaded (cannot open shared object file): ignored.
ERROR: ld.so: object '/projects/joku8258/anaconda3/lib/libmkl_avx2.so' from LD_PRELOAD cannot be preloaded (cannot open shared object file): ignored.
ERROR: ld.so: object '/projects/joku8258/anaconda3/lib/libmkl_def.so' from LD_PRELOAD cannot be preloaded (cannot open shared object file): ignored.
ERROR: ld.so: object '/projects/joku8258/anaconda3/lib/libmkl_avx2.so' from LD_PRELOAD cannot be preloaded (cannot open shared object file): ignored.
ERROR: ld.so: object '/projects/joku8258/anaconda3/lib/libmkl_def.so' from LD_PRELOAD cannot be preloaded (cannot open shared object file): ignored.
ERROR: ld.so: object '/projects/joku8258/anaconda3/lib/libmkl_avx2.so' from LD_PRELOAD cannot be preloaded (cannot open shared object file): ignored.
ERROR: ld.so: object '/projects/joku8258/anaconda3/lib/libmkl_def.so' from LD_PRELOAD cannot be preloaded (cannot open shared object file): ignored.
ERROR: ld.so: object '/projects/joku8258/anaconda3/lib/libmkl_avx2.so' from LD_PRELOAD cannot be preloaded (cannot open shared object file): ignored.
ERROR: ld.so: object '/projects/joku8258/anaconda3/lib/libmkl_def.so' from LD_PRELOAD cannot be preloaded (cannot open shared object file): ignored.
ERROR: ld.so: object '/projects/joku8258/anaconda3/lib/libmkl_avx2.so' from LD_PRELOAD cannot be preloaded (cannot open shared object file): ignored.
ERROR: ld.so: object '/projects/joku8258/anaconda3/lib/libmkl_def.so' from LD_PRELOAD cannot be preloaded (cannot open shared object file): ignored.
ERROR: ld.so: object '/projects/joku8258/anaconda3/lib/libmkl_avx2.so' from LD_PRELOAD cannot be preloaded (cannot open shared object file): ignored.
ERROR: ld.so: object '/projects/joku8258/anaconda3/lib/libmkl_def.so' from LD_PRELOAD cannot be preloaded (cannot open shared object file): ignored.
ERROR: ld.so: object '/projects/joku8258/anaconda3/lib/libmkl_avx2.so' from LD_PRELOAD cannot be preloaded (cannot open shared object file): ignored.
ERROR: ld.so: object '/projects/joku8258/anaconda3/lib/libmkl_def.so' from LD_PRELOAD cannot be preloaded (cannot open shared object file): ignored.
ERROR: ld.so: object '/projects/joku8258/anaconda3/lib/libmkl_avx2.so' from LD_PRELOAD cannot be preloaded (cannot open shared object file): ignored.
ERROR: ld.so: object '/projects/joku8258/anaconda3/lib/libmkl_def.so' from LD_PRELOAD cannot be preloaded (cannot open shared object file): ignored.
ERROR: ld.so: object '/projects/joku8258/anaconda3/lib/libmkl_avx2.so' from LD_PRELOAD cannot be preloaded (cannot open shared object file): ignored.
ERROR: ld.so: object '/projects/joku8258/anaconda3/lib/libmkl_def.so' from LD_PRELOAD cannot be preloaded (cannot open shared object file): ignored.
ERROR: ld.so: object '/projects/joku8258/anaconda3/lib/libmkl_avx2.so' from LD_PRELOAD cannot be preloaded (cannot open shared object file): ignored.
--------------------------------------------------------------------------
No OpenFabrics connection schemes reported that they were able to be
used on a specific port.  As such, the openib BTL (OpenFabrics
support) will be disabled for this port.

  Local host:           c3cpu-c11-u5-4
  Local device:         mlx5_0
  Local port:           1
  CPCs attempted:       rdmacm, udcm
--------------------------------------------------------------------------
[c3cpu-c11-u5-4.rc.int.colorado.edu:922797] 27 more processes have sent help message help-mpi-btl-openib-cpc-base.txt / no cpcs for port
[c3cpu-c11-u5-4.rc.int.colorado.edu:922797] Set MCA parameter "orte_base_help_aggregate" to 0 to see all help / error messages
ERROR: ld.so: object '/projects/joku8258/anaconda3/lib/libmkl_def.so' from LD_PRELOAD cannot be preloaded (cannot open shared object file): ignored.
ERROR: ld.so: object '/projects/joku8258/anaconda3/lib/libmkl_avx2.so' from LD_PRELOAD cannot be preloaded (cannot open shared object file): ignored.
ERROR: ld.so: object '/projects/joku8258/anaconda3/lib/libmkl_def.so' from LD_PRELOAD cannot be preloaded (cannot open shared object file): ignored.
ERROR: ld.so: object '/projects/joku8258/anaconda3/lib/libmkl_avx2.so' from LD_PRELOAD cannot be preloaded (cannot open shared object file): ignored.
ERROR: ld.so: object '/projects/joku8258/anaconda3/lib/libmkl_def.so' from LD_PRELOAD cannot be preloaded (cannot open shared object file): ignored.
ERROR: ld.so: object '/projects/joku8258/anaconda3/lib/libmkl_avx2.so' from LD_PRELOAD cannot be preloaded (cannot open shared object file): ignored.
ERROR: ld.so: object '/projects/joku8258/anaconda3/lib/libmkl_def.so' from LD_PRELOAD cannot be preloaded (cannot open shared object file): ignored.
ERROR: ld.so: object '/projects/joku8258/anaconda3/lib/libmkl_avx2.so' from LD_PRELOAD cannot be preloaded (cannot open shared object file): ignored.
ERROR: ld.so: object '/projects/joku8258/anaconda3/lib/libmkl_def.so' from LD_PRELOAD cannot be preloaded (cannot open shared object file): ignored.
ERROR: ld.so: object '/projects/joku8258/anaconda3/lib/libmkl_avx2.so' from LD_PRELOAD cannot be preloaded (cannot open shared object file): ignored.
ERROR: ld.so: object '/projects/joku8258/anaconda3/lib/libmkl_def.so' from LD_PRELOAD cannot be preloaded (cannot open shared object file): ignored.
ERROR: ld.so: object '/projects/joku8258/anaconda3/lib/libmkl_avx2.so' from LD_PRELOAD cannot be preloaded (cannot open shared object file): ignored.
ERROR: ld.so: object '/projects/joku8258/anaconda3/lib/libmkl_def.so' from LD_PRELOAD cannot be preloaded (cannot open shared object file): ignored.
ERROR: ld.so: object '/projects/joku8258/anaconda3/lib/libmkl_avx2.so' from LD_PRELOAD cannot be preloaded (cannot open shared object file): ignored.
ERROR: ld.so: object '/projects/joku8258/anaconda3/lib/libmkl_def.so' from LD_PRELOAD cannot be preloaded (cannot open shared object file): ignored.
ERROR: ld.so: object '/projects/joku8258/anaconda3/lib/libmkl_avx2.so' from LD_PRELOAD cannot be preloaded (cannot open shared object file): ignored.
ERROR: ld.so: object '/projects/joku8258/anaconda3/lib/libmkl_def.so' from LD_PRELOAD cannot be preloaded (cannot open shared object file): ignored.
ERROR: ld.so: object '/projects/joku8258/anaconda3/lib/libmkl_avx2.so' from LD_PRELOAD cannot be preloaded (cannot open shared object file): ignored.
ERROR: ld.so: object '/projects/joku8258/anaconda3/lib/libmkl_def.so' from LD_PRELOAD cannot be preloaded (cannot open shared object file): ignored.
ERROR: ld.so: object '/projects/joku8258/anaconda3/lib/libmkl_avx2.so' from LD_PRELOAD cannot be preloaded (cannot open shared object file): ignored.
ERROR: ld.so: object '/projects/joku8258/anaconda3/lib/libmkl_def.so' from LD_PRELOAD cannot be preloaded (cannot open shared object file): ignored.
ERROR: ld.so: object '/projects/joku8258/anaconda3/lib/libmkl_avx2.so' from LD_PRELOAD cannot be preloaded (cannot open shared object file): ignored.
ERROR: ld.so: object '/projects/joku8258/anaconda3/lib/libmkl_def.so' from LD_PRELOAD cannot be preloaded (cannot open shared object file): ignored.
ERROR: ld.so: object '/projects/joku8258/anaconda3/lib/libmkl_avx2.so' from LD_PRELOAD cannot be preloaded (cannot open shared object file): ignored.
ERROR: ld.so: object '/projects/joku8258/anaconda3/lib/libmkl_def.so' from LD_PRELOAD cannot be preloaded (cannot open shared object file): ignored.
ERROR: ld.so: object '/projects/joku8258/anaconda3/lib/libmkl_avx2.so' from LD_PRELOAD cannot be preloaded (cannot open shared object file): ignored.
ERROR: ld.so: object '/projects/joku8258/anaconda3/lib/libmkl_def.so' from LD_PRELOAD cannot be preloaded (cannot open shared object file): ignored.
ERROR: ld.so: object '/projects/joku8258/anaconda3/lib/libmkl_avx2.so' from LD_PRELOAD cannot be preloaded (cannot open shared object file): ignored.
ERROR: ld.so: object '/projects/joku8258/anaconda3/lib/libmkl_def.so' from LD_PRELOAD cannot be preloaded (cannot open shared object file): ignored.
ERROR: ld.so: object '/projects/joku8258/anaconda3/lib/libmkl_avx2.so' from LD_PRELOAD cannot be preloaded (cannot open shared object file): ignored.
ERROR: ld.so: object '/projects/joku8258/anaconda3/lib/libmkl_def.so' from LD_PRELOAD cannot be preloaded (cannot open shared object file): ignored.
ERROR: ld.so: object '/projects/joku8258/anaconda3/lib/libmkl_avx2.so' from LD_PRELOAD cannot be preloaded (cannot open shared object file): ignored.
ERROR: ld.so: object '/projects/joku8258/anaconda3/lib/libmkl_def.so' from LD_PRELOAD cannot be preloaded (cannot open shared object file): ignored.
ERROR: ld.so: object '/projects/joku8258/anaconda3/lib/libmkl_avx2.so' from LD_PRELOAD cannot be preloaded (cannot open shared object file): ignored.
ERROR: ld.so: object '/projects/joku8258/anaconda3/lib/libmkl_def.so' from LD_PRELOAD cannot be preloaded (cannot open shared object file): ignored.
ERROR: ld.so: object '/projects/joku8258/anaconda3/lib/libmkl_avx2.so' from LD_PRELOAD cannot be preloaded (cannot open shared object file): ignored.
ERROR: ld.so: object '/projects/joku8258/anaconda3/lib/libmkl_def.so' from LD_PRELOAD cannot be preloaded (cannot open shared object file): ignored.
ERROR: ld.so: object '/projects/joku8258/anaconda3/lib/libmkl_avx2.so' from LD_PRELOAD cannot be preloaded (cannot open shared object file): ignored.
ERROR: ld.so: object '/projects/joku8258/anaconda3/lib/libmkl_def.so' from LD_PRELOAD cannot be preloaded (cannot open shared object file): ignored.
ERROR: ld.so: object '/projects/joku8258/anaconda3/lib/libmkl_avx2.so' from LD_PRELOAD cannot be preloaded (cannot open shared object file): ignored.
ERROR: ld.so: object '/projects/joku8258/anaconda3/lib/libmkl_def.so' from LD_PRELOAD cannot be preloaded (cannot open shared object file): ignored.
ERROR: ld.so: object '/projects/joku8258/anaconda3/lib/libmkl_avx2.so' from LD_PRELOAD cannot be preloaded (cannot open shared object file): ignored.
ERROR: ld.so: object '/projects/joku8258/anaconda3/lib/libmkl_def.so' from LD_PRELOAD cannot be preloaded (cannot open shared object file): ignored.
ERROR: ld.so: object '/projects/joku8258/anaconda3/lib/libmkl_avx2.so' from LD_PRELOAD cannot be preloaded (cannot open shared object file): ignored.
ERROR: ld.so: object '/projects/joku8258/anaconda3/lib/libmkl_def.so' from LD_PRELOAD cannot be preloaded (cannot open shared object file): ignored.
ERROR: ld.so: object '/projects/joku8258/anaconda3/lib/libmkl_avx2.so' from LD_PRELOAD cannot be preloaded (cannot open shared object file): ignored.
ERROR: ld.so: object '/projects/joku8258/anaconda3/lib/libmkl_def.so' from LD_PRELOAD cannot be preloaded (cannot open shared object file): ignored.
ERROR: ld.so: object '/projects/joku8258/anaconda3/lib/libmkl_avx2.so' from LD_PRELOAD cannot be preloaded (cannot open shared object file): ignored.
ERROR: ld.so: object '/projects/joku8258/anaconda3/lib/libmkl_def.so' from LD_PRELOAD cannot be preloaded (cannot open shared object file): ignored.
ERROR: ld.so: object '/projects/joku8258/anaconda3/lib/libmkl_avx2.so' from LD_PRELOAD cannot be preloaded (cannot open shared object file): ignored.
ERROR: ld.so: object '/projects/joku8258/anaconda3/lib/libmkl_def.so' from LD_PRELOAD cannot be preloaded (cannot open shared object file): ignored.
ERROR: ld.so: object '/projects/joku8258/anaconda3/lib/libmkl_avx2.so' from LD_PRELOAD cannot be preloaded (cannot open shared object file): ignored.
ERROR: ld.so: object '/projects/joku8258/anaconda3/lib/libmkl_def.so' from LD_PRELOAD cannot be preloaded (cannot open shared object file): ignored.
ERROR: ld.so: object '/projects/joku8258/anaconda3/lib/libmkl_avx2.so' from LD_PRELOAD cannot be preloaded (cannot open shared object file): ignored.
ERROR: ld.so: object '/projects/joku8258/anaconda3/lib/libmkl_def.so' from LD_PRELOAD cannot be preloaded (cannot open shared object file): ignored.
ERROR: ld.so: object '/projects/joku8258/anaconda3/lib/libmkl_avx2.so' from LD_PRELOAD cannot be preloaded (cannot open shared object file): ignored.
ERROR: ld.so: object '/projects/joku8258/anaconda3/lib/libmkl_def.so' from LD_PRELOAD cannot be preloaded (cannot open shared object file): ignored.
ERROR: ld.so: object '/projects/joku8258/anaconda3/lib/libmkl_avx2.so' from LD_PRELOAD cannot be preloaded (cannot open shared object file): ignored.
ERROR: ld.so: object '/projects/joku8258/anaconda3/lib/libmkl_def.so' from LD_PRELOAD cannot be preloaded (cannot open shared object file): ignored.
ERROR: ld.so: object '/projects/joku8258/anaconda3/lib/libmkl_avx2.so' from LD_PRELOAD cannot be preloaded (cannot open shared object file): ignored.
ERROR: ld.so: object '/projects/joku8258/anaconda3/lib/libmkl_def.so' from LD_PRELOAD cannot be preloaded (cannot open shared object file): ignored.
ERROR: ld.so: object '/projects/joku8258/anaconda3/lib/libmkl_avx2.so' from LD_PRELOAD cannot be preloaded (cannot open shared object file): ignored.
ERROR: ld.so: object '/projects/joku8258/anaconda3/lib/libmkl_def.so' from LD_PRELOAD cannot be preloaded (cannot open shared object file): ignored.
ERROR: ld.so: object '/projects/joku8258/anaconda3/lib/libmkl_avx2.so' from LD_PRELOAD cannot be preloaded (cannot open shared object file): ignored.
ERROR: ld.so: object '/projects/joku8258/anaconda3/lib/libmkl_def.so' from LD_PRELOAD cannot be preloaded (cannot open shared object file): ignored.
ERROR: ld.so: object '/projects/joku8258/anaconda3/lib/libmkl_avx2.so' from LD_PRELOAD cannot be preloaded (cannot open shared object file): ignored.
ERROR: ld.so: object '/projects/joku8258/anaconda3/lib/libmkl_def.so' from LD_PRELOAD cannot be preloaded (cannot open shared object file): ignored.
ERROR: ld.so: object '/projects/joku8258/anaconda3/lib/libmkl_avx2.so' from LD_PRELOAD cannot be preloaded (cannot open shared object file): ignored.
--------------------------------------------------------------------------
No OpenFabrics connection schemes reported that they were able to be
used on a specific port.  As such, the openib BTL (OpenFabrics
support) will be disabled for this port.

  Local host:           c3cpu-c11-u5-4
  Local device:         mlx5_0
  Local port:           1
  CPCs attempted:       rdmacm, udcm
--------------------------------------------------------------------------
[c3cpu-c11-u5-4.rc.int.colorado.edu:923418] 27 more processes have sent help message help-mpi-btl-openib-cpc-base.txt / no cpcs for port
[c3cpu-c11-u5-4.rc.int.colorado.edu:923418] Set MCA parameter "orte_base_help_aggregate" to 0 to see all help / error messages
ERROR: ld.so: object '/projects/joku8258/anaconda3/lib/libmkl_def.so' from LD_PRELOAD cannot be preloaded (cannot open shared object file): ignored.
ERROR: ld.so: object '/projects/joku8258/anaconda3/lib/libmkl_avx2.so' from LD_PRELOAD cannot be preloaded (cannot open shared object file): ignored.
ERROR: ld.so: object '/projects/joku8258/anaconda3/lib/libmkl_def.so' from LD_PRELOAD cannot be preloaded (cannot open shared object file): ignored.
ERROR: ld.so: object '/projects/joku8258/anaconda3/lib/libmkl_avx2.so' from LD_PRELOAD cannot be preloaded (cannot open shared object file): ignored.
ERROR: ld.so: object '/projects/joku8258/anaconda3/lib/libmkl_def.so' from LD_PRELOAD cannot be preloaded (cannot open shared object file): ignored.
ERROR: ld.so: object '/projects/joku8258/anaconda3/lib/libmkl_avx2.so' from LD_PRELOAD cannot be preloaded (cannot open shared object file): ignored.
ERROR: ld.so: object '/projects/joku8258/anaconda3/lib/libmkl_def.so' from LD_PRELOAD cannot be preloaded (cannot open shared object file): ignored.
ERROR: ld.so: object '/projects/joku8258/anaconda3/lib/libmkl_avx2.so' from LD_PRELOAD cannot be preloaded (cannot open shared object file): ignored.
ERROR: ld.so: object '/projects/joku8258/anaconda3/lib/libmkl_def.so' from LD_PRELOAD cannot be preloaded (cannot open shared object file): ignored.
ERROR: ld.so: object '/projects/joku8258/anaconda3/lib/libmkl_avx2.so' from LD_PRELOAD cannot be preloaded (cannot open shared object file): ignored.
ERROR: ld.so: object '/projects/joku8258/anaconda3/lib/libmkl_def.so' from LD_PRELOAD cannot be preloaded (cannot open shared object file): ignored.
ERROR: ld.so: object '/projects/joku8258/anaconda3/lib/libmkl_avx2.so' from LD_PRELOAD cannot be preloaded (cannot open shared object file): ignored.
ERROR: ld.so: object '/projects/joku8258/anaconda3/lib/libmkl_def.so' from LD_PRELOAD cannot be preloaded (cannot open shared object file): ignored.
ERROR: ld.so: object '/projects/joku8258/anaconda3/lib/libmkl_avx2.so' from LD_PRELOAD cannot be preloaded (cannot open shared object file): ignored.
ERROR: ld.so: object '/projects/joku8258/anaconda3/lib/libmkl_def.so' from LD_PRELOAD cannot be preloaded (cannot open shared object file): ignored.
ERROR: ld.so: object '/projects/joku8258/anaconda3/lib/libmkl_avx2.so' from LD_PRELOAD cannot be preloaded (cannot open shared object file): ignored.
ERROR: ld.so: object '/projects/joku8258/anaconda3/lib/libmkl_def.so' from LD_PRELOAD cannot be preloaded (cannot open shared object file): ignored.
ERROR: ld.so: object '/projects/joku8258/anaconda3/lib/libmkl_avx2.so' from LD_PRELOAD cannot be preloaded (cannot open shared object file): ignored.
ERROR: ld.so: object '/projects/joku8258/anaconda3/lib/libmkl_def.so' from LD_PRELOAD cannot be preloaded (cannot open shared object file): ignored.
ERROR: ld.so: object '/projects/joku8258/anaconda3/lib/libmkl_avx2.so' from LD_PRELOAD cannot be preloaded (cannot open shared object file): ignored.
ERROR: ld.so: object '/projects/joku8258/anaconda3/lib/libmkl_def.so' from LD_PRELOAD cannot be preloaded (cannot open shared object file): ignored.
ERROR: ld.so: object '/projects/joku8258/anaconda3/lib/libmkl_avx2.so' from LD_PRELOAD cannot be preloaded (cannot open shared object file): ignored.
ERROR: ld.so: object '/projects/joku8258/anaconda3/lib/libmkl_def.so' from LD_PRELOAD cannot be preloaded (cannot open shared object file): ignored.
ERROR: ld.so: object '/projects/joku8258/anaconda3/lib/libmkl_avx2.so' from LD_PRELOAD cannot be preloaded (cannot open shared object file): ignored.
ERROR: ld.so: object '/projects/joku8258/anaconda3/lib/libmkl_def.so' from LD_PRELOAD cannot be preloaded (cannot open shared object file): ignored.
ERROR: ld.so: object '/projects/joku8258/anaconda3/lib/libmkl_avx2.so' from LD_PRELOAD cannot be preloaded (cannot open shared object file): ignored.
ERROR: ld.so: object '/projects/joku8258/anaconda3/lib/libmkl_def.so' from LD_PRELOAD cannot be preloaded (cannot open shared object file): ignored.
ERROR: ld.so: object '/projects/joku8258/anaconda3/lib/libmkl_avx2.so' from LD_PRELOAD cannot be preloaded (cannot open shared object file): ignored.
ERROR: ld.so: object '/projects/joku8258/anaconda3/lib/libmkl_def.so' from LD_PRELOAD cannot be preloaded (cannot open shared object file): ignored.
ERROR: ld.so: object '/projects/joku8258/anaconda3/lib/libmkl_avx2.so' from LD_PRELOAD cannot be preloaded (cannot open shared object file): ignored.
ERROR: ld.so: object '/projects/joku8258/anaconda3/lib/libmkl_def.so' from LD_PRELOAD cannot be preloaded (cannot open shared object file): ignored.
ERROR: ld.so: object '/projects/joku8258/anaconda3/lib/libmkl_avx2.so' from LD_PRELOAD cannot be preloaded (cannot open shared object file): ignored.
ERROR: ld.so: object '/projects/joku8258/anaconda3/lib/libmkl_def.so' from LD_PRELOAD cannot be preloaded (cannot open shared object file): ignored.
ERROR: ld.so: object '/projects/joku8258/anaconda3/lib/libmkl_avx2.so' from LD_PRELOAD cannot be preloaded (cannot open shared object file): ignored.
ERROR: ld.so: object '/projects/joku8258/anaconda3/lib/libmkl_def.so' from LD_PRELOAD cannot be preloaded (cannot open shared object file): ignored.
ERROR: ld.so: object '/projects/joku8258/anaconda3/lib/libmkl_avx2.so' from LD_PRELOAD cannot be preloaded (cannot open shared object file): ignored.
ERROR: ld.so: object '/projects/joku8258/anaconda3/lib/libmkl_def.so' from LD_PRELOAD cannot be preloaded (cannot open shared object file): ignored.
ERROR: ld.so: object '/projects/joku8258/anaconda3/lib/libmkl_avx2.so' from LD_PRELOAD cannot be preloaded (cannot open shared object file): ignored.
ERROR: ld.so: object '/projects/joku8258/anaconda3/lib/libmkl_def.so' from LD_PRELOAD cannot be preloaded (cannot open shared object file): ignored.
ERROR: ld.so: object '/projects/joku8258/anaconda3/lib/libmkl_avx2.so' from LD_PRELOAD cannot be preloaded (cannot open shared object file): ignored.
ERROR: ld.so: object '/projects/joku8258/anaconda3/lib/libmkl_def.so' from LD_PRELOAD cannot be preloaded (cannot open shared object file): ignored.
ERROR: ld.so: object '/projects/joku8258/anaconda3/lib/libmkl_avx2.so' from LD_PRELOAD cannot be preloaded (cannot open shared object file): ignored.
ERROR: ld.so: object '/projects/joku8258/anaconda3/lib/libmkl_def.so' from LD_PRELOAD cannot be preloaded (cannot open shared object file): ignored.
ERROR: ld.so: object '/projects/joku8258/anaconda3/lib/libmkl_avx2.so' from LD_PRELOAD cannot be preloaded (cannot open shared object file): ignored.
ERROR: ld.so: object '/projects/joku8258/anaconda3/lib/libmkl_def.so' from LD_PRELOAD cannot be preloaded (cannot open shared object file): ignored.
ERROR: ld.so: object '/projects/joku8258/anaconda3/lib/libmkl_avx2.so' from LD_PRELOAD cannot be preloaded (cannot open shared object file): ignored.
ERROR: ld.so: object '/projects/joku8258/anaconda3/lib/libmkl_def.so' from LD_PRELOAD cannot be preloaded (cannot open shared object file): ignored.
ERROR: ld.so: object '/projects/joku8258/anaconda3/lib/libmkl_avx2.so' from LD_PRELOAD cannot be preloaded (cannot open shared object file): ignored.
ERROR: ld.so: object '/projects/joku8258/anaconda3/lib/libmkl_def.so' from LD_PRELOAD cannot be preloaded (cannot open shared object file): ignored.
ERROR: ld.so: object '/projects/joku8258/anaconda3/lib/libmkl_avx2.so' from LD_PRELOAD cannot be preloaded (cannot open shared object file): ignored.
ERROR: ld.so: object '/projects/joku8258/anaconda3/lib/libmkl_def.so' from LD_PRELOAD cannot be preloaded (cannot open shared object file): ignored.
ERROR: ld.so: object '/projects/joku8258/anaconda3/lib/libmkl_avx2.so' from LD_PRELOAD cannot be preloaded (cannot open shared object file): ignored.
ERROR: ld.so: object '/projects/joku8258/anaconda3/lib/libmkl_def.so' from LD_PRELOAD cannot be preloaded (cannot open shared object file): ignored.
ERROR: ld.so: object '/projects/joku8258/anaconda3/lib/libmkl_avx2.so' from LD_PRELOAD cannot be preloaded (cannot open shared object file): ignored.
ERROR: ld.so: object '/projects/joku8258/anaconda3/lib/libmkl_def.so' from LD_PRELOAD cannot be preloaded (cannot open shared object file): ignored.
ERROR: ld.so: object '/projects/joku8258/anaconda3/lib/libmkl_avx2.so' from LD_PRELOAD cannot be preloaded (cannot open shared object file): ignored.
ERROR: ld.so: object '/projects/joku8258/anaconda3/lib/libmkl_def.so' from LD_PRELOAD cannot be preloaded (cannot open shared object file): ignored.
ERROR: ld.so: object '/projects/joku8258/anaconda3/lib/libmkl_avx2.so' from LD_PRELOAD cannot be preloaded (cannot open shared object file): ignored.
ERROR: ld.so: object '/projects/joku8258/anaconda3/lib/libmkl_def.so' from LD_PRELOAD cannot be preloaded (cannot open shared object file): ignored.
ERROR: ld.so: object '/projects/joku8258/anaconda3/lib/libmkl_avx2.so' from LD_PRELOAD cannot be preloaded (cannot open shared object file): ignored.
ERROR: ld.so: object '/projects/joku8258/anaconda3/lib/libmkl_def.so' from LD_PRELOAD cannot be preloaded (cannot open shared object file): ignored.
ERROR: ld.so: object '/projects/joku8258/anaconda3/lib/libmkl_avx2.so' from LD_PRELOAD cannot be preloaded (cannot open shared object file): ignored.
ERROR: ld.so: object '/projects/joku8258/anaconda3/lib/libmkl_def.so' from LD_PRELOAD cannot be preloaded (cannot open shared object file): ignored.
ERROR: ld.so: object '/projects/joku8258/anaconda3/lib/libmkl_avx2.so' from LD_PRELOAD cannot be preloaded (cannot open shared object file): ignored.
ERROR: ld.so: object '/projects/joku8258/anaconda3/lib/libmkl_def.so' from LD_PRELOAD cannot be preloaded (cannot open shared object file): ignored.
ERROR: ld.so: object '/projects/joku8258/anaconda3/lib/libmkl_avx2.so' from LD_PRELOAD cannot be preloaded (cannot open shared object file): ignored.
ERROR: ld.so: object '/projects/joku8258/anaconda3/lib/libmkl_def.so' from LD_PRELOAD cannot be preloaded (cannot open shared object file): ignored.
ERROR: ld.so: object '/projects/joku8258/anaconda3/lib/libmkl_avx2.so' from LD_PRELOAD cannot be preloaded (cannot open shared object file): ignored.
--------------------------------------------------------------------------
No OpenFabrics connection schemes reported that they were able to be
used on a specific port.  As such, the openib BTL (OpenFabrics
support) will be disabled for this port.

  Local host:           c3cpu-c11-u5-4
  Local device:         mlx5_0
  Local port:           1
  CPCs attempted:       rdmacm, udcm
--------------------------------------------------------------------------
[c3cpu-c11-u5-4.rc.int.colorado.edu:924101] 27 more processes have sent help message help-mpi-btl-openib-cpc-base.txt / no cpcs for port
[c3cpu-c11-u5-4.rc.int.colorado.edu:924101] Set MCA parameter "orte_base_help_aggregate" to 0 to see all help / error messages
ERROR: ld.so: object '/projects/joku8258/anaconda3/lib/libmkl_def.so' from LD_PRELOAD cannot be preloaded (cannot open shared object file): ignored.
ERROR: ld.so: object '/projects/joku8258/anaconda3/lib/libmkl_avx2.so' from LD_PRELOAD cannot be preloaded (cannot open shared object file): ignored.
ERROR: ld.so: object '/projects/joku8258/anaconda3/lib/libmkl_def.so' from LD_PRELOAD cannot be preloaded (cannot open shared object file): ignored.
ERROR: ld.so: object '/projects/joku8258/anaconda3/lib/libmkl_avx2.so' from LD_PRELOAD cannot be preloaded (cannot open shared object file): ignored.
ERROR: ld.so: object '/projects/joku8258/anaconda3/lib/libmkl_def.so' from LD_PRELOAD cannot be preloaded (cannot open shared object file): ignored.
ERROR: ld.so: object '/projects/joku8258/anaconda3/lib/libmkl_avx2.so' from LD_PRELOAD cannot be preloaded (cannot open shared object file): ignored.
ERROR: ld.so: object '/projects/joku8258/anaconda3/lib/libmkl_def.so' from LD_PRELOAD cannot be preloaded (cannot open shared object file): ignored.
ERROR: ld.so: object '/projects/joku8258/anaconda3/lib/libmkl_avx2.so' from LD_PRELOAD cannot be preloaded (cannot open shared object file): ignored.
ERROR: ld.so: object '/projects/joku8258/anaconda3/lib/libmkl_def.so' from LD_PRELOAD cannot be preloaded (cannot open shared object file): ignored.
ERROR: ld.so: object '/projects/joku8258/anaconda3/lib/libmkl_avx2.so' from LD_PRELOAD cannot be preloaded (cannot open shared object file): ignored.
ERROR: ld.so: object '/projects/joku8258/anaconda3/lib/libmkl_def.so' from LD_PRELOAD cannot be preloaded (cannot open shared object file): ignored.
ERROR: ld.so: object '/projects/joku8258/anaconda3/lib/libmkl_avx2.so' from LD_PRELOAD cannot be preloaded (cannot open shared object file): ignored.
ERROR: ld.so: object '/projects/joku8258/anaconda3/lib/libmkl_def.so' from LD_PRELOAD cannot be preloaded (cannot open shared object file): ignored.
ERROR: ld.so: object '/projects/joku8258/anaconda3/lib/libmkl_avx2.so' from LD_PRELOAD cannot be preloaded (cannot open shared object file): ignored.
ERROR: ld.so: object '/projects/joku8258/anaconda3/lib/libmkl_def.so' from LD_PRELOAD cannot be preloaded (cannot open shared object file): ignored.
ERROR: ld.so: object '/projects/joku8258/anaconda3/lib/libmkl_avx2.so' from LD_PRELOAD cannot be preloaded (cannot open shared object file): ignored.
ERROR: ld.so: object '/projects/joku8258/anaconda3/lib/libmkl_def.so' from LD_PRELOAD cannot be preloaded (cannot open shared object file): ignored.
ERROR: ld.so: object '/projects/joku8258/anaconda3/lib/libmkl_avx2.so' from LD_PRELOAD cannot be preloaded (cannot open shared object file): ignored.
ERROR: ld.so: object '/projects/joku8258/anaconda3/lib/libmkl_def.so' from LD_PRELOAD cannot be preloaded (cannot open shared object file): ignored.
ERROR: ld.so: object '/projects/joku8258/anaconda3/lib/libmkl_avx2.so' from LD_PRELOAD cannot be preloaded (cannot open shared object file): ignored.
ERROR: ld.so: object '/projects/joku8258/anaconda3/lib/libmkl_def.so' from LD_PRELOAD cannot be preloaded (cannot open shared object file): ignored.
ERROR: ld.so: object '/projects/joku8258/anaconda3/lib/libmkl_avx2.so' from LD_PRELOAD cannot be preloaded (cannot open shared object file): ignored.
ERROR: ld.so: object '/projects/joku8258/anaconda3/lib/libmkl_def.so' from LD_PRELOAD cannot be preloaded (cannot open shared object file): ignored.
ERROR: ld.so: object '/projects/joku8258/anaconda3/lib/libmkl_avx2.so' from LD_PRELOAD cannot be preloaded (cannot open shared object file): ignored.
ERROR: ld.so: object '/projects/joku8258/anaconda3/lib/libmkl_def.so' from LD_PRELOAD cannot be preloaded (cannot open shared object file): ignored.
ERROR: ld.so: object '/projects/joku8258/anaconda3/lib/libmkl_avx2.so' from LD_PRELOAD cannot be preloaded (cannot open shared object file): ignored.
ERROR: ld.so: object '/projects/joku8258/anaconda3/lib/libmkl_def.so' from LD_PRELOAD cannot be preloaded (cannot open shared object file): ignored.
ERROR: ld.so: object '/projects/joku8258/anaconda3/lib/libmkl_avx2.so' from LD_PRELOAD cannot be preloaded (cannot open shared object file): ignored.
ERROR: ld.so: object '/projects/joku8258/anaconda3/lib/libmkl_def.so' from LD_PRELOAD cannot be preloaded (cannot open shared object file): ignored.
ERROR: ld.so: object '/projects/joku8258/anaconda3/lib/libmkl_avx2.so' from LD_PRELOAD cannot be preloaded (cannot open shared object file): ignored.
ERROR: ld.so: object '/projects/joku8258/anaconda3/lib/libmkl_def.so' from LD_PRELOAD cannot be preloaded (cannot open shared object file): ignored.
ERROR: ld.so: object '/projects/joku8258/anaconda3/lib/libmkl_avx2.so' from LD_PRELOAD cannot be preloaded (cannot open shared object file): ignored.
ERROR: ld.so: object '/projects/joku8258/anaconda3/lib/libmkl_def.so' from LD_PRELOAD cannot be preloaded (cannot open shared object file): ignored.
ERROR: ld.so: object '/projects/joku8258/anaconda3/lib/libmkl_avx2.so' from LD_PRELOAD cannot be preloaded (cannot open shared object file): ignored.
ERROR: ld.so: object '/projects/joku8258/anaconda3/lib/libmkl_def.so' from LD_PRELOAD cannot be preloaded (cannot open shared object file): ignored.
ERROR: ld.so: object '/projects/joku8258/anaconda3/lib/libmkl_avx2.so' from LD_PRELOAD cannot be preloaded (cannot open shared object file): ignored.
ERROR: ld.so: object '/projects/joku8258/anaconda3/lib/libmkl_def.so' from LD_PRELOAD cannot be preloaded (cannot open shared object file): ignored.
ERROR: ld.so: object '/projects/joku8258/anaconda3/lib/libmkl_avx2.so' from LD_PRELOAD cannot be preloaded (cannot open shared object file): ignored.
ERROR: ld.so: object '/projects/joku8258/anaconda3/lib/libmkl_def.so' from LD_PRELOAD cannot be preloaded (cannot open shared object file): ignored.
ERROR: ld.so: object '/projects/joku8258/anaconda3/lib/libmkl_avx2.so' from LD_PRELOAD cannot be preloaded (cannot open shared object file): ignored.
ERROR: ld.so: object '/projects/joku8258/anaconda3/lib/libmkl_def.so' from LD_PRELOAD cannot be preloaded (cannot open shared object file): ignored.
ERROR: ld.so: object '/projects/joku8258/anaconda3/lib/libmkl_avx2.so' from LD_PRELOAD cannot be preloaded (cannot open shared object file): ignored.
ERROR: ld.so: object '/projects/joku8258/anaconda3/lib/libmkl_def.so' from LD_PRELOAD cannot be preloaded (cannot open shared object file): ignored.
ERROR: ld.so: object '/projects/joku8258/anaconda3/lib/libmkl_avx2.so' from LD_PRELOAD cannot be preloaded (cannot open shared object file): ignored.
ERROR: ld.so: object '/projects/joku8258/anaconda3/lib/libmkl_def.so' from LD_PRELOAD cannot be preloaded (cannot open shared object file): ignored.
ERROR: ld.so: object '/projects/joku8258/anaconda3/lib/libmkl_avx2.so' from LD_PRELOAD cannot be preloaded (cannot open shared object file): ignored.
ERROR: ld.so: object '/projects/joku8258/anaconda3/lib/libmkl_def.so' from LD_PRELOAD cannot be preloaded (cannot open shared object file): ignored.
ERROR: ld.so: object '/projects/joku8258/anaconda3/lib/libmkl_avx2.so' from LD_PRELOAD cannot be preloaded (cannot open shared object file): ignored.
ERROR: ld.so: object '/projects/joku8258/anaconda3/lib/libmkl_def.so' from LD_PRELOAD cannot be preloaded (cannot open shared object file): ignored.
ERROR: ld.so: object '/projects/joku8258/anaconda3/lib/libmkl_avx2.so' from LD_PRELOAD cannot be preloaded (cannot open shared object file): ignored.
ERROR: ld.so: object '/projects/joku8258/anaconda3/lib/libmkl_def.so' from LD_PRELOAD cannot be preloaded (cannot open shared object file): ignored.
ERROR: ld.so: object '/projects/joku8258/anaconda3/lib/libmkl_avx2.so' from LD_PRELOAD cannot be preloaded (cannot open shared object file): ignored.
ERROR: ld.so: object '/projects/joku8258/anaconda3/lib/libmkl_def.so' from LD_PRELOAD cannot be preloaded (cannot open shared object file): ignored.
ERROR: ld.so: object '/projects/joku8258/anaconda3/lib/libmkl_avx2.so' from LD_PRELOAD cannot be preloaded (cannot open shared object file): ignored.
ERROR: ld.so: object '/projects/joku8258/anaconda3/lib/libmkl_def.so' from LD_PRELOAD cannot be preloaded (cannot open shared object file): ignored.
ERROR: ld.so: object '/projects/joku8258/anaconda3/lib/libmkl_avx2.so' from LD_PRELOAD cannot be preloaded (cannot open shared object file): ignored.
ERROR: ld.so: object '/projects/joku8258/anaconda3/lib/libmkl_def.so' from LD_PRELOAD cannot be preloaded (cannot open shared object file): ignored.
ERROR: ld.so: object '/projects/joku8258/anaconda3/lib/libmkl_avx2.so' from LD_PRELOAD cannot be preloaded (cannot open shared object file): ignored.
ERROR: ld.so: object '/projects/joku8258/anaconda3/lib/libmkl_def.so' from LD_PRELOAD cannot be preloaded (cannot open shared object file): ignored.
ERROR: ld.so: object '/projects/joku8258/anaconda3/lib/libmkl_avx2.so' from LD_PRELOAD cannot be preloaded (cannot open shared object file): ignored.
ERROR: ld.so: object '/projects/joku8258/anaconda3/lib/libmkl_def.so' from LD_PRELOAD cannot be preloaded (cannot open shared object file): ignored.
ERROR: ld.so: object '/projects/joku8258/anaconda3/lib/libmkl_avx2.so' from LD_PRELOAD cannot be preloaded (cannot open shared object file): ignored.
ERROR: ld.so: object '/projects/joku8258/anaconda3/lib/libmkl_def.so' from LD_PRELOAD cannot be preloaded (cannot open shared object file): ignored.
ERROR: ld.so: object '/projects/joku8258/anaconda3/lib/libmkl_avx2.so' from LD_PRELOAD cannot be preloaded (cannot open shared object file): ignored.
ERROR: ld.so: object '/projects/joku8258/anaconda3/lib/libmkl_def.so' from LD_PRELOAD cannot be preloaded (cannot open shared object file): ignored.
ERROR: ld.so: object '/projects/joku8258/anaconda3/lib/libmkl_avx2.so' from LD_PRELOAD cannot be preloaded (cannot open shared object file): ignored.
ERROR: ld.so: object '/projects/joku8258/anaconda3/lib/libmkl_def.so' from LD_PRELOAD cannot be preloaded (cannot open shared object file): ignored.
ERROR: ld.so: object '/projects/joku8258/anaconda3/lib/libmkl_avx2.so' from LD_PRELOAD cannot be preloaded (cannot open shared object file): ignored.
--------------------------------------------------------------------------
No OpenFabrics connection schemes reported that they were able to be
used on a specific port.  As such, the openib BTL (OpenFabrics
support) will be disabled for this port.

  Local host:           c3cpu-c11-u5-4
  Local device:         mlx5_0
  Local port:           1
  CPCs attempted:       rdmacm, udcm
--------------------------------------------------------------------------
[c3cpu-c11-u5-4.rc.int.colorado.edu:924975] 27 more processes have sent help message help-mpi-btl-openib-cpc-base.txt / no cpcs for port
[c3cpu-c11-u5-4.rc.int.colorado.edu:924975] Set MCA parameter "orte_base_help_aggregate" to 0 to see all help / error messages
ERROR: ld.so: object '/projects/joku8258/anaconda3/lib/libmkl_def.so' from LD_PRELOAD cannot be preloaded (cannot open shared object file): ignored.
ERROR: ld.so: object '/projects/joku8258/anaconda3/lib/libmkl_avx2.so' from LD_PRELOAD cannot be preloaded (cannot open shared object file): ignored.
ERROR: ld.so: object '/projects/joku8258/anaconda3/lib/libmkl_def.so' from LD_PRELOAD cannot be preloaded (cannot open shared object file): ignored.
ERROR: ld.so: object '/projects/joku8258/anaconda3/lib/libmkl_avx2.so' from LD_PRELOAD cannot be preloaded (cannot open shared object file): ignored.
ERROR: ld.so: object '/projects/joku8258/anaconda3/lib/libmkl_def.so' from LD_PRELOAD cannot be preloaded (cannot open shared object file): ignored.
ERROR: ld.so: object '/projects/joku8258/anaconda3/lib/libmkl_avx2.so' from LD_PRELOAD cannot be preloaded (cannot open shared object file): ignored.
ERROR: ld.so: object '/projects/joku8258/anaconda3/lib/libmkl_def.so' from LD_PRELOAD cannot be preloaded (cannot open shared object file): ignored.
ERROR: ld.so: object '/projects/joku8258/anaconda3/lib/libmkl_avx2.so' from LD_PRELOAD cannot be preloaded (cannot open shared object file): ignored.
ERROR: ld.so: object '/projects/joku8258/anaconda3/lib/libmkl_def.so' from LD_PRELOAD cannot be preloaded (cannot open shared object file): ignored.
ERROR: ld.so: object '/projects/joku8258/anaconda3/lib/libmkl_avx2.so' from LD_PRELOAD cannot be preloaded (cannot open shared object file): ignored.
ERROR: ld.so: object '/projects/joku8258/anaconda3/lib/libmkl_def.so' from LD_PRELOAD cannot be preloaded (cannot open shared object file): ignored.
ERROR: ld.so: object '/projects/joku8258/anaconda3/lib/libmkl_avx2.so' from LD_PRELOAD cannot be preloaded (cannot open shared object file): ignored.
ERROR: ld.so: object '/projects/joku8258/anaconda3/lib/libmkl_def.so' from LD_PRELOAD cannot be preloaded (cannot open shared object file): ignored.
ERROR: ld.so: object '/projects/joku8258/anaconda3/lib/libmkl_avx2.so' from LD_PRELOAD cannot be preloaded (cannot open shared object file): ignored.
ERROR: ld.so: object '/projects/joku8258/anaconda3/lib/libmkl_def.so' from LD_PRELOAD cannot be preloaded (cannot open shared object file): ignored.
ERROR: ld.so: object '/projects/joku8258/anaconda3/lib/libmkl_avx2.so' from LD_PRELOAD cannot be preloaded (cannot open shared object file): ignored.
ERROR: ld.so: object '/projects/joku8258/anaconda3/lib/libmkl_def.so' from LD_PRELOAD cannot be preloaded (cannot open shared object file): ignored.
ERROR: ld.so: object '/projects/joku8258/anaconda3/lib/libmkl_avx2.so' from LD_PRELOAD cannot be preloaded (cannot open shared object file): ignored.
ERROR: ld.so: object '/projects/joku8258/anaconda3/lib/libmkl_def.so' from LD_PRELOAD cannot be preloaded (cannot open shared object file): ignored.
ERROR: ld.so: object '/projects/joku8258/anaconda3/lib/libmkl_avx2.so' from LD_PRELOAD cannot be preloaded (cannot open shared object file): ignored.
ERROR: ld.so: object '/projects/joku8258/anaconda3/lib/libmkl_def.so' from LD_PRELOAD cannot be preloaded (cannot open shared object file): ignored.
ERROR: ld.so: object '/projects/joku8258/anaconda3/lib/libmkl_avx2.so' from LD_PRELOAD cannot be preloaded (cannot open shared object file): ignored.
ERROR: ld.so: object '/projects/joku8258/anaconda3/lib/libmkl_def.so' from LD_PRELOAD cannot be preloaded (cannot open shared object file): ignored.
ERROR: ld.so: object '/projects/joku8258/anaconda3/lib/libmkl_avx2.so' from LD_PRELOAD cannot be preloaded (cannot open shared object file): ignored.
ERROR: ld.so: object '/projects/joku8258/anaconda3/lib/libmkl_def.so' from LD_PRELOAD cannot be preloaded (cannot open shared object file): ignored.
ERROR: ld.so: object '/projects/joku8258/anaconda3/lib/libmkl_avx2.so' from LD_PRELOAD cannot be preloaded (cannot open shared object file): ignored.
ERROR: ld.so: object '/projects/joku8258/anaconda3/lib/libmkl_def.so' from LD_PRELOAD cannot be preloaded (cannot open shared object file): ignored.
ERROR: ld.so: object '/projects/joku8258/anaconda3/lib/libmkl_avx2.so' from LD_PRELOAD cannot be preloaded (cannot open shared object file): ignored.
ERROR: ld.so: object '/projects/joku8258/anaconda3/lib/libmkl_def.so' from LD_PRELOAD cannot be preloaded (cannot open shared object file): ignored.
ERROR: ld.so: object '/projects/joku8258/anaconda3/lib/libmkl_avx2.so' from LD_PRELOAD cannot be preloaded (cannot open shared object file): ignored.
ERROR: ld.so: object '/projects/joku8258/anaconda3/lib/libmkl_def.so' from LD_PRELOAD cannot be preloaded (cannot open shared object file): ignored.
ERROR: ld.so: object '/projects/joku8258/anaconda3/lib/libmkl_avx2.so' from LD_PRELOAD cannot be preloaded (cannot open shared object file): ignored.
ERROR: ld.so: object '/projects/joku8258/anaconda3/lib/libmkl_def.so' from LD_PRELOAD cannot be preloaded (cannot open shared object file): ignored.
ERROR: ld.so: object '/projects/joku8258/anaconda3/lib/libmkl_avx2.so' from LD_PRELOAD cannot be preloaded (cannot open shared object file): ignored.
ERROR: ld.so: object '/projects/joku8258/anaconda3/lib/libmkl_def.so' from LD_PRELOAD cannot be preloaded (cannot open shared object file): ignored.
ERROR: ld.so: object '/projects/joku8258/anaconda3/lib/libmkl_avx2.so' from LD_PRELOAD cannot be preloaded (cannot open shared object file): ignored.
ERROR: ld.so: object '/projects/joku8258/anaconda3/lib/libmkl_def.so' from LD_PRELOAD cannot be preloaded (cannot open shared object file): ignored.
ERROR: ld.so: object '/projects/joku8258/anaconda3/lib/libmkl_avx2.so' from LD_PRELOAD cannot be preloaded (cannot open shared object file): ignored.
ERROR: ld.so: object '/projects/joku8258/anaconda3/lib/libmkl_def.so' from LD_PRELOAD cannot be preloaded (cannot open shared object file): ignored.
ERROR: ld.so: object '/projects/joku8258/anaconda3/lib/libmkl_avx2.so' from LD_PRELOAD cannot be preloaded (cannot open shared object file): ignored.
ERROR: ld.so: object '/projects/joku8258/anaconda3/lib/libmkl_def.so' from LD_PRELOAD cannot be preloaded (cannot open shared object file): ignored.
ERROR: ld.so: object '/projects/joku8258/anaconda3/lib/libmkl_avx2.so' from LD_PRELOAD cannot be preloaded (cannot open shared object file): ignored.
ERROR: ld.so: object '/projects/joku8258/anaconda3/lib/libmkl_def.so' from LD_PRELOAD cannot be preloaded (cannot open shared object file): ignored.
ERROR: ld.so: object '/projects/joku8258/anaconda3/lib/libmkl_avx2.so' from LD_PRELOAD cannot be preloaded (cannot open shared object file): ignored.
ERROR: ld.so: object '/projects/joku8258/anaconda3/lib/libmkl_def.so' from LD_PRELOAD cannot be preloaded (cannot open shared object file): ignored.
ERROR: ld.so: object '/projects/joku8258/anaconda3/lib/libmkl_avx2.so' from LD_PRELOAD cannot be preloaded (cannot open shared object file): ignored.
ERROR: ld.so: object '/projects/joku8258/anaconda3/lib/libmkl_def.so' from LD_PRELOAD cannot be preloaded (cannot open shared object file): ignored.
ERROR: ld.so: object '/projects/joku8258/anaconda3/lib/libmkl_avx2.so' from LD_PRELOAD cannot be preloaded (cannot open shared object file): ignored.
ERROR: ld.so: object '/projects/joku8258/anaconda3/lib/libmkl_def.so' from LD_PRELOAD cannot be preloaded (cannot open shared object file): ignored.
ERROR: ld.so: object '/projects/joku8258/anaconda3/lib/libmkl_avx2.so' from LD_PRELOAD cannot be preloaded (cannot open shared object file): ignored.
ERROR: ld.so: object '/projects/joku8258/anaconda3/lib/libmkl_def.so' from LD_PRELOAD cannot be preloaded (cannot open shared object file): ignored.
ERROR: ld.so: object '/projects/joku8258/anaconda3/lib/libmkl_avx2.so' from LD_PRELOAD cannot be preloaded (cannot open shared object file): ignored.
ERROR: ld.so: object '/projects/joku8258/anaconda3/lib/libmkl_def.so' from LD_PRELOAD cannot be preloaded (cannot open shared object file): ignored.
ERROR: ld.so: object '/projects/joku8258/anaconda3/lib/libmkl_avx2.so' from LD_PRELOAD cannot be preloaded (cannot open shared object file): ignored.
ERROR: ld.so: object '/projects/joku8258/anaconda3/lib/libmkl_def.so' from LD_PRELOAD cannot be preloaded (cannot open shared object file): ignored.
ERROR: ld.so: object '/projects/joku8258/anaconda3/lib/libmkl_avx2.so' from LD_PRELOAD cannot be preloaded (cannot open shared object file): ignored.
ERROR: ld.so: object '/projects/joku8258/anaconda3/lib/libmkl_def.so' from LD_PRELOAD cannot be preloaded (cannot open shared object file): ignored.
ERROR: ld.so: object '/projects/joku8258/anaconda3/lib/libmkl_avx2.so' from LD_PRELOAD cannot be preloaded (cannot open shared object file): ignored.
ERROR: ld.so: object '/projects/joku8258/anaconda3/lib/libmkl_def.so' from LD_PRELOAD cannot be preloaded (cannot open shared object file): ignored.
ERROR: ld.so: object '/projects/joku8258/anaconda3/lib/libmkl_avx2.so' from LD_PRELOAD cannot be preloaded (cannot open shared object file): ignored.
ERROR: ld.so: object '/projects/joku8258/anaconda3/lib/libmkl_def.so' from LD_PRELOAD cannot be preloaded (cannot open shared object file): ignored.
ERROR: ld.so: object '/projects/joku8258/anaconda3/lib/libmkl_avx2.so' from LD_PRELOAD cannot be preloaded (cannot open shared object file): ignored.
ERROR: ld.so: object '/projects/joku8258/anaconda3/lib/libmkl_def.so' from LD_PRELOAD cannot be preloaded (cannot open shared object file): ignored.
ERROR: ld.so: object '/projects/joku8258/anaconda3/lib/libmkl_avx2.so' from LD_PRELOAD cannot be preloaded (cannot open shared object file): ignored.
ERROR: ld.so: object '/projects/joku8258/anaconda3/lib/libmkl_def.so' from LD_PRELOAD cannot be preloaded (cannot open shared object file): ignored.
ERROR: ld.so: object '/projects/joku8258/anaconda3/lib/libmkl_avx2.so' from LD_PRELOAD cannot be preloaded (cannot open shared object file): ignored.
ERROR: ld.so: object '/projects/joku8258/anaconda3/lib/libmkl_def.so' from LD_PRELOAD cannot be preloaded (cannot open shared object file): ignored.
ERROR: ld.so: object '/projects/joku8258/anaconda3/lib/libmkl_avx2.so' from LD_PRELOAD cannot be preloaded (cannot open shared object file): ignored.
--------------------------------------------------------------------------
No OpenFabrics connection schemes reported that they were able to be
used on a specific port.  As such, the openib BTL (OpenFabrics
support) will be disabled for this port.

  Local host:           c3cpu-c11-u5-4
  Local device:         mlx5_0
  Local port:           1
  CPCs attempted:       rdmacm, udcm
--------------------------------------------------------------------------
[c3cpu-c11-u5-4.rc.int.colorado.edu:925647] 27 more processes have sent help message help-mpi-btl-openib-cpc-base.txt / no cpcs for port
[c3cpu-c11-u5-4.rc.int.colorado.edu:925647] Set MCA parameter "orte_base_help_aggregate" to 0 to see all help / error messages
ERROR: ld.so: object '/projects/joku8258/anaconda3/lib/libmkl_def.so' from LD_PRELOAD cannot be preloaded (cannot open shared object file): ignored.
ERROR: ld.so: object '/projects/joku8258/anaconda3/lib/libmkl_avx2.so' from LD_PRELOAD cannot be preloaded (cannot open shared object file): ignored.
ERROR: ld.so: object '/projects/joku8258/anaconda3/lib/libmkl_def.so' from LD_PRELOAD cannot be preloaded (cannot open shared object file): ignored.
ERROR: ld.so: object '/projects/joku8258/anaconda3/lib/libmkl_avx2.so' from LD_PRELOAD cannot be preloaded (cannot open shared object file): ignored.
ERROR: ld.so: object '/projects/joku8258/anaconda3/lib/libmkl_def.so' from LD_PRELOAD cannot be preloaded (cannot open shared object file): ignored.
ERROR: ld.so: object '/projects/joku8258/anaconda3/lib/libmkl_avx2.so' from LD_PRELOAD cannot be preloaded (cannot open shared object file): ignored.
ERROR: ld.so: object '/projects/joku8258/anaconda3/lib/libmkl_def.so' from LD_PRELOAD cannot be preloaded (cannot open shared object file): ignored.
ERROR: ld.so: object '/projects/joku8258/anaconda3/lib/libmkl_avx2.so' from LD_PRELOAD cannot be preloaded (cannot open shared object file): ignored.
ERROR: ld.so: object '/projects/joku8258/anaconda3/lib/libmkl_def.so' from LD_PRELOAD cannot be preloaded (cannot open shared object file): ignored.
ERROR: ld.so: object '/projects/joku8258/anaconda3/lib/libmkl_avx2.so' from LD_PRELOAD cannot be preloaded (cannot open shared object file): ignored.
ERROR: ld.so: object '/projects/joku8258/anaconda3/lib/libmkl_def.so' from LD_PRELOAD cannot be preloaded (cannot open shared object file): ignored.
ERROR: ld.so: object '/projects/joku8258/anaconda3/lib/libmkl_avx2.so' from LD_PRELOAD cannot be preloaded (cannot open shared object file): ignored.
ERROR: ld.so: object '/projects/joku8258/anaconda3/lib/libmkl_def.so' from LD_PRELOAD cannot be preloaded (cannot open shared object file): ignored.
ERROR: ld.so: object '/projects/joku8258/anaconda3/lib/libmkl_avx2.so' from LD_PRELOAD cannot be preloaded (cannot open shared object file): ignored.
ERROR: ld.so: object '/projects/joku8258/anaconda3/lib/libmkl_def.so' from LD_PRELOAD cannot be preloaded (cannot open shared object file): ignored.
ERROR: ld.so: object '/projects/joku8258/anaconda3/lib/libmkl_avx2.so' from LD_PRELOAD cannot be preloaded (cannot open shared object file): ignored.
ERROR: ld.so: object '/projects/joku8258/anaconda3/lib/libmkl_def.so' from LD_PRELOAD cannot be preloaded (cannot open shared object file): ignored.
ERROR: ld.so: object '/projects/joku8258/anaconda3/lib/libmkl_avx2.so' from LD_PRELOAD cannot be preloaded (cannot open shared object file): ignored.
ERROR: ld.so: object '/projects/joku8258/anaconda3/lib/libmkl_def.so' from LD_PRELOAD cannot be preloaded (cannot open shared object file): ignored.
ERROR: ld.so: object '/projects/joku8258/anaconda3/lib/libmkl_avx2.so' from LD_PRELOAD cannot be preloaded (cannot open shared object file): ignored.
ERROR: ld.so: object '/projects/joku8258/anaconda3/lib/libmkl_def.so' from LD_PRELOAD cannot be preloaded (cannot open shared object file): ignored.
ERROR: ld.so: object '/projects/joku8258/anaconda3/lib/libmkl_avx2.so' from LD_PRELOAD cannot be preloaded (cannot open shared object file): ignored.
ERROR: ld.so: object '/projects/joku8258/anaconda3/lib/libmkl_def.so' from LD_PRELOAD cannot be preloaded (cannot open shared object file): ignored.
ERROR: ld.so: object '/projects/joku8258/anaconda3/lib/libmkl_avx2.so' from LD_PRELOAD cannot be preloaded (cannot open shared object file): ignored.
ERROR: ld.so: object '/projects/joku8258/anaconda3/lib/libmkl_def.so' from LD_PRELOAD cannot be preloaded (cannot open shared object file): ignored.
ERROR: ld.so: object '/projects/joku8258/anaconda3/lib/libmkl_avx2.so' from LD_PRELOAD cannot be preloaded (cannot open shared object file): ignored.
ERROR: ld.so: object '/projects/joku8258/anaconda3/lib/libmkl_def.so' from LD_PRELOAD cannot be preloaded (cannot open shared object file): ignored.
ERROR: ld.so: object '/projects/joku8258/anaconda3/lib/libmkl_avx2.so' from LD_PRELOAD cannot be preloaded (cannot open shared object file): ignored.
ERROR: ld.so: object '/projects/joku8258/anaconda3/lib/libmkl_def.so' from LD_PRELOAD cannot be preloaded (cannot open shared object file): ignored.
ERROR: ld.so: object '/projects/joku8258/anaconda3/lib/libmkl_avx2.so' from LD_PRELOAD cannot be preloaded (cannot open shared object file): ignored.
ERROR: ld.so: object '/projects/joku8258/anaconda3/lib/libmkl_def.so' from LD_PRELOAD cannot be preloaded (cannot open shared object file): ignored.
ERROR: ld.so: object '/projects/joku8258/anaconda3/lib/libmkl_avx2.so' from LD_PRELOAD cannot be preloaded (cannot open shared object file): ignored.
ERROR: ld.so: object '/projects/joku8258/anaconda3/lib/libmkl_def.so' from LD_PRELOAD cannot be preloaded (cannot open shared object file): ignored.
ERROR: ld.so: object '/projects/joku8258/anaconda3/lib/libmkl_avx2.so' from LD_PRELOAD cannot be preloaded (cannot open shared object file): ignored.
ERROR: ld.so: object '/projects/joku8258/anaconda3/lib/libmkl_def.so' from LD_PRELOAD cannot be preloaded (cannot open shared object file): ignored.
ERROR: ld.so: object '/projects/joku8258/anaconda3/lib/libmkl_avx2.so' from LD_PRELOAD cannot be preloaded (cannot open shared object file): ignored.
ERROR: ld.so: object '/projects/joku8258/anaconda3/lib/libmkl_def.so' from LD_PRELOAD cannot be preloaded (cannot open shared object file): ignored.
ERROR: ld.so: object '/projects/joku8258/anaconda3/lib/libmkl_avx2.so' from LD_PRELOAD cannot be preloaded (cannot open shared object file): ignored.
ERROR: ld.so: object '/projects/joku8258/anaconda3/lib/libmkl_def.so' from LD_PRELOAD cannot be preloaded (cannot open shared object file): ignored.
ERROR: ld.so: object '/projects/joku8258/anaconda3/lib/libmkl_avx2.so' from LD_PRELOAD cannot be preloaded (cannot open shared object file): ignored.
ERROR: ld.so: object '/projects/joku8258/anaconda3/lib/libmkl_def.so' from LD_PRELOAD cannot be preloaded (cannot open shared object file): ignored.
ERROR: ld.so: object '/projects/joku8258/anaconda3/lib/libmkl_avx2.so' from LD_PRELOAD cannot be preloaded (cannot open shared object file): ignored.
ERROR: ld.so: object '/projects/joku8258/anaconda3/lib/libmkl_def.so' from LD_PRELOAD cannot be preloaded (cannot open shared object file): ignored.
ERROR: ld.so: object '/projects/joku8258/anaconda3/lib/libmkl_avx2.so' from LD_PRELOAD cannot be preloaded (cannot open shared object file): ignored.
ERROR: ld.so: object '/projects/joku8258/anaconda3/lib/libmkl_def.so' from LD_PRELOAD cannot be preloaded (cannot open shared object file): ignored.
ERROR: ld.so: object '/projects/joku8258/anaconda3/lib/libmkl_avx2.so' from LD_PRELOAD cannot be preloaded (cannot open shared object file): ignored.
ERROR: ld.so: object '/projects/joku8258/anaconda3/lib/libmkl_def.so' from LD_PRELOAD cannot be preloaded (cannot open shared object file): ignored.
ERROR: ld.so: object '/projects/joku8258/anaconda3/lib/libmkl_avx2.so' from LD_PRELOAD cannot be preloaded (cannot open shared object file): ignored.
ERROR: ld.so: object '/projects/joku8258/anaconda3/lib/libmkl_def.so' from LD_PRELOAD cannot be preloaded (cannot open shared object file): ignored.
ERROR: ld.so: object '/projects/joku8258/anaconda3/lib/libmkl_avx2.so' from LD_PRELOAD cannot be preloaded (cannot open shared object file): ignored.
ERROR: ld.so: object '/projects/joku8258/anaconda3/lib/libmkl_def.so' from LD_PRELOAD cannot be preloaded (cannot open shared object file): ignored.
ERROR: ld.so: object '/projects/joku8258/anaconda3/lib/libmkl_avx2.so' from LD_PRELOAD cannot be preloaded (cannot open shared object file): ignored.
ERROR: ld.so: object '/projects/joku8258/anaconda3/lib/libmkl_def.so' from LD_PRELOAD cannot be preloaded (cannot open shared object file): ignored.
ERROR: ld.so: object '/projects/joku8258/anaconda3/lib/libmkl_avx2.so' from LD_PRELOAD cannot be preloaded (cannot open shared object file): ignored.
ERROR: ld.so: object '/projects/joku8258/anaconda3/lib/libmkl_def.so' from LD_PRELOAD cannot be preloaded (cannot open shared object file): ignored.
ERROR: ld.so: object '/projects/joku8258/anaconda3/lib/libmkl_avx2.so' from LD_PRELOAD cannot be preloaded (cannot open shared object file): ignored.
ERROR: ld.so: object '/projects/joku8258/anaconda3/lib/libmkl_def.so' from LD_PRELOAD cannot be preloaded (cannot open shared object file): ignored.
ERROR: ld.so: object '/projects/joku8258/anaconda3/lib/libmkl_avx2.so' from LD_PRELOAD cannot be preloaded (cannot open shared object file): ignored.
ERROR: ld.so: object '/projects/joku8258/anaconda3/lib/libmkl_def.so' from LD_PRELOAD cannot be preloaded (cannot open shared object file): ignored.
ERROR: ld.so: object '/projects/joku8258/anaconda3/lib/libmkl_avx2.so' from LD_PRELOAD cannot be preloaded (cannot open shared object file): ignored.
ERROR: ld.so: object '/projects/joku8258/anaconda3/lib/libmkl_def.so' from LD_PRELOAD cannot be preloaded (cannot open shared object file): ignored.
ERROR: ld.so: object '/projects/joku8258/anaconda3/lib/libmkl_avx2.so' from LD_PRELOAD cannot be preloaded (cannot open shared object file): ignored.
ERROR: ld.so: object '/projects/joku8258/anaconda3/lib/libmkl_def.so' from LD_PRELOAD cannot be preloaded (cannot open shared object file): ignored.
ERROR: ld.so: object '/projects/joku8258/anaconda3/lib/libmkl_avx2.so' from LD_PRELOAD cannot be preloaded (cannot open shared object file): ignored.
ERROR: ld.so: object '/projects/joku8258/anaconda3/lib/libmkl_def.so' from LD_PRELOAD cannot be preloaded (cannot open shared object file): ignored.
ERROR: ld.so: object '/projects/joku8258/anaconda3/lib/libmkl_avx2.so' from LD_PRELOAD cannot be preloaded (cannot open shared object file): ignored.
ERROR: ld.so: object '/projects/joku8258/anaconda3/lib/libmkl_def.so' from LD_PRELOAD cannot be preloaded (cannot open shared object file): ignored.
ERROR: ld.so: object '/projects/joku8258/anaconda3/lib/libmkl_avx2.so' from LD_PRELOAD cannot be preloaded (cannot open shared object file): ignored.
--------------------------------------------------------------------------
No OpenFabrics connection schemes reported that they were able to be
used on a specific port.  As such, the openib BTL (OpenFabrics
support) will be disabled for this port.

  Local host:           c3cpu-c11-u5-4
  Local device:         mlx5_0
  Local port:           1
  CPCs attempted:       rdmacm, udcm
--------------------------------------------------------------------------
[c3cpu-c11-u5-4.rc.int.colorado.edu:926313] 27 more processes have sent help message help-mpi-btl-openib-cpc-base.txt / no cpcs for port
[c3cpu-c11-u5-4.rc.int.colorado.edu:926313] Set MCA parameter "orte_base_help_aggregate" to 0 to see all help / error messages
slurmstepd: error: *** JOB 4686760 ON c3cpu-c11-u5-4 CANCELLED AT 2024-02-06T13:37:13 DUE TO TIME LIMIT ***
