# Hostname: sharmagroup-rn
# System Type: Linux
# Machine Type: x86_64
# Processor: x86_64
# Using Local Natural Orbital Approximation
# Number of MPI ranks: 1
#
# norb: 6
# nelec: (2, 2)
#
# n_eql: 5
# n_ene_blocks: 1
# n_sr_blocks: 10
# n_blocks: 10
# n_walkers: 1
# seed: 98
# walker_type: rhf
# trial: rhf
# dt: 0.005
# orbE: 1
# prjlo: [[-2.77555756e-17  1.00000000e+00]]
# maxError: 0.0004472135954999579
# LNO: True
# use_gpu: False
# n_exp_terms: 6
# n_prop_steps: 50
# orbital_rotation: True
# do_sr: True
# symmetry: False
# save_walkers: False
# ene0: 0.0
# free_projection: False
# n_batch: 1
#
# Equilibration sweeps:
#   Iter        Block energy     Block OrbE     Walltime
#     0      -5.206564613e+00        -        4.79e-01 
#     1      -5.236778259e+00     -1.510149054e-02     1.06e+00 
#     2      -5.251502514e+00     -2.778872848e-02     1.41e+00 
#     3      -5.237708569e+00     -1.526418794e-02     1.44e+00 
#     4      -5.255377293e+00     -3.239689395e-02     1.46e+00 
#     5      -5.266934395e+00     -3.508965671e-02     1.48e+00 
#
# Sampling sweeps:
#  Iter        Mean energy          Stochastic error          OrbitalEnergy          OrbEStochError          Walltime
     0      -5.229454517e+00                -              -1.160934474e-02        -       1.83e+00 
     1      -5.230592508e+00                -              -1.209709796e-02        -       1.84e+00 
     2      -5.236436244e+00                -              -1.880312029e-02        -       1.84e+00 
     3      -5.244220959e+00                -              -2.733618285e-02        -       1.85e+00 
     4      -5.243459753e+00                -              -2.580769898e-02        -       1.85e+00 
     5      -5.243169648e+00                -              -2.563820876e-02        -       1.86e+00 
     6      -5.242232850e+00        9.724400351e-03        -2.450187958e-02        1.097735794e-02        1.86e+00 
     7      -5.240761325e+00                -              -2.268988279e-02        -       1.87e+00 
     8      -5.241257488e+00        7.059439567e-03        -2.258365337e-02        8.077596314e-03        1.87e+00 
     9      -5.249579551e+00        1.118987264e-02        -2.839640398e-02        8.797563640e-03        1.88e+00 
#
# Number of large deviations: 0
# Number of outliers in post: 1 
#
# Mean: -5.24125749e+00
# Block size    # of blocks         Mean                Error
      1                9       -5.24125719e+00       4.189483e-03
      2                4       -5.24076128e+00       7.059440e-03
      3                3       -5.24125719e+00       5.310956e-03
# Stocahstic error estimate: 7.059440e-03
#
#
# Mean: -2.25836534e-02
# Block size    # of blocks         Mean                Error
      1                9       -2.25836523e-02       4.726209e-03
      2                4       -2.26898845e-02       8.077596e-03
      3                3       -2.25836523e-02       6.118497e-03
# Stocahstic error estimate: 8.077596e-03
#
AFQMC energy: -5.241 +/- 0.007

orbE energy: -0.023 +/- 0.008

ph_afqmc walltime: 1.8809962272644043
