# Hostname: sharmagroup-rn
# System Type: Linux
# Machine Type: x86_64
# Processor: x86_64
# Using Local Natural Orbital Approximation
# Number of MPI ranks: 1
#
# norb: 6
# nelec: (2, 2)
#
# n_eql: 5
# n_ene_blocks: 1
# n_sr_blocks: 10
# n_blocks: 10
# n_walkers: 1
# seed: 98
# walker_type: rhf
# trial: rhf
# dt: 0.005
# orbE: 1
# prjlo: [[8.32667268e-17 1.00000000e+00]]
# maxError: 0.0004472135954999579
# LNO: True
# use_gpu: False
# n_exp_terms: 6
# n_prop_steps: 50
# orbital_rotation: True
# do_sr: True
# symmetry: False
# save_walkers: False
# ene0: 0.0
# free_projection: False
# n_batch: 1
#
# Equilibration sweeps:
#   Iter        Block energy     Block OrbE     Walltime
#     0      -5.206564613e+00        -        4.76e-01 
#     1      -5.263062954e+00     -5.237032846e-02     1.05e+00 
#     2      -5.254552841e+00     -3.128787875e-02     1.42e+00 
#     3      -5.234432220e+00     -2.235478722e-02     1.44e+00 
#     4      -5.242878437e+00     -2.239842154e-02     1.47e+00 
#     5      -5.257687092e+00     -3.086561710e-02     1.49e+00 
#
# Sampling sweeps:
#  Iter        Mean energy          Stochastic error          OrbitalEnergy          OrbEStochError          Walltime
     0      -5.225931168e+00                -              -7.080033887e-03        -       1.83e+00 
     1      -5.233263470e+00                -              -1.668809164e-02        -       1.83e+00 
     2      -5.227823550e+00                -              -1.336216950e-02        -       1.85e+00 
     3      -5.228919747e+00                -              -1.229385288e-02        -       1.85e+00 
     4      -5.233933097e+00                -              -1.326234818e-02        -       1.86e+00 
     5      -5.233701975e+00                -              -1.250911862e-02        -       1.86e+00 
     6      -5.233275244e+00                -              -1.329216636e-02        -       1.87e+00 
     7      -5.233717369e+00                -              -1.445731339e-02        -       1.87e+00 
     8      -5.234687194e+00                -              -1.557808572e-02        -       1.88e+00 
     9      -5.233240071e+00        3.648880625e-03        -1.470421811e-02        2.634172378e-03        1.88e+00 
#
# Number of large deviations: 0
# Number of outliers in post: 0 
#
# Mean: -5.23324007e+00
# Block size    # of blocks         Mean                Error
      1               10       -5.23324013e+00       3.648881e-03
      2                5       -5.23324060e+00       3.347245e-03
      3                3       -5.23468733e+00       4.326692e-03
# Stocahstic error estimate: 3.648881e-03
#
#
# Mean: -1.47042181e-02
# Block size    # of blocks         Mean                Error
      1               10       -1.47042163e-02       2.634172e-03
      2                5       -1.47042191e-02       2.314089e-03
      3                3       -1.55780846e-02       3.806070e-03
# Stocahstic error estimate: 2.634172e-03
#
AFQMC energy: -5.233 +/- 0.004

orbE energy: -0.015 +/- 0.003

ph_afqmc walltime: 1.8852620124816895
