# Hostname: sharmagroup-rn
# System Type: Linux
# Machine Type: x86_64
# Processor: x86_64
# Using Local Natural Orbital Approximation
# Number of MPI ranks: 1
#
# norb: 5
# nelec: (2, 2)
#
# n_eql: 5
# n_ene_blocks: 1
# n_sr_blocks: 10
# n_blocks: 10
# n_walkers: 1
# seed: 98
# walker_type: rhf
# trial: rhf
# dt: 0.005
# orbE: 1
# prjlo: [[-6.9388939e-18  1.0000000e+00]]
# maxError: 0.0004472135954999579
# LNO: True
# use_gpu: False
# n_exp_terms: 6
# n_prop_steps: 50
# orbital_rotation: True
# do_sr: True
# symmetry: False
# save_walkers: False
# ene0: 0.0
# free_projection: False
# n_batch: 1
#
# Equilibration sweeps:
#   Iter        Block energy     Block OrbE     Walltime
#     0      -5.206564613e+00        -        4.59e-01 
#     1      -5.286227226e+00     -5.988029763e-02     1.04e+00 
#     2      -5.297002316e+00     -5.958413705e-02     1.41e+00 
#     3      -5.247834682e+00     -2.192729898e-02     1.43e+00 
#     4      -5.240888596e+00     -1.904615574e-02     1.45e+00 
#     5      -5.272199631e+00     -3.547317162e-02     1.47e+00 
#
# Sampling sweeps:
#  Iter        Mean energy          Stochastic error          OrbitalEnergy          OrbEStochError          Walltime
     0      -5.273379803e+00                -              -1.107043959e-02        -       1.80e+00 
     1      -5.248010311e+00                -              -9.911753584e-03        -       1.81e+00 
     2      -5.237424430e+00                -              -7.951684134e-03        -       1.82e+00 
     3      -5.241376816e+00                -              -1.524616183e-02        -       1.83e+00 
     4      -5.247351526e+00                -              -1.445113612e-02        -       1.83e+00 
     5      -5.244679767e+00        1.107216154e-02        -1.423639118e-02        5.196300747e-03        1.84e+00 
     6      -5.244384678e+00        9.222673698e-03        -1.675956994e-02        5.102277023e-03        1.84e+00 
     7      -5.250854798e+00        1.046858698e-02        -1.691808648e-02        4.372935840e-03        1.85e+00 
     8      -5.250489268e+00        9.168837751e-03        -1.811558866e-02        4.049928796e-03        1.85e+00 
     9      -5.258043445e+00        1.135928513e-02        -2.557575991e-02        1.012121751e-02        1.86e+00 
#
# Number of large deviations: 0
# Number of outliers in post: 0 
#
# Mean: -5.25804345e+00
# Block size    # of blocks         Mean                Error
      1               10       -5.25804329e+00       1.135929e-02
      2                5       -5.25804377e+00       1.009624e-02
      3                3       -5.25048971e+00       8.729793e-03
# Stocahstic error estimate: 1.135929e-02
#
#
# Mean: -2.55757599e-02
# Block size    # of blocks         Mean                Error
      1               10       -2.55757589e-02       8.600373e-03
      2                5       -2.55757608e-02       1.012122e-02
      3                3       -1.81155894e-02       6.475667e-03
# Stocahstic error estimate: 1.012122e-02
#
AFQMC energy: -5.26 +/- 0.01

orbE energy: -0.03 +/- 0.01

ph_afqmc walltime: 1.8581998348236084
