# Hostname: sharmagroup-rn
# System Type: Linux
# Machine Type: x86_64
# Processor: x86_64
# Using Local Natural Orbital Approximation
# Number of MPI ranks: 1
#
# norb: 6
# nelec: (2, 2)
#
# n_eql: 5
# n_ene_blocks: 1
# n_sr_blocks: 10
# n_blocks: 10
# n_walkers: 1
# seed: 98
# walker_type: rhf
# trial: rhf
# dt: 0.005
# orbE: 1
# prjlo: [[9.02056208e-17 1.00000000e+00]]
# maxError: 0.0004472135954999579
# LNO: True
# use_gpu: False
# n_exp_terms: 6
# n_prop_steps: 50
# orbital_rotation: True
# do_sr: True
# symmetry: False
# save_walkers: False
# ene0: 0.0
# free_projection: False
# n_batch: 1
#
# Equilibration sweeps:
#   Iter        Block energy     Block OrbE     Walltime
#     0      -5.206564613e+00        -        4.73e-01 
#     1      -5.260581017e+00     -1.865711063e-02     1.06e+00 
#     2      -5.252849102e+00     -2.456711791e-02     1.41e+00 
#     3      -5.232214451e+00     -1.538410876e-02     1.44e+00 
#     4      -5.234220505e+00     -1.776133291e-02     1.46e+00 
#     5      -5.259847641e+00     -3.696545586e-02     1.48e+00 
#
# Sampling sweeps:
#  Iter        Mean energy          Stochastic error          OrbitalEnergy          OrbEStochError          Walltime
     0      -5.272680283e+00                -              -5.962166563e-02        -       1.81e+00 
     1      -5.250127066e+00                -              -3.835316705e-02        -       1.82e+00 
     2      -5.242192049e+00                -              -2.960619035e-02        -       1.83e+00 
     3      -5.243214398e+00                -              -2.635631595e-02        -       1.84e+00 
     4      -5.256102703e+00                -              -3.556790392e-02        -       1.85e+00 
     5      -5.251351914e+00        1.467681758e-02        -3.184659453e-02        1.198786979e-02        1.85e+00 
     6      -5.246732116e+00        1.321350416e-02        -2.790413096e-02        1.086309066e-02        1.86e+00 
     7      -5.248745005e+00        1.152156943e-02        -3.006462584e-02        9.586915925e-03        1.86e+00 
     8      -5.245604003e+00        1.061936148e-02        -2.747455290e-02        8.828399631e-03        1.87e+00 
     9      -5.243762847e+00        9.631283917e-03        -2.660194277e-02        7.897414730e-03        1.87e+00 
#
# Number of large deviations: 0
# Number of outliers in post: 1 
#
# Mean: -5.23667839e+00
# Block size    # of blocks         Mean                Error
      1                9       -5.23667908e+00       6.854944e-03
      2                4       -5.23785734e+00       6.479474e-03
      3                3       -5.23667860e+00       3.963641e-03
# Stocahstic error estimate: 6.854944e-03
#
#
# Mean: -2.15222049e-02
# Block size    # of blocks         Mean                Error
      1                9       -2.15222072e-02       6.537582e-03
      2                4       -2.18636319e-02       7.573197e-03
      3                3       -2.15222072e-02       6.561793e-03
# Stocahstic error estimate: 7.573197e-03
#
AFQMC energy: -5.237 +/- 0.007

orbE energy: -0.022 +/- 0.008

ph_afqmc walltime: 1.8741765022277832
