# Hostname: sharmagroup-rn
# System Type: Linux
# Machine Type: x86_64
# Processor: x86_64
# Using GPU.
# System: Linux
# Node Name: sharmagroup-rn
# Release: 6.14.0-35-generic
# Version: #35~24.04.1-Ubuntu SMP PREEMPT_DYNAMIC Tue Oct 14 13:55:17 UTC 2
# Machine: x86_64
# Processor: x86_64
# Hostname: sharmagroup-rn
# System Type: Linux
# Machine Type: x86_64
# Processor: x86_64
# Using GPU.
# System: Linux
# Node Name: sharmagroup-rn
# Release: 6.14.0-35-generic
# Version: #35~24.04.1-Ubuntu SMP PREEMPT_DYNAMIC Tue Oct 14 13:55:17 UTC 2
# Machine: x86_64
# Processor: x86_64
# Number of MPI ranks: 1
#
# norb: 15
# nelec: (3, 3)
#
# n_eql: 4
# n_prop_steps: 10
# n_ene_blocks: 1
# n_sr_blocks: 5
# n_blocks: 50
# n_walkers: 200
# seed: 462
# walker_type: rhf
# trial: cisd_ad
# dt: 0.005
# free_projection: False
# use_gpu: True
# n_exp_terms: 6
# orbital_rotation: True
# do_sr: True
# symmetry: False
# save_walkers: False
# ene0: 0.0
# n_batch: 1
#
# 

# Propagating with 200 walkers
# Equilibration sweeps:
#   Iter 	 Energy 	 E_orbital 	 O_orbital 	 Walltime
      0 	 -5.355380 	 -0.044981 	 1.000000 	 2.72
      1 	 -5.455413 	 -0.049521 	 0.913714 	 14.06 
      2 	 -5.461702 	 -0.050051 	 0.905424 	 25.05 
      3 	 -5.462822 	 -0.049995 	 0.904105 	 33.71 
      4 	 -5.461524 	 -0.049812 	 0.905466 	 42.38 
#
# Sampling sweeps:
#  Iter 	 Energy 	 error 	 E_orb 	 error 	 O_orb 	 error 	 Walltime
     5 	 -5.470899 	   None   	  -0.050775 	   None   	 0.894264 	   None   	  49.52
    10 	 -5.462822 	   None   	  -0.050149 	   None   	 0.900538 	   None   	  53.45
    15 	 -5.462659 	   None   	  -0.050133 	   None   	 0.901316 	   None   	  57.38
    20 	 -5.461735 	 0.004672 	  -0.050080 	 0.000334 	 0.902613 	 0.003816 	  61.34
    25 	 -5.460033 	 0.003854 	  -0.049950 	 0.000281 	 0.904251 	   None   	  65.28
    30 	 -5.460337 	 0.003084 	  -0.049957 	 0.000225 	 0.904319 	   None   	  69.21
    35 	 -5.459839 	 0.002593 	  -0.049870 	 0.000203 	 0.905187 	   None   	  73.15
    40 	 -5.460586 	 0.002279 	  -0.049943 	 0.000182 	 0.905068 	 0.003920 	  77.09
    45 	 -5.460881 	 0.002033 	  -0.049944 	 0.000160 	 0.905046 	 0.002181 	  81.08
# Number of outliers in post: 0 
#
# Mean: -5.46106159e+00
# Block size    # of blocks         Mean                Error
      1               50       -5.46106195e+00       9.891463e-04
      2               25       -5.46106195e+00       1.317937e-03
      3               16       -5.46115303e+00       1.624221e-03
      5               10       -5.46106148e+00       1.821701e-03
     10                5       -5.46106195e+00       1.300000e-03
     15                3       -5.46084261e+00       1.846215e-03
     20                2       -5.46047068e+00       1.856822e-03
# Stocahstic error estimate: 1.821701e-03
#
#
# Mean: -4.99159834e-02
# Block size    # of blocks         Mean                Error
      1               50       -4.99159805e-02       8.591704e-05
      2               25       -4.99159880e-02       1.130363e-04
      3               16       -4.99417372e-02       1.306904e-04
      5               10       -4.99159768e-02       1.462795e-04
     10                5       -4.99159880e-02       9.682558e-05
     15                3       -4.99488562e-02       1.089490e-04
     20                2       -4.99367155e-02       2.086796e-04
# Stocahstic error estimate: 1.462795e-04
#
#
# Mean: 9.05141711e-01
# Block size    # of blocks         Mean                Error
      1               50       9.05141652e-01       7.926849e-04
      2               25       9.05141771e-01       1.080262e-03
      3               16       9.04990852e-01       1.311069e-03
      5               10       9.05141652e-01       1.589457e-03
     10                5       9.05141771e-01       1.619769e-03
     15                3       9.05037642e-01       2.180786e-03
     20                2       9.05122697e-01       3.737119e-03
# Stocahstic error estimate: 1.619769e-03
#
Final Results:
AFQMC/HF energy: -5.461062 +/- 0.001822
AFQMC/CISD E_Orbital: -0.049916 +/- 0.000146
AFQMC/CISD Olp_Orbital: 0.905142 +/- 0.001620
total run time: 84.23
