

******** <class 'pyscf.df.df_jk.density_fit.<locals>.DensityFitting'> ********
method = DensityFitting-RHF
initial guess = minao
damping factor = 0
level_shift factor = 0
DIIS = <class 'pyscf.scf.diis.CDIIS'>
diis_start_cycle = 1
diis_space = 8
SCF conv_tol = 1e-09
SCF conv_tol_grad = None
SCF max_cycles = 50
direct_scf = True
direct_scf_tol = 1e-13
chkfile to save SCF result = /scratch/alpine/joku8258/TEMP/tmpjyyjq9po
max_memory 4000 MB (current use 151 MB)
Set gradient conv threshold to 3.16228e-05
******** <class 'pyscf.df.df.DF'> ********
auxbasis = None
max_memory = 4000
_cderi_to_save = /scratch/alpine/joku8258/TEMP/tmpsvb70lr9
Default auxbasis cc-pvdz-jkfit is used for H cc-pvdz
Default auxbasis cc-pvdz-jkfit is used for O cc-pvdz
init E= -151.748572442519
  HOMO = -0.477084982132793  LUMO = 0.0790848106374035
cycle= 1 E= -151.992406725414  delta_E= -0.244  |g|= 0.602  |ddm|= 1.84
  HOMO = -0.375259607279109  LUMO = 0.162231585691646
cycle= 2 E= -152.047011302177  delta_E= -0.0546  |g|= 0.297  |ddm|= 0.498
  HOMO = -0.467295468503355  LUMO = 0.158296548371237
cycle= 3 E= -152.062085600472  delta_E= -0.0151  |g|= 0.0377  |ddm|= 0.177
  HOMO = -0.46049648707029  LUMO = 0.163702889467536
cycle= 4 E= -152.062458994367  delta_E= -0.000373  |g|= 0.00824  |ddm|= 0.0277
  HOMO = -0.461922852179604  LUMO = 0.163908238114265
cycle= 5 E= -152.062489578684  delta_E= -3.06e-05  |g|= 0.00151  |ddm|= 0.0108
  HOMO = -0.462472139233189  LUMO = 0.163902398442795
cycle= 6 E= -152.062490525435  delta_E= -9.47e-07  |g|= 0.000679  |ddm|= 0.00198
  HOMO = -0.46236592906647  LUMO = 0.163873144450523
cycle= 7 E= -152.062490640663  delta_E= -1.15e-07  |g|= 0.000116  |ddm|= 0.000588
  HOMO = -0.462398758253761  LUMO = 0.163879991649425
cycle= 8 E= -152.062490646854  delta_E= -6.19e-09  |g|= 1.06e-05  |ddm|= 0.000191
  HOMO = -0.462398105193127  LUMO = 0.163879975798096
cycle= 9 E= -152.062490646921  delta_E= -6.75e-11  |g|= 3.39e-06  |ddm|= 1.79e-05
  HOMO = -0.46239791738309  LUMO = 0.163880104626944
Extra cycle  E= -152.062490646928  delta_E= -6.65e-12  |g|= 1.53e-06  |ddm|= 4.9e-06
converged SCF energy = -152.062490646928

******** <class 'pyscf.mp.dfmp2.DFMP2'> ********
nocc = 8, nmo = 46
frozen orbitals 2
max_memory 4000 MB (current use 173 MB)
E(DFMP2) = -152.468589630778  E_corr = -0.406098983849806

******** <class 'pyscf.cc.dfccsd.RCCSD'> ********
CC2 = 0
CCSD nocc = 8, nmo = 46
frozen orbitals 2
max_cycle = 50
direct = 0
conv_tol = 1e-07
conv_tol_normt = 1e-05
diis_space = 6
diis_start_cycle = 0
diis_start_energy_diff = 1e+09
max_memory 4000 MB (current use 178 MB)
Init t2, MP2 energy = -152.468589637594  E_corr(MP2) -0.406098990666062
    CPU time for init mp2      0.00 sec, wall time      0.00 sec
Init E_corr(CCSD) = -0.406098990667146
cycle = 1  E_corr(CCSD) = -0.415660240743878  dE = -0.00956125008  norm(t1,t2) = 0.0318377
    CPU time for CCSD iter      0.20 sec, wall time      0.10 sec
cycle = 2  E_corr(CCSD) = -0.422308202405192  dE = -0.00664796166  norm(t1,t2) = 0.0104712
    CPU time for CCSD iter      0.20 sec, wall time      0.10 sec
cycle = 3  E_corr(CCSD) = -0.42422180309671  dE = -0.00191360069  norm(t1,t2) = 0.00410778
    CPU time for CCSD iter      0.21 sec, wall time      0.10 sec
cycle = 4  E_corr(CCSD) = -0.424651132554166  dE = -0.000429329457  norm(t1,t2) = 0.000990323
    CPU time for CCSD iter      0.21 sec, wall time      0.10 sec
cycle = 5  E_corr(CCSD) = -0.424630569287512  dE = 2.05632667e-05  norm(t1,t2) = 0.000272472
    CPU time for CCSD iter      0.21 sec, wall time      0.10 sec
cycle = 6  E_corr(CCSD) = -0.424618589358146  dE = 1.19799294e-05  norm(t1,t2) = 8.56129e-05
    CPU time for CCSD iter      0.21 sec, wall time      0.10 sec
cycle = 7  E_corr(CCSD) = -0.424618594448202  dE = -5.09005621e-09  norm(t1,t2) = 3.72879e-05
    CPU time for CCSD iter      0.21 sec, wall time      0.11 sec
cycle = 8  E_corr(CCSD) = -0.424619919746231  dE = -1.32529803e-06  norm(t1,t2) = 1.29161e-05
    CPU time for CCSD iter      0.20 sec, wall time      0.10 sec
cycle = 9  E_corr(CCSD) = -0.424619434759316  dE = 4.84986915e-07  norm(t1,t2) = 4.44845e-06
    CPU time for CCSD iter      0.31 sec, wall time      0.16 sec
cycle = 10  E_corr(CCSD) = -0.424619403939307  dE = 3.08200088e-08  norm(t1,t2) = 1.47199e-06
    CPU time for CCSD iter      0.44 sec, wall time      0.23 sec
    CPU time for CCSD      2.39 sec, wall time      1.21 sec
RCCSD converged
E(RCCSD) = -152.4871100508674  E_corr = -0.4246194039393068
CCSD(T) correction = -0.00643879006916964

******** <class 'lno.afqmc.afqmc.LNOAFQMC'> ********
nocc = 8, nmo = 46
frozen orbitals 2
max_memory 4000 MB (current use 201 MB)
thresh_occ = 1.000000e-03
thresh_vir = 1.000000e-04
force_outcore_ao2mo = True
no_type = ie
Constructing LOs
lo_type = pm
LOs span exactly the occupied space.
Using single-LO fragment
nfrag = 8  nlo = 8
frag_atmlist = None
frag_lolist = [[0], [1], [2], [3], [4], [5], [6], [7]]
frag_wghtlist = [1. 1. 1. 1. 1. 1. 1. 1.]
frag_nonvlist = None
    CPU time for LO and fragment        1.15 sec, wall time      0.64 sec
ao2mo est mem= 1.08 MB  avail mem= 3793.69 MB
Lov is saved to /scratch/alpine/joku8258/TEMP/tmpcyytk5kg
    CPU time for transforming DF-MP2 integrals      0.00 sec, wall time      0.00 sec
    CPU time for Integral xform         0.02 sec, wall time      0.01 sec
    CPU time for make pno               0.00 sec, wall time      0.00 sec
Solving impurity problem
DQMC root:  /projects/joku8258/software/alpine_software/Dice

Preparing AFQMC calculation
Calculating Cholesky integrals
Finished calculating Cholesky integrals

Size of the correlation space:
Number of electrons: (4, 4)
Number of basis functions: 13
Number of Cholesky vectors: 91

Starting AFQMC / MF calculation
**************************************************************
Input file  :
**************************************************************
{
    "system": {
        "integrals": "FCIDUMP_chol"
    },
    "wavefunction": {
        "left": "rhf",
        "right": "rhf"
    },
    "sampling": {
        "seed": "1234",
        "phaseless": "true",
        "dt": "0.005",
        "nsteps": "50",
        "nwalk": "20",
        "stochasticIter": "500",
        "choleskyThreshold": "0.0005",
        "orthoSteps": "20",
        "orbitalE": "3",
        "maxError": "0.00035355339059327376",
        "burnIter": "50"
    },
    "print": ""
}

   Iter        Mean energy          Stochastic error       Walltime         Orbital Energy
     0      -1.520625105e+02              -                1.47e-03        0.000000000e+00 
   100      -1.522342804e+02        8.079704078e-03        1.66e+00        -4.331229900e-02         2.256054915e-03
   200      -1.522309403e+02        3.576621454e-03        3.34e+00        -4.114095325e-02         1.119062422e-03
   300      -1.522337391e+02        3.330232266e-03        5.02e+00        -4.132164888e-02         8.818441252e-04
   400      -1.522338883e+02        2.736247859e-03        6.71e+00        -4.129455228e-02         7.404270115e-04

Total calculation time:  8.5172 s

Blocking analysis:
Number of samples: 450
Mean energy: -4.14106559e-02
Block size    # of blocks        Mean                Error
     1            450       -4.14106559e-02       4.681340e-04
     2            225       -4.14106559e-02       5.650639e-04
     5             90       -4.14106559e-02       6.521242e-04
    10             45       -4.14106559e-02       6.180447e-04
    20             22       -4.12278102e-02       5.930318e-04
    50              9       -4.14106559e-02       7.431296e-04
    70              6       -4.11223086e-02       6.999552e-04
   100              4       -4.11147937e-02       1.044956e-03
   200              2       -4.11147937e-02       7.044119e-04
Stochastic error estimate: 0.000652124
Initial Orbital Energy: 0
Cholesky error: 0
Finished AFQMC / MF calculation

AFQMC energy: -0.0414 +/- 0.0007

    CPU time for imp sol                0.38 sec, wall time      9.02 sec
    CPU time for Fragment 1             0.38 sec, wall time      9.02 sec
Fragment 1  E_corr(MP2) = -0.03920495406406234  E_corr(AFQMC) = -0.0414106559  E_corr(CCSD(T)) = 0
    CPU time for make pno               0.01 sec, wall time      0.00 sec
Solving impurity problem
DQMC root:  /projects/joku8258/software/alpine_software/Dice

Preparing AFQMC calculation
Calculating Cholesky integrals
Finished calculating Cholesky integrals

Size of the correlation space:
Number of electrons: (4, 4)
Number of basis functions: 14
Number of Cholesky vectors: 104

Starting AFQMC / MF calculation
**************************************************************
Input file  :
**************************************************************
{
    "system": {
        "integrals": "FCIDUMP_chol"
    },
    "wavefunction": {
        "left": "rhf",
        "right": "rhf"
    },
    "sampling": {
        "seed": "1234",
        "phaseless": "true",
        "dt": "0.005",
        "nsteps": "50",
        "nwalk": "20",
        "stochasticIter": "500",
        "choleskyThreshold": "0.0005",
        "orthoSteps": "20",
        "orbitalE": "3",
        "maxError": "0.00035355339059327376",
        "burnIter": "50"
    },
    "print": ""
}

   Iter        Mean energy          Stochastic error       Walltime         Orbital Energy
     0      -1.520625096e+02              -                1.03e-03        0.000000000e+00 
   100      -1.522528377e+02        7.430398192e-03        1.79e+00        -5.304502533e-02         2.581758722e-03
   200      -1.522418406e+02        3.601009889e-03        3.61e+00        -5.059092489e-02         1.122205211e-03
   300      -1.522395694e+02        2.591696967e-03        5.42e+00        -4.962622425e-02         1.053719186e-03
   400      -1.522396281e+02        2.191949019e-03        7.23e+00        -4.968521177e-02         9.938081365e-04

Total calculation time:  9.16558 s

Blocking analysis:
Number of samples: 450
Mean energy: -5.02380302e-02
Block size    # of blocks        Mean                Error
     1            450       -5.02380302e-02       5.478327e-04
     2            225       -5.02380302e-02       6.644206e-04
     5             90       -5.02380302e-02       7.858879e-04
    10             45       -5.02380302e-02       9.125122e-04
    20             22       -5.00308776e-02       9.290171e-04
    50              9       -5.02380302e-02       9.962060e-04
    70              6       -5.02857822e-02       1.084979e-03
   100              4       -5.04845423e-02       1.513554e-03
   200              2       -5.04845423e-02       5.982476e-04
Stochastic error estimate: 0.000929017
Initial Orbital Energy: 0
Cholesky error: -0.000487594
Finished AFQMC / MF calculation

AFQMC energy: -0.0502 +/- 0.0009

    CPU time for imp sol                0.37 sec, wall time      9.63 sec
    CPU time for Fragment 2             0.41 sec, wall time      9.66 sec
Fragment 2  E_corr(MP2) = -0.047165545154796235  E_corr(AFQMC) = -0.0502380302  E_corr(CCSD(T)) = 0
    CPU time for make pno               0.01 sec, wall time      0.00 sec
Solving impurity problem
DQMC root:  /projects/joku8258/software/alpine_software/Dice

Preparing AFQMC calculation
Calculating Cholesky integrals
Finished calculating Cholesky integrals

Size of the correlation space:
Number of electrons: (4, 4)
Number of basis functions: 17
Number of Cholesky vectors: 143

Starting AFQMC / MF calculation
**************************************************************
Input file  :
**************************************************************
{
    "system": {
        "integrals": "FCIDUMP_chol"
    },
    "wavefunction": {
        "left": "rhf",
        "right": "rhf"
    },
    "sampling": {
        "seed": "1234",
        "phaseless": "true",
        "dt": "0.005",
        "nsteps": "50",
        "nwalk": "20",
        "stochasticIter": "500",
        "choleskyThreshold": "0.0005",
        "orthoSteps": "20",
        "orbitalE": "3",
        "maxError": "0.00035355339059327376",
        "burnIter": "50"
    },
    "print": ""
}

   Iter        Mean energy          Stochastic error       Walltime         Orbital Energy
     0      -1.520625078e+02              -                1.07e-03        0.000000000e+00 
   100      -1.522659028e+02              -                2.54e+00         -6.220833699e-02         -1.000000000e+00
   200      -1.522640561e+02        4.347306148e-03        5.09e+00        -6.141765808e-02         1.279627407e-03
   300      -1.522614531e+02        2.905575840e-03        7.72e+00        -6.035378974e-02         8.938133770e-04
   400      -1.522608254e+02        2.410680671e-03        1.03e+01        -6.026547968e-02         7.418246198e-04

Total calculation time:  12.9667 s

Blocking analysis:
Number of samples: 450
Mean energy: -6.08328750e-02
Block size    # of blocks        Mean                Error
     1            450       -6.08328750e-02       5.444150e-04
     2            225       -6.08328750e-02       6.576018e-04
     5             90       -6.08328750e-02       8.032411e-04
    10             45       -6.08328750e-02       7.607077e-04
    20             22       -6.07411367e-02       8.438112e-04
    50              9       -6.08328750e-02       7.995459e-04
    70              6       -6.02123027e-02       6.872212e-04
   100              4       -6.05376971e-02       8.649206e-04
   200              2       -6.05376971e-02       8.740867e-04
Stochastic error estimate: 0.000803241
Initial Orbital Energy: 0
Cholesky error: -0.000268683
Finished AFQMC / MF calculation

AFQMC energy: -0.0608 +/- 0.0008

    CPU time for imp sol                0.38 sec, wall time     13.45 sec
    CPU time for Fragment 3             0.42 sec, wall time     13.48 sec
Fragment 3  E_corr(MP2) = -0.056745344557515696  E_corr(AFQMC) = -0.060832875  E_corr(CCSD(T)) = 0
    CPU time for make pno               0.01 sec, wall time      0.00 sec
Solving impurity problem
DQMC root:  /projects/joku8258/software/alpine_software/Dice

Preparing AFQMC calculation
Calculating Cholesky integrals
Finished calculating Cholesky integrals

Size of the correlation space:
Number of electrons: (4, 4)
Number of basis functions: 15
Number of Cholesky vectors: 117

Starting AFQMC / MF calculation
**************************************************************
Input file  :
**************************************************************
{
    "system": {
        "integrals": "FCIDUMP_chol"
    },
    "wavefunction": {
        "left": "rhf",
        "right": "rhf"
    },
    "sampling": {
        "seed": "1234",
        "phaseless": "true",
        "dt": "0.005",
        "nsteps": "50",
        "nwalk": "20",
        "stochasticIter": "500",
        "choleskyThreshold": "0.0005",
        "orthoSteps": "20",
        "orbitalE": "3",
        "maxError": "0.00035355339059327376",
        "burnIter": "50"
    },
    "print": ""
}

   Iter        Mean energy          Stochastic error       Walltime         Orbital Energy
     0      -1.520625081e+02              -                1.02e-03        0.000000000e+00 
   100      -1.522486535e+02        4.847181201e-03        1.96e+00        -5.400109291e-02         -1.000000000e+00
   200      -1.522546993e+02        4.593601313e-03        3.96e+00        -5.524026957e-02         1.695189676e-03
   300      -1.522536560e+02        3.750050537e-03        5.96e+00        -5.552197204e-02         1.712014029e-03
   400      -1.522509815e+02        3.381369881e-03        7.95e+00        -5.465931136e-02         1.387800229e-03

Total calculation time:  10.0929 s

Blocking analysis:
Number of samples: 450
Mean energy: -5.41031596e-02
Block size    # of blocks        Mean                Error
     1            450       -5.41031596e-02       5.967235e-04
     2            225       -5.41031596e-02       7.223924e-04
     5             90       -5.41031596e-02       9.124897e-04
    10             45       -5.41031596e-02       1.035111e-03
    20             22       -5.43609934e-02       1.183475e-03
    50              9       -5.41031596e-02       1.038904e-03
    70              6       -5.45980416e-02       9.944625e-04
   100              4       -5.48444309e-02       2.684850e-04
   200              2       -5.48444309e-02       8.746851e-05
Stochastic error estimate: 0.00118348
Initial Orbital Energy: 0
Cholesky error: -4.53026e-05
Finished AFQMC / MF calculation

AFQMC energy: -0.054 +/- 0.001

    CPU time for imp sol                0.37 sec, wall time     10.57 sec
    CPU time for Fragment 4             0.41 sec, wall time     10.60 sec
Fragment 4  E_corr(MP2) = -0.04907571704496666  E_corr(AFQMC) = -0.0541031596  E_corr(CCSD(T)) = 0
    CPU time for make pno               0.01 sec, wall time      0.00 sec
Solving impurity problem
DQMC root:  /projects/joku8258/software/alpine_software/Dice

Preparing AFQMC calculation
Calculating Cholesky integrals
Finished calculating Cholesky integrals

Size of the correlation space:
Number of electrons: (4, 4)
Number of basis functions: 13
Number of Cholesky vectors: 91

Starting AFQMC / MF calculation
**************************************************************
Input file  :
**************************************************************
{
    "system": {
        "integrals": "FCIDUMP_chol"
    },
    "wavefunction": {
        "left": "rhf",
        "right": "rhf"
    },
    "sampling": {
        "seed": "1234",
        "phaseless": "true",
        "dt": "0.005",
        "nsteps": "50",
        "nwalk": "20",
        "stochasticIter": "500",
        "choleskyThreshold": "0.0005",
        "orthoSteps": "20",
        "orbitalE": "3",
        "maxError": "0.00035355339059327376",
        "burnIter": "50"
    },
    "print": ""
}

   Iter        Mean energy          Stochastic error       Walltime         Orbital Energy
     0      -1.520625104e+02              -                1.02e-03        0.000000000e+00 
   100      -1.522461143e+02              -                1.63e+00         -4.582563833e-02         -1.000000000e+00
   200      -1.522480633e+02        5.262075343e-03        3.28e+00        -4.714808409e-02         1.447359446e-03
   300      -1.522465061e+02        3.741941110e-03        4.94e+00        -4.792410960e-02         1.095595824e-03
   400      -1.522473724e+02        2.998779529e-03        6.59e+00        -4.757809499e-02         8.092991693e-04

Total calculation time:  8.36922 s

Blocking analysis:
Number of samples: 450
Mean energy: -4.76997842e-02
Block size    # of blocks        Mean                Error
     1            450       -4.76997842e-02       4.532980e-04
     2            225       -4.76997842e-02       5.413046e-04
     5             90       -4.76997842e-02       6.377715e-04
    10             45       -4.76997842e-02       6.948208e-04
    20             22       -4.76412030e-02       6.578109e-04
    50              9       -4.76997842e-02       4.764997e-04
    70              6       -4.77135395e-02       3.982759e-04
   100              4       -4.76368750e-02       7.917886e-05
   200              2       -4.76368750e-02       3.975015e-05
Stochastic error estimate: 0.000694821
Initial Orbital Energy: 0
Cholesky error: -0.0003814
Finished AFQMC / MF calculation

AFQMC energy: -0.0477 +/- 0.0007

    CPU time for imp sol                0.36 sec, wall time      8.84 sec
    CPU time for Fragment 5             0.39 sec, wall time      8.86 sec
Fragment 5  E_corr(MP2) = -0.047276919846187246  E_corr(AFQMC) = -0.0476997842  E_corr(CCSD(T)) = 0
    CPU time for make pno               0.01 sec, wall time      0.00 sec
Solving impurity problem
DQMC root:  /projects/joku8258/software/alpine_software/Dice

Preparing AFQMC calculation
Calculating Cholesky integrals
Finished calculating Cholesky integrals

Size of the correlation space:
Number of electrons: (4, 4)
Number of basis functions: 13
Number of Cholesky vectors: 89

Starting AFQMC / MF calculation
**************************************************************
Input file  :
**************************************************************
{
    "system": {
        "integrals": "FCIDUMP_chol"
    },
    "wavefunction": {
        "left": "rhf",
        "right": "rhf"
    },
    "sampling": {
        "seed": "1234",
        "phaseless": "true",
        "dt": "0.005",
        "nsteps": "50",
        "nwalk": "20",
        "stochasticIter": "500",
        "choleskyThreshold": "0.0005",
        "orthoSteps": "20",
        "orbitalE": "3",
        "maxError": "0.00035355339059327376",
        "burnIter": "50"
    },
    "print": ""
}

   Iter        Mean energy          Stochastic error       Walltime         Orbital Energy
     0      -1.520625094e+02              -                1.21e-03        0.000000000e+00 
   100      -1.522458463e+02        4.909973049e-03        1.61e+00        -4.590251154e-02         1.408747990e-03
   200      -1.522483110e+02        3.441387634e-03        3.24e+00        -4.561055823e-02         9.141959986e-04
   300      -1.522485457e+02        2.447402173e-03        4.87e+00        -4.527271239e-02         6.805168213e-04
   400      -1.522469676e+02        1.967404741e-03        6.50e+00        -4.527552978e-02         5.609618134e-04

Total calculation time:  8.26937 s

Blocking analysis:
Number of samples: 450
Mean energy: -4.51335603e-02
Block size    # of blocks        Mean                Error
     1            450       -4.51335603e-02       4.168454e-04
     2            225       -4.51335603e-02       4.832467e-04
     5             90       -4.51335603e-02       4.902140e-04
    10             45       -4.51335603e-02       4.962465e-04
    20             22       -4.50860849e-02       3.283503e-04
    50              9       -4.51335603e-02       3.583643e-04
    70              6       -4.51219834e-02       2.608750e-04
   100              4       -4.51949888e-02       2.383439e-04
   200              2       -4.51949888e-02       1.278719e-04
Stochastic error estimate: 0.000490214
Initial Orbital Energy: 0
Cholesky error: -0.000213188
Finished AFQMC / MF calculation

AFQMC energy: -0.0451 +/- 0.0005

    CPU time for imp sol                0.41 sec, wall time      8.97 sec
    CPU time for Fragment 6             0.45 sec, wall time      9.00 sec
Fragment 6  E_corr(MP2) = -0.04289118483730811  E_corr(AFQMC) = -0.0451335603  E_corr(CCSD(T)) = 0
    CPU time for make pno               0.01 sec, wall time      0.00 sec
Solving impurity problem
DQMC root:  /projects/joku8258/software/alpine_software/Dice

Preparing AFQMC calculation
Calculating Cholesky integrals
Finished calculating Cholesky integrals

Size of the correlation space:
Number of electrons: (4, 4)
Number of basis functions: 13
Number of Cholesky vectors: 91

Starting AFQMC / MF calculation
**************************************************************
Input file  :
**************************************************************
{
    "system": {
        "integrals": "FCIDUMP_chol"
    },
    "wavefunction": {
        "left": "rhf",
        "right": "rhf"
    },
    "sampling": {
        "seed": "1234",
        "phaseless": "true",
        "dt": "0.005",
        "nsteps": "50",
        "nwalk": "20",
        "stochasticIter": "500",
        "choleskyThreshold": "0.0005",
        "orthoSteps": "20",
        "orbitalE": "3",
        "maxError": "0.00035355339059327376",
        "burnIter": "50"
    },
    "print": ""
}

   Iter        Mean energy          Stochastic error       Walltime         Orbital Energy
     0      -1.520625102e+02              -                9.94e-04        0.000000000e+00 
   100      -1.522435643e+02        1.116651224e-02        1.64e+00        -4.661976529e-02         2.875886270e-03
   200      -1.522466202e+02        5.401963437e-03        3.31e+00        -4.751222385e-02         1.296713667e-03
   300      -1.522489080e+02        3.773115028e-03        4.97e+00        -4.931513035e-02         1.824384381e-03
   400      -1.522483368e+02        2.970777954e-03        6.63e+00        -4.879572141e-02         1.040346412e-03

Total calculation time:  8.41432 s

Blocking analysis:
Number of samples: 450
Mean energy: -4.87074366e-02
Block size    # of blocks        Mean                Error
     1            450       -4.87074366e-02       4.766398e-04
     2            225       -4.87074366e-02       5.639494e-04
     5             90       -4.87074366e-02       6.521056e-04
    10             45       -4.87074366e-02       7.350647e-04
    20             22       -4.85995903e-02       7.363957e-04
    50              9       -4.87074366e-02       7.821666e-04
    70              6       -4.87143130e-02       7.426768e-04
   100              4       -4.87233190e-02       3.519449e-04
   200              2       -4.87233190e-02       3.964338e-05
Stochastic error estimate: 0.000736396
Initial Orbital Energy: 0
Cholesky error: -0.000371394
Finished AFQMC / MF calculation

AFQMC energy: -0.0487 +/- 0.0007

    CPU time for imp sol                0.36 sec, wall time      8.87 sec
    CPU time for Fragment 7             0.39 sec, wall time      8.91 sec
Fragment 7  E_corr(MP2) = -0.047758371619500584  E_corr(AFQMC) = -0.0487074366  E_corr(CCSD(T)) = 0
    CPU time for make pno               0.01 sec, wall time      0.00 sec
Solving impurity problem
DQMC root:  /projects/joku8258/software/alpine_software/Dice

Preparing AFQMC calculation
Calculating Cholesky integrals
Finished calculating Cholesky integrals

Size of the correlation space:
Number of electrons: (4, 4)
Number of basis functions: 13
Number of Cholesky vectors: 89

Starting AFQMC / MF calculation
**************************************************************
Input file  :
**************************************************************
{
    "system": {
        "integrals": "FCIDUMP_chol"
    },
    "wavefunction": {
        "left": "rhf",
        "right": "rhf"
    },
    "sampling": {
        "seed": "1234",
        "phaseless": "true",
        "dt": "0.005",
        "nsteps": "50",
        "nwalk": "20",
        "stochasticIter": "500",
        "choleskyThreshold": "0.0005",
        "orthoSteps": "20",
        "orbitalE": "3",
        "maxError": "0.00035355339059327376",
        "burnIter": "50"
    },
    "print": ""
}

   Iter        Mean energy          Stochastic error       Walltime         Orbital Energy
     0      -1.520625094e+02              -                9.07e-04        0.000000000e+00 
   100      -1.522432376e+02              -                1.61e+00         -5.032678517e-02         -1.000000000e+00
   200      -1.522453125e+02        5.878976645e-03        3.25e+00        -5.141198285e-02         1.611797741e-03
   300      -1.522474954e+02        4.380744041e-03        4.89e+00        -5.204973076e-02         1.262734113e-03
   400      -1.522475354e+02        3.504473130e-03        6.52e+00        -5.194424268e-02         1.000432979e-03

Total calculation time:  8.27614 s

Blocking analysis:
Number of samples: 450
Mean energy: -5.16324454e-02
Block size    # of blocks        Mean                Error
     1            450       -5.16324454e-02       4.777883e-04
     2            225       -5.16324454e-02       5.729405e-04
     5             90       -5.16324454e-02       6.366606e-04
    10             45       -5.16324454e-02       7.897510e-04
    20             22       -5.16010808e-02       8.074338e-04
    50              9       -5.16324454e-02       4.990194e-04
    70              6       -5.17908326e-02       5.037998e-04
   100              4       -5.18372294e-02       7.548832e-04
   200              2       -5.18372294e-02       1.666392e-04
Stochastic error estimate: 0.000807434
Initial Orbital Energy: 0
Cholesky error: -0.000342356
Finished AFQMC / MF calculation

AFQMC energy: -0.0516 +/- 0.0008

    CPU time for imp sol                0.37 sec, wall time      8.75 sec
    CPU time for Fragment 8             0.40 sec, wall time      8.78 sec
Fragment 8  E_corr(MP2) = -0.051733639423811976  E_corr(AFQMC) = -0.0516324454  E_corr(CCSD(T)) = 0
    CPU time for LNOAFQMC               3.30 sec, wall time     78.34 sec
E(LNO-AFQMC) = -152.462248594128  E_corr = -0.3997579472
thresh = 1e-04  E_corr(AFQMC)     = -0.3997579472, 36.6628480142  rel(wrt CCSD) =   0.00%  diff =  0.0000000000
                E_corr(AFQMC+PT2) = -0.4240052545  rel =  99.86%  diff =  0.0006141494
