# Hostname: yichi-thinkpad
# System Type: Linux
# Machine Type: x86_64
# Processor: x86_64
# Number of MPI ranks: 5
#
# norb: 2
# nelec: (1, 1)
#
# n_eql: 2
# n_prop_steps: 50
# n_ene_blocks: 5
# n_sr_blocks: 5
# n_blocks: 20
# n_walkers: 30
# seed: 2
# walker_type: rhf
# trial: cisd
# dt: 0.005
# free_projection: False
# use_gpu: False
# n_exp_terms: 6
# orbital_rotation: True
# do_sr: True
# symmetry: False
# save_walkers: False
# n_batch: 1
# ene0: 0
# LNO: False
# orbE: 0
# maxError: 0.001
#
# Hostname: yichi-thinkpad
# System Type: Linux
# Machine Type: x86_64
# Processor: x86_64
# Equilibration sweeps:
#   Iter 	 energy 	 Walltime
      0 	 -1.096072 	 2.43
      1 	 -1.096170 	 5.82 
      2 	 -1.095947 	 9.10 
#
# Sampling sweeps:
#  Iter 	 energy 	 Walltime
     0 	 	 -1.096083 	   9.25
     2 	 	 -1.096220 	   14.64
     4 	 	 -1.096214 	   14.79
     6 	 	 -1.096150 	   14.92
     8 	 	 -1.096320 	   15.08
    10 	 	 -1.096114 	   15.21
    12 	 	 -1.096168 	   15.35
    14 	 	 -1.096015 	   15.48
    16 	 	 -1.096168 	   15.64
    18 	 	 -1.096154 	   15.76
# remove outliers:  0
Final Results:
AFQMC/CCSD_PT energy: -1.096168 +/- 0.000021
total run time: 15.83
