# Hostname: yichi-thinkpad
# System Type: Linux
# Machine Type: x86_64
# Processor: x86_64
# Hostname: yichi-thinkpad
# System Type: Linux
# Machine Type: x86_64
# Processor: x86_64
# Number of MPI ranks: 8
#
# norb: 16
# nelec: (8, 8)
#
# n_eql: 2
# n_prop_steps: 50
# n_ene_blocks: 5
# n_sr_blocks: 5
# n_blocks: 20
# n_walkers: 25
# seed: 2
# walker_type: rhf
# trial: ccsd_pt
# dt: 0.005
# free_projection: False
# use_gpu: False
# n_exp_terms: 6
# orbital_rotation: True
# do_sr: True
# symmetry: False
# save_walkers: False
# ene0: 0.0
# n_batch: 1
# LNO: False
# orbE: 0
# maxError: 0.001
#
# 

# Propagating with 200 walkers
# Equilibration sweeps:
#   Iter 	 energy 	 Walltime
      0 	 -8.768577 	 9.87
      1 	 -8.770648 	 35.38 
      2 	 -8.768781 	 59.51 
#
# Sampling sweeps:
#  Iter 	 energy 	 error 	 	 Walltime
     2 	 	 -8.767734 	 0.001694 	  110.59
     4 	 	 -8.768580 	 0.001194 	  123.57
     6 	 	 -8.769431 	 0.000935 	  136.52
     8 	 	 -8.769155 	 0.000909 	  149.45
    10 	 	 -8.768260 	 0.001023 	  162.36
    12 	 	 -8.768106 	 0.000894 	  175.37
    14 	 	 -8.768827 	 0.000839 	  188.56
    16 	 	 -8.769111 	 0.000755 	  201.60
    18 	 	 -8.768856 	 0.000707 	  214.77
# Number of outliers in post: 0 
Final Results1:
AFQMC/CCSD_PT energy: -8.768776 +/- 0.000675
# remove outliers:  0
Final Results2:
AFQMC/CCSD_PT energy: -8.768591 +/- 0.000828
total run time: 221.20
