# Hostname: yichi-thinkpad
# System Type: Linux
# Machine Type: x86_64
# Processor: x86_64
# Number of MPI ranks: 8
#
# norb: 16
# nelec: (8, 8)
#
# n_eql: 2
# n_prop_steps: 50
# n_ene_blocks: 5
# n_sr_blocks: 5
# n_blocks: 20
# n_walkers: 25
# seed: 2
# walker_type: uhf
# trial: ucisd
# dt: 0.005
# free_projection: False
# use_gpu: False
# n_exp_terms: 6
# orbital_rotation: True
# do_sr: True
# symmetry: False
# save_walkers: False
# n_batch: 1
# ene0: 0
# LNO: False
# orbE: 0
# maxError: 0.001
#
# Hostname: yichi-thinkpad
# System Type: Linux
# Machine Type: x86_64
# Processor: x86_64
# Equilibration sweeps:
#   Iter 	 energy 	 Walltime
      0 	 -8.768577 	 9.18
      1 	 -8.771006 	 23.65 
      2 	 -8.768288 	 38.31 
#
# Sampling sweeps:
#  Iter 	 energy 	 Walltime
     0 	 	 -8.778733 	   44.90
     2 	 	 -8.768398 	   75.97
     4 	 	 -8.768514 	   89.54
     6 	 	 -8.768407 	   101.80
     8 	 	 -8.767873 	   116.19
